Log file open, 02/25/23 12:43:00
LogWindows: Failed to load 'aqProf.dll' (GetLastError=126)
LogWindows: File 'aqProf.dll' does not exist
LogWindows: Failed to load 'VtuneApi.dll' (GetLastError=126)
LogWindows: File 'VtuneApi.dll' does not exist
LogWindows: Failed to load 'VtuneApi32e.dll' (GetLastError=126)
LogWindows: File 'VtuneApi32e.dll' does not exist
LogConsoleResponse: Display: Failed to find resolution value strings in scalability ini. Falling back to default.
LogConsoleResponse: Display: Failed to find resolution value strings in scalability ini. Falling back to default.
LogInit: Display: Running engine for game: WuzzyWizardCootsGame
LogPlatformFile: Not using cached read wrapper
LogTaskGraph: Started task graph with 5 named threads and 47 total threads with 3 sets of task threads.
LogStats: Stats thread started at 0.209625
LogICUInternationalization: ICU TimeZone Detection - Raw Offset: +1:00, Platform Override: ''
LogInit: Display: Loading text-based GConfig....
LogPluginManager: Mounting plugin MeshPainting
LogPluginManager: Mounting plugin XGEController
LogPluginManager: Mounting plugin Paper2D
LogPluginManager: Mounting plugin AISupport
LogPluginManager: Mounting plugin EnvironmentQueryEditor
LogPluginManager: Mounting plugin LightPropagationVolume
LogPluginManager: Mounting plugin LiveLink
LogPluginManager: Mounting plugin CameraShakePreviewer
LogPluginManager: Mounting plugin OodleNetwork
LogPluginManager: Mounting plugin AssetManagerEditor
LogPluginManager: Mounting plugin GameplayCameras
LogPluginManager: Mounting plugin OodleData
LogPluginManager: Mounting plugin CryptoKeys
LogPluginManager: Mounting plugin DataValidation
LogPluginManager: Mounting plugin CurveEditorTools
LogPluginManager: Mounting plugin GameplayTagsEditor
LogPluginManager: Mounting plugin GeometryMode
LogPluginManager: Mounting plugin FacialAnimation
LogPluginManager: Mounting plugin MacGraphicsSwitching
LogPluginManager: Mounting plugin MaterialAnalyzer
LogPluginManager: Mounting plugin PluginBrowser
LogPluginManager: Mounting plugin MobileLauncherProfileWizard
LogPluginManager: Mounting plugin SpeedTreeImporter
LogPluginManager: Mounting plugin DatasmithContent
LogPluginManager: Mounting plugin VariantManagerContent
LogPluginManager: Mounting plugin CLionSourceCodeAccess
LogPluginManager: Mounting plugin AnimationSharing
LogPluginManager: Mounting plugin KDevelopSourceCodeAccess
LogPluginManager: Mounting plugin CodeLiteSourceCodeAccess
LogPluginManager: Mounting plugin NullSourceCodeAccess
LogPluginManager: Mounting plugin GitSourceControl
LogPluginManager: Mounting plugin PerforceSourceControl
LogPluginManager: Mounting plugin PixWinPlugin
LogPluginManager: Mounting plugin PlasticSourceControl
LogPluginManager: Mounting plugin PropertyAccessNode
LogPluginManager: Mounting plugin PluginUtils
LogPluginManager: Mounting plugin RiderSourceCodeAccess
LogPluginManager: Mounting plugin SubversionSourceControl
LogPluginManager: Mounting plugin TextureFormatOodle
LogPluginManager: Mounting plugin UObjectPlugin
LogPluginManager: Mounting plugin Niagara
LogPluginManager: Mounting plugin VisualStudioCodeSourceCodeAccess
LogPluginManager: Mounting plugin XCodeSourceCodeAccess
LogPluginManager: Mounting plugin LuminPlatformFeatures
LogPluginManager: Mounting plugin MagicLeap
LogPluginManager: Mounting plugin VisualStudioSourceCodeAccess
LogPluginManager: Mounting plugin MagicLeapLightEstimation
LogPluginManager: Mounting plugin MagicLeapMedia
LogPluginManager: Mounting plugin MagicLeapPassableWorld
LogPluginManager: Mounting plugin MLSDK
LogPluginManager: Mounting plugin AvfMedia
LogPluginManager: Mounting plugin AndroidMedia
LogPluginManager: Mounting plugin ImgMedia
LogPluginManager: Mounting plugin MediaCompositing
LogPluginManager: Mounting plugin MediaPlayerEditor
LogPluginManager: Mounting plugin WebMMedia
LogPluginManager: Mounting plugin WmfMedia
LogPluginManager: Mounting plugin TcpMessaging
LogPluginManager: Mounting plugin ActorSequence
LogPluginManager: Mounting plugin LevelSequenceEditor
LogPluginManager: Mounting plugin TemplateSequence
LogPluginManager: Mounting plugin MatineeToLevelSequence
LogPluginManager: Mounting plugin UdpMessaging
LogPluginManager: Mounting plugin OnlineSubsystem
LogPluginManager: Mounting plugin OnlineSubsystemUtils
LogPluginManager: Mounting plugin AlembicImporter
LogPluginManager: Mounting plugin OnlineSubsystemNull
LogPluginManager: Mounting plugin LauncherChunkInstaller
LogPluginManager: Mounting plugin BackChannel
LogPluginManager: Mounting plugin AutomationUtils
LogPluginManager: Mounting plugin ChaosClothEditor
LogPluginManager: Mounting plugin ChaosEditor
LogPluginManager: Mounting plugin ChaosNiagara
LogPluginManager: Mounting plugin CharacterAI
LogPluginManager: Mounting plugin ChaosCloth
LogPluginManager: Mounting plugin ChaosSolverPlugin
LogPluginManager: Mounting plugin ScreenshotTools
LogPluginManager: Mounting plugin GeometryCache
LogPluginManager: Mounting plugin GeometryCollectionPlugin
LogPluginManager: Mounting plugin GeometryProcessing
LogPluginManager: Mounting plugin MotoSynth
LogPluginManager: Mounting plugin OpenImageDenoise
LogPluginManager: Mounting plugin PlanarCut
LogPluginManager: Mounting plugin ProxyLODPlugin
LogPluginManager: Mounting plugin PythonScriptPlugin
LogPluginManager: Mounting plugin PlatformCrypto
LogPluginManager: Mounting plugin ActorLayerUtilities
LogPluginManager: Mounting plugin AndroidDeviceProfileSelector
LogPluginManager: Mounting plugin AndroidMoviePlayer
LogPluginManager: Mounting plugin AndroidPermission
LogPluginManager: Mounting plugin AppleImageUtils
LogPluginManager: Mounting plugin AppleMoviePlayer
LogPluginManager: Mounting plugin ArchVisCharacter
LogPluginManager: Mounting plugin AssetTags
LogPluginManager: Mounting plugin AudioCapture
LogPluginManager: Mounting plugin AudioSynesthesia
LogPluginManager: Mounting plugin CableComponent
LogPluginManager: Mounting plugin ChunkDownloader
LogPluginManager: Mounting plugin CustomMeshComponent
LogPluginManager: Mounting plugin SkeletalReduction
LogPluginManager: Mounting plugin Takes
LogPluginManager: Mounting plugin ExampleDeviceProfileSelector
LogPluginManager: Mounting plugin GoogleCloudMessaging
LogPluginManager: Mounting plugin GooglePAD
LogPluginManager: Mounting plugin EditableMesh
LogPluginManager: Mounting plugin IOSDeviceProfileSelector
LogPluginManager: Mounting plugin LinuxDeviceProfileSelector
LogPluginManager: Mounting plugin LocationServicesBPLibrary
LogPluginManager: Mounting plugin MobilePatchingUtils
LogPluginManager: Mounting plugin OpenXR
LogPluginManager: Mounting plugin OpenXREyeTracker
LogPluginManager: Mounting plugin OpenXRHandTracking
LogPluginManager: Mounting plugin PhysXVehicles
LogPluginManager: Mounting plugin PostSplashScreen
LogPluginManager: Mounting plugin ProceduralMeshComponent
LogPluginManager: Mounting plugin PropertyAccessEditor
LogPluginManager: Mounting plugin SoundFields
LogPluginManager: Mounting plugin SignificanceManager
LogPluginManager: Mounting plugin RuntimePhysXCooking
LogPluginManager: Mounting plugin Synthesis
LogPluginManager: Mounting plugin WebMMoviePlayer
LogPluginManager: Mounting plugin WindowsMoviePlayer
LogPluginManager: Mounting plugin ContentBrowserAssetDataSource
LogPluginManager: Mounting plugin ContentBrowserClassDataSource
LogPluginManager: Mounting plugin ContentBrowserFileDataSource
LogPluginManager: Mounting plugin OnlineSubsystemIOS
LogPluginManager: Mounting plugin OnlineSubsystemGooglePlay
LogPluginManager: Mounting plugin OculusVR
LogPluginManager: Mounting plugin SteamVR
PixWinPlugin: PIX capture plugin failed to initialize! Check that the process is launched from PIX.
LogInit: Using libcurl 7.55.1-DEV
LogInit:  - built for x86_64-pc-win32
LogInit:  - supports SSL with OpenSSL/1.1.1
LogInit:  - supports HTTP deflate (compression) using libz 1.2.8
LogInit:  - other features:
LogInit:      CURL_VERSION_SSL
LogInit:      CURL_VERSION_LIBZ
LogInit:      CURL_VERSION_IPV6
LogInit:      CURL_VERSION_ASYNCHDNS
LogInit:      CURL_VERSION_LARGEFILE
LogInit:      CURL_VERSION_IDN
LogInit:  CurlRequestOptions (configurable via config and command line):
LogInit:  - bVerifyPeer = true  - Libcurl will verify peer certificate
LogInit:  - bUseHttpProxy = false  - Libcurl will NOT use HTTP proxy
LogInit:  - bDontReuseConnections = false  - Libcurl will reuse connections
LogInit:  - MaxHostConnections = 16  - Libcurl will limit the number of connections to a host
LogInit:  - LocalHostAddr = Default
LogInit:  - BufferSize = 65536
LogOnline: OSS: Creating online subsystem instance for: NULL
LogInit: WinSock: version 1.1 (2.2), MaxSocks=32767, MaxUdp=65467
LogOnline: OSS: TryLoadSubsystemAndSetDefault: Loaded subsystem for module [NULL]
LogOculusPluginWrapper: OculusPlugin initialized successfully
LogHMD: Failed initializing OVRPlugin 1.59.0
LogInit: Build: ++UE4+Release-4.27-CL-18319896
LogInit: Engine Version: 4.27.2-18319896+++UE4+Release-4.27
LogInit: Compatible Engine Version: 4.27.0-17155196+++UE4+Release-4.27
LogInit: Net CL: 17155196
LogInit: OS: Windows 10 (Release 2009) (), CPU: Intel(R) Core(TM) i7-10700F CPU @ 2.90GHz, GPU: NVIDIA GeForce RTX 2070 SUPER
LogInit: Compiled (64-bit): Nov 30 2021 07:12:08
LogInit: Compiled with Visual C++: 19.24.28315.00
LogInit: Build Configuration: Development
LogInit: Branch Name: ++UE4+Release-4.27
LogInit: Command Line:  /Game/ThirdPersonBP/Maps/Menu -game -PIEVIACONSOLE -Multiprocess GameUserSettingsINI=D:/GitHUb/CatGame/WuzzyWizardCootsGame/Saved/Config/Windows/PIEGameUserSettings0.ini -MultiprocessSaveConfig -forcepassthrough -messaging -SessionName="Play in Standalone Game" -windowed -ResX=1280 -ResY=720
LogInit: Base Directory: C:/Program Files/Epic Games/UE_4.27/Engine/Binaries/Win64/
LogInit: Allocator: TBB
LogInit: Installed Engine Build: 1
LogDevObjectVersion: Number of dev versions registered: 29
LogDevObjectVersion:   Dev-Blueprints (B0D832E4-1F89-4F0D-ACCF-7EB736FD4AA2): 10
LogDevObjectVersion:   Dev-Build (E1C64328-A22C-4D53-A36C-8E866417BD8C): 0
LogDevObjectVersion:   Dev-Core (375EC13C-06E4-48FB-B500-84F0262A717E): 4
LogDevObjectVersion:   Dev-Editor (E4B068ED-F494-42E9-A231-DA0B2E46BB41): 40
LogDevObjectVersion:   Dev-Framework (CFFC743F-43B0-4480-9391-14DF171D2073): 37
LogDevObjectVersion:   Dev-Mobile (B02B49B5-BB20-44E9-A304-32B752E40360): 3
LogDevObjectVersion:   Dev-Networking (A4E4105C-59A1-49B5-A7C5-40C4547EDFEE): 0
LogDevObjectVersion:   Dev-Online (39C831C9-5AE6-47DC-9A44-9C173E1C8E7C): 0
LogDevObjectVersion:   Dev-Physics (78F01B33-EBEA-4F98-B9B4-84EACCB95AA2): 14
LogDevObjectVersion:   Dev-Platform (6631380F-2D4D-43E0-8009-CF276956A95A): 0
LogDevObjectVersion:   Dev-Rendering (12F88B9F-8875-4AFC-A67C-D90C383ABD29): 45
LogDevObjectVersion:   Dev-Sequencer (7B5AE74C-D270-4C10-A958-57980B212A5A): 13
LogDevObjectVersion:   Dev-VR (D7296918-1DD6-4BDD-9DE2-64A83CC13884): 3
LogDevObjectVersion:   Dev-LoadTimes (C2A15278-BFE7-4AFE-6C17-90FF531DF755): 1
LogDevObjectVersion:   Private-Geometry (6EACA3D4-40EC-4CC1-B786-8BED09428FC5): 3
LogDevObjectVersion:   Dev-AnimPhys (29E575DD-E0A3-4627-9D10-D276232CDCEA): 17
LogDevObjectVersion:   Dev-Anim (AF43A65D-7FD3-4947-9873-3E8ED9C1BB05): 15
LogDevObjectVersion:   Dev-ReflectionCapture (6B266CEC-1EC7-4B8F-A30B-E4D90942FC07): 1
LogDevObjectVersion:   Dev-Automation (0DF73D61-A23F-47EA-B727-89E90C41499A): 1
LogDevObjectVersion:   FortniteMain (601D1886-AC64-4F84-AA16-D3DE0DEAC7D6): 47
LogDevObjectVersion:   FortniteRelease (E7086368-6B23-4C58-8439-1B7016265E91): 1
LogDevObjectVersion:   Dev-Enterprise (9DFFBCD6-494F-0158-E221-12823C92A888): 10
LogDevObjectVersion:   Dev-Niagara (F2AED0AC-9AFE-416F-8664-AA7FFA26D6FC): 1
LogDevObjectVersion:   Dev-Destruction (174F1F0B-B4C6-45A5-B13F-2EE8D0FB917D): 10
LogDevObjectVersion:   Dev-Physics-Ext (35F94A83-E258-406C-A318-09F59610247C): 41
LogDevObjectVersion:   Dev-PhysicsMaterial-Chaos (B68FC16E-8B1B-42E2-B453-215C058844FE): 1
LogDevObjectVersion:   Dev-CineCamera (B2E18506-4273-CFC2-A54E-F4BB758BBA07): 1
LogDevObjectVersion:   Dev-VirtualProduction (64F58936-FD1B-42BA-BA96-7289D5D0FA4E): 1
LogDevObjectVersion:   Dev-MediaFramework (6F0ED827-A609-4895-9C91-998D90180EA4): 2
LogInit: Presizing for max 25165824 objects, including 0 objects not considered by GC, pre-allocating 0 bytes for permanent pool.
LogConfig: Applying CVar settings from Section [/Script/Engine.StreamingSettings] File [D:/GitHUb/CatGame/WuzzyWizardCootsGame/Saved/Config/Windows/Engine.ini]
LogConfig: Setting CVar [[s.MinBulkDataSizeForAsyncLoading:131072]]
LogConfig: Setting CVar [[s.AsyncLoadingThreadEnabled:0]]
LogConfig: Setting CVar [[s.EventDrivenLoaderEnabled:1]]
LogConfig: Setting CVar [[s.WarnIfTimeLimitExceeded:0]]
LogConfig: Setting CVar [[s.TimeLimitExceededMultiplier:1.5]]
LogConfig: Setting CVar [[s.TimeLimitExceededMinTime:0.005]]
LogConfig: Setting CVar [[s.UseBackgroundLevelStreaming:1]]
LogConfig: Setting CVar [[s.PriorityAsyncLoadingExtraTime:15.0]]
LogConfig: Setting CVar [[s.LevelStreamingActorsUpdateTimeLimit:5.0]]
LogConfig: Setting CVar [[s.PriorityLevelStreamingActorsUpdateExtraTime:5.0]]
LogConfig: Setting CVar [[s.LevelStreamingComponentsRegistrationGranularity:10]]
LogConfig: Setting CVar [[s.UnregisterComponentsTimeLimit:1.0]]
LogConfig: Setting CVar [[s.LevelStreamingComponentsUnregistrationGranularity:5]]
LogConfig: Setting CVar [[s.FlushStreamingOnExit:1]]
LogInit: Object subsystem initialized
LogConfig: Setting CVar [[con.DebugEarlyDefault:1]]
LogConfig: Setting CVar [[r.setres:1280x720]]
[2023.02.25-11.43.00:551][  0]LogConfig: Setting CVar [[con.DebugEarlyDefault:1]]
[2023.02.25-11.43.00:551][  0]LogConfig: Setting CVar [[r.setres:1280x720]]
[2023.02.25-11.43.00:551][  0]LogConfig: Applying CVar settings from Section [/Script/Engine.RendererSettings] File [D:/GitHUb/CatGame/WuzzyWizardCootsGame/Saved/Config/Windows/Engine.ini]
[2023.02.25-11.43.00:551][  0]LogConfig: Setting CVar [[r.GPUCrashDebugging:0]]
[2023.02.25-11.43.00:551][  0]LogConfig: Applying CVar settings from Section [/Script/Engine.RendererOverrideSettings] File [D:/GitHUb/CatGame/WuzzyWizardCootsGame/Saved/Config/Windows/Engine.ini]
[2023.02.25-11.43.00:551][  0]LogConfig: Applying CVar settings from Section [/Script/Engine.StreamingSettings] File [D:/GitHUb/CatGame/WuzzyWizardCootsGame/Saved/Config/Windows/Engine.ini]
[2023.02.25-11.43.00:551][  0]LogConfig: Setting CVar [[s.MinBulkDataSizeForAsyncLoading:131072]]
[2023.02.25-11.43.00:551][  0]LogConfig: Setting CVar [[s.AsyncLoadingThreadEnabled:0]]
[2023.02.25-11.43.00:551][  0]LogConfig: Setting CVar [[s.EventDrivenLoaderEnabled:1]]
[2023.02.25-11.43.00:551][  0]LogConfig: Setting CVar [[s.WarnIfTimeLimitExceeded:0]]
[2023.02.25-11.43.00:551][  0]LogConfig: Setting CVar [[s.TimeLimitExceededMultiplier:1.5]]
[2023.02.25-11.43.00:551][  0]LogConfig: Setting CVar [[s.TimeLimitExceededMinTime:0.005]]
[2023.02.25-11.43.00:551][  0]LogConfig: Setting CVar [[s.UseBackgroundLevelStreaming:1]]
[2023.02.25-11.43.00:551][  0]LogConfig: Setting CVar [[s.PriorityAsyncLoadingExtraTime:15.0]]
[2023.02.25-11.43.00:551][  0]LogConfig: Setting CVar [[s.LevelStreamingActorsUpdateTimeLimit:5.0]]
[2023.02.25-11.43.00:551][  0]LogConfig: Setting CVar [[s.PriorityLevelStreamingActorsUpdateExtraTime:5.0]]
[2023.02.25-11.43.00:551][  0]LogConfig: Setting CVar [[s.LevelStreamingComponentsRegistrationGranularity:10]]
[2023.02.25-11.43.00:551][  0]LogConfig: Setting CVar [[s.UnregisterComponentsTimeLimit:1.0]]
[2023.02.25-11.43.00:551][  0]LogConfig: Setting CVar [[s.LevelStreamingComponentsUnregistrationGranularity:5]]
[2023.02.25-11.43.00:552][  0]LogConfig: Setting CVar [[s.FlushStreamingOnExit:1]]
[2023.02.25-11.43.00:552][  0]LogConfig: Applying CVar settings from Section [/Script/Engine.GarbageCollectionSettings] File [D:/GitHUb/CatGame/WuzzyWizardCootsGame/Saved/Config/Windows/Engine.ini]
[2023.02.25-11.43.00:552][  0]LogConfig: Setting CVar [[gc.MaxObjectsNotConsideredByGC:1]]
[2023.02.25-11.43.00:552][  0]LogConfig: Setting CVar [[gc.SizeOfPermanentObjectPool:0]]
[2023.02.25-11.43.00:552][  0]LogConfig: Setting CVar [[gc.FlushStreamingOnGC:0]]
[2023.02.25-11.43.00:552][  0]LogConfig: Setting CVar [[gc.NumRetriesBeforeForcingGC:10]]
[2023.02.25-11.43.00:552][  0]LogConfig: Setting CVar [[gc.AllowParallelGC:1]]
[2023.02.25-11.43.00:552][  0]LogConfig: Setting CVar [[gc.TimeBetweenPurgingPendingKillObjects:61.1]]
[2023.02.25-11.43.00:552][  0]LogConfig: Setting CVar [[gc.MaxObjectsInEditor:25165824]]
[2023.02.25-11.43.00:552][  0]LogConfig: Setting CVar [[gc.IncrementalBeginDestroyEnabled:1]]
[2023.02.25-11.43.00:552][  0]LogConfig: Setting CVar [[gc.CreateGCClusters:1]]
[2023.02.25-11.43.00:552][  0]LogConfig: Setting CVar [[gc.MinGCClusterSize:5]]
[2023.02.25-11.43.00:552][  0]LogConfig: Setting CVar [[gc.ActorClusteringEnabled:0]]
[2023.02.25-11.43.00:552][  0]LogConfig: Setting CVar [[gc.BlueprintClusteringEnabled:0]]
[2023.02.25-11.43.00:552][  0]LogConfig: Setting CVar [[gc.UseDisregardForGCOnDedicatedServers:0]]
[2023.02.25-11.43.00:552][  0]LogConfig: Setting CVar [[gc.MultithreadedDestructionEnabled:1]]
[2023.02.25-11.43.00:552][  0]LogConfig: Applying CVar settings from Section [/Script/Engine.NetworkSettings] File [D:/GitHUb/CatGame/WuzzyWizardCootsGame/Saved/Config/Windows/Engine.ini]
[2023.02.25-11.43.00:552][  0]LogConfig: Applying CVar settings from Section [/Script/UnrealEd.CookerSettings] File [D:/GitHUb/CatGame/WuzzyWizardCootsGame/Saved/Config/Windows/Engine.ini]
[2023.02.25-11.43.00:560][  0]LogConfig: Applying CVar settings from Section [ViewDistanceQuality@3] File [D:/GitHUb/CatGame/WuzzyWizardCootsGame/Saved/Config/Windows/Scalability.ini]
[2023.02.25-11.43.00:560][  0]LogConfig: Setting CVar [[r.SkeletalMeshLODBias:0]]
[2023.02.25-11.43.00:560][  0]LogConfig: Setting CVar [[r.ViewDistanceScale:1.0]]
[2023.02.25-11.43.00:560][  0]LogConfig: Applying CVar settings from Section [AntiAliasingQuality@3] File [D:/GitHUb/CatGame/WuzzyWizardCootsGame/Saved/Config/Windows/Scalability.ini]
[2023.02.25-11.43.00:560][  0]LogConfig: Setting CVar [[r.PostProcessAAQuality:4]]
[2023.02.25-11.43.00:560][  0]LogConfig: Applying CVar settings from Section [ShadowQuality@3] File [D:/GitHUb/CatGame/WuzzyWizardCootsGame/Saved/Config/Windows/Scalability.ini]
[2023.02.25-11.43.00:560][  0]LogConfig: Setting CVar [[r.LightFunctionQuality:1]]
[2023.02.25-11.43.00:560][  0]LogConfig: Setting CVar [[r.ShadowQuality:5]]
[2023.02.25-11.43.00:560][  0]LogConfig: Setting CVar [[r.Shadow.CSM.MaxCascades:10]]
[2023.02.25-11.43.00:560][  0]LogConfig: Setting CVar [[r.Shadow.MaxResolution:2048]]
[2023.02.25-11.43.00:560][  0]LogConfig: Setting CVar [[r.Shadow.MaxCSMResolution:2048]]
[2023.02.25-11.43.00:560][  0]LogConfig: Setting CVar [[r.Shadow.RadiusThreshold:0.01]]
[2023.02.25-11.43.00:560][  0]LogConfig: Setting CVar [[r.Shadow.DistanceScale:1.0]]
[2023.02.25-11.43.00:560][  0]LogConfig: Setting CVar [[r.Shadow.CSM.TransitionScale:1.0]]
[2023.02.25-11.43.00:560][  0]LogConfig: Setting CVar [[r.Shadow.PreShadowResolutionFactor:1.0]]
[2023.02.25-11.43.00:560][  0]LogConfig: Setting CVar [[r.DistanceFieldShadowing:1]]
[2023.02.25-11.43.00:560][  0]LogConfig: Setting CVar [[r.DistanceFieldAO:1]]
[2023.02.25-11.43.00:560][  0]LogConfig: Setting CVar [[r.AOQuality:2]]
[2023.02.25-11.43.00:560][  0]LogConfig: Setting CVar [[r.VolumetricFog:1]]
[2023.02.25-11.43.00:560][  0]LogConfig: Setting CVar [[r.VolumetricFog.GridPixelSize:8]]
[2023.02.25-11.43.00:560][  0]LogConfig: Setting CVar [[r.VolumetricFog.GridSizeZ:128]]
[2023.02.25-11.43.00:560][  0]LogConfig: Setting CVar [[r.VolumetricFog.HistoryMissSupersampleCount:4]]
[2023.02.25-11.43.00:560][  0]LogConfig: Setting CVar [[r.LightMaxDrawDistanceScale:1]]
[2023.02.25-11.43.00:560][  0]LogConfig: Setting CVar [[r.CapsuleShadows:1]]
[2023.02.25-11.43.00:560][  0]LogConfig: Applying CVar settings from Section [PostProcessQuality@3] File [D:/GitHUb/CatGame/WuzzyWizardCootsGame/Saved/Config/Windows/Scalability.ini]
[2023.02.25-11.43.00:560][  0]LogConfig: Setting CVar [[r.MotionBlurQuality:4]]
[2023.02.25-11.43.00:560][  0]LogConfig: Setting CVar [[r.AmbientOcclusionMipLevelFactor:0.4]]
[2023.02.25-11.43.00:560][  0]LogConfig: Setting CVar [[r.AmbientOcclusionMaxQuality:100]]
[2023.02.25-11.43.00:560][  0]LogConfig: Setting CVar [[r.AmbientOcclusionLevels:-1]]
[2023.02.25-11.43.00:560][  0]LogConfig: Setting CVar [[r.AmbientOcclusionRadiusScale:1.0]]
[2023.02.25-11.43.00:560][  0]LogConfig: Setting CVar [[r.DepthOfFieldQuality:2]]
[2023.02.25-11.43.00:560][  0]LogConfig: Setting CVar [[r.RenderTargetPoolMin:400]]
[2023.02.25-11.43.00:560][  0]LogConfig: Setting CVar [[r.LensFlareQuality:2]]
[2023.02.25-11.43.00:561][  0]LogConfig: Setting CVar [[r.SceneColorFringeQuality:1]]
[2023.02.25-11.43.00:561][  0]LogConfig: Setting CVar [[r.EyeAdaptationQuality:2]]
[2023.02.25-11.43.00:561][  0]LogConfig: Setting CVar [[r.BloomQuality:5]]
[2023.02.25-11.43.00:561][  0]LogConfig: Setting CVar [[r.FastBlurThreshold:100]]
[2023.02.25-11.43.00:561][  0]LogConfig: Setting CVar [[r.Upscale.Quality:3]]
[2023.02.25-11.43.00:561][  0]LogConfig: Setting CVar [[r.Tonemapper.GrainQuantization:1]]
[2023.02.25-11.43.00:561][  0]LogConfig: Setting CVar [[r.LightShaftQuality:1]]
[2023.02.25-11.43.00:561][  0]LogConfig: Setting CVar [[r.Filter.SizeScale:1]]
[2023.02.25-11.43.00:561][  0]LogConfig: Setting CVar [[r.Tonemapper.Quality:5]]
[2023.02.25-11.43.00:561][  0]LogConfig: Setting CVar [[r.DOF.Gather.AccumulatorQuality:1        ; higher gathering accumulator quality]]
[2023.02.25-11.43.00:561][  0]LogConfig: Setting CVar [[r.DOF.Gather.PostfilterMethod:1          ; Median3x3 postfilering method]]
[2023.02.25-11.43.00:561][  0]LogConfig: Setting CVar [[r.DOF.Gather.EnableBokehSettings:0       ; no bokeh simulation when gathering]]
[2023.02.25-11.43.00:561][  0]LogConfig: Setting CVar [[r.DOF.Gather.RingCount:4                 ; medium number of samples when gathering]]
[2023.02.25-11.43.00:561][  0]LogConfig: Setting CVar [[r.DOF.Scatter.ForegroundCompositing:1    ; additive foreground scattering]]
[2023.02.25-11.43.00:561][  0]LogConfig: Setting CVar [[r.DOF.Scatter.BackgroundCompositing:2    ; additive background scattering]]
[2023.02.25-11.43.00:561][  0]LogConfig: Setting CVar [[r.DOF.Scatter.EnableBokehSettings:1      ; bokeh simulation when scattering]]
[2023.02.25-11.43.00:561][  0]LogConfig: Setting CVar [[r.DOF.Scatter.MaxSpriteRatio:0.1         ; only a maximum of 10% of scattered bokeh]]
[2023.02.25-11.43.00:561][  0]LogConfig: Setting CVar [[r.DOF.Recombine.Quality:1                ; cheap slight out of focus]]
[2023.02.25-11.43.00:561][  0]LogConfig: Setting CVar [[r.DOF.Recombine.EnableBokehSettings:0    ; no bokeh simulation on slight out of focus]]
[2023.02.25-11.43.00:561][  0]LogConfig: Setting CVar [[r.DOF.TemporalAAQuality:1                ; more stable temporal accumulation]]
[2023.02.25-11.43.00:561][  0]LogConfig: Setting CVar [[r.DOF.Kernel.MaxForegroundRadius:0.025]]
[2023.02.25-11.43.00:561][  0]LogConfig: Setting CVar [[r.DOF.Kernel.MaxBackgroundRadius:0.025]]
[2023.02.25-11.43.00:561][  0]LogConfig: Applying CVar settings from Section [TextureQuality@3] File [D:/GitHUb/CatGame/WuzzyWizardCootsGame/Saved/Config/Windows/Scalability.ini]
[2023.02.25-11.43.00:561][  0]LogConfig: Setting CVar [[r.Streaming.MipBias:0]]
[2023.02.25-11.43.00:561][  0]LogConfig: Setting CVar [[r.Streaming.AmortizeCPUToGPUCopy:0]]
[2023.02.25-11.43.00:561][  0]LogConfig: Setting CVar [[r.Streaming.MaxNumTexturesToStreamPerFrame:0]]
[2023.02.25-11.43.00:561][  0]LogConfig: Setting CVar [[r.Streaming.Boost:1]]
[2023.02.25-11.43.00:561][  0]LogConfig: Setting CVar [[r.MaxAnisotropy:8]]
[2023.02.25-11.43.00:561][  0]LogConfig: Setting CVar [[r.VT.MaxAnisotropy:8]]
[2023.02.25-11.43.00:561][  0]LogConfig: Setting CVar [[r.Streaming.LimitPoolSizeToVRAM:0]]
[2023.02.25-11.43.00:561][  0]LogConfig: Setting CVar [[r.Streaming.PoolSize:1000]]
[2023.02.25-11.43.00:561][  0]LogConfig: Setting CVar [[r.Streaming.MaxEffectiveScreenSize:0]]
[2023.02.25-11.43.00:561][  0]LogConfig: Applying CVar settings from Section [EffectsQuality@3] File [D:/GitHUb/CatGame/WuzzyWizardCootsGame/Saved/Config/Windows/Scalability.ini]
[2023.02.25-11.43.00:561][  0]LogConfig: Setting CVar [[r.TranslucencyLightingVolumeDim:64]]
[2023.02.25-11.43.00:561][  0]LogConfig: Setting CVar [[r.RefractionQuality:2]]
[2023.02.25-11.43.00:561][  0]LogConfig: Setting CVar [[r.SSR.Quality:3]]
[2023.02.25-11.43.00:561][  0]LogConfig: Setting CVar [[r.SSR.HalfResSceneColor:0]]
[2023.02.25-11.43.00:561][  0]LogConfig: Setting CVar [[r.SceneColorFormat:4]]
[2023.02.25-11.43.00:561][  0]LogConfig: Setting CVar [[r.DetailMode:2]]
[2023.02.25-11.43.00:561][  0]LogConfig: Setting CVar [[r.TranslucencyVolumeBlur:1]]
[2023.02.25-11.43.00:561][  0]LogConfig: Setting CVar [[r.MaterialQualityLevel:1 ; High quality]]
[2023.02.25-11.43.00:561][  0]LogConfig: Setting CVar [[r.AnisotropicMaterials:1]]
[2023.02.25-11.43.00:561][  0]LogConfig: Setting CVar [[r.SSS.Scale:1]]
[2023.02.25-11.43.00:561][  0]LogConfig: Setting CVar [[r.SSS.SampleSet:2]]
[2023.02.25-11.43.00:561][  0]LogConfig: Setting CVar [[r.SSS.Quality:1]]
[2023.02.25-11.43.00:561][  0]LogConfig: Setting CVar [[r.SSS.HalfRes:0]]
[2023.02.25-11.43.00:561][  0]LogConfig: Setting CVar [[r.SSGI.Quality:3]]
[2023.02.25-11.43.00:561][  0]LogConfig: Setting CVar [[r.EmitterSpawnRateScale:1.0]]
[2023.02.25-11.43.00:561][  0]LogConfig: Setting CVar [[r.ParticleLightQuality:2]]
[2023.02.25-11.43.00:561][  0]LogConfig: Setting CVar [[r.SkyAtmosphere.AerialPerspectiveLUT.FastApplyOnOpaque:1 ; Always have FastSkyLUT 1 in this case to avoid wrong sky]]
[2023.02.25-11.43.00:561][  0]LogConfig: Setting CVar [[r.SkyAtmosphere.AerialPerspectiveLUT.SampleCountMaxPerSlice:4]]
[2023.02.25-11.43.00:561][  0]LogConfig: Setting CVar [[r.SkyAtmosphere.AerialPerspectiveLUT.DepthResolution:16.0]]
[2023.02.25-11.43.00:561][  0]LogConfig: Setting CVar [[r.SkyAtmosphere.FastSkyLUT:1]]
[2023.02.25-11.43.00:561][  0]LogConfig: Setting CVar [[r.SkyAtmosphere.FastSkyLUT.SampleCountMin:4.0]]
[2023.02.25-11.43.00:561][  0]LogConfig: Setting CVar [[r.SkyAtmosphere.FastSkyLUT.SampleCountMax:128.0]]
[2023.02.25-11.43.00:561][  0]LogConfig: Setting CVar [[r.SkyAtmosphere.SampleCountMin:4.0]]
[2023.02.25-11.43.00:561][  0]LogConfig: Setting CVar [[r.SkyAtmosphere.SampleCountMax:128.0]]
[2023.02.25-11.43.00:561][  0]LogConfig: Setting CVar [[r.SkyAtmosphere.TransmittanceLUT.UseSmallFormat:0]]
[2023.02.25-11.43.00:561][  0]LogConfig: Setting CVar [[r.SkyAtmosphere.TransmittanceLUT.SampleCount:10.0]]
[2023.02.25-11.43.00:561][  0]LogConfig: Setting CVar [[r.SkyAtmosphere.MultiScatteringLUT.SampleCount:15.0]]
[2023.02.25-11.43.00:561][  0]LogConfig: Setting CVar [[r.SkyLight.RealTimeReflectionCapture:1]]
[2023.02.25-11.43.00:561][  0]LogConfig: Applying CVar settings from Section [FoliageQuality@3] File [D:/GitHUb/CatGame/WuzzyWizardCootsGame/Saved/Config/Windows/Scalability.ini]
[2023.02.25-11.43.00:561][  0]LogConfig: Setting CVar [[foliage.DensityScale:1.0]]
[2023.02.25-11.43.00:561][  0]LogConfig: Setting CVar [[grass.DensityScale:1.0]]
[2023.02.25-11.43.00:561][  0]LogConfig: Applying CVar settings from Section [ShadingQuality@3] File [D:/GitHUb/CatGame/WuzzyWizardCootsGame/Saved/Config/Windows/Scalability.ini]
[2023.02.25-11.43.00:561][  0]LogConfig: Setting CVar [[r.HairStrands.SkyLighting.IntegrationType:2]]
[2023.02.25-11.43.00:561][  0]LogConfig: Setting CVar [[r.HairStrands.SkyAO.SampleCount:4]]
[2023.02.25-11.43.00:561][  0]LogConfig: Setting CVar [[r.HairStrands.Visibility.MSAA.SamplePerPixel:4]]
[2023.02.25-11.43.00:561][  0]LogInit: Selected Device Profile: [Windows]
[2023.02.25-11.43.00:561][  0]LogInit: Applying CVar settings loaded from the selected device profile: [Windows]
[2023.02.25-11.43.00:561][  0]LogHAL: Display: Platform has ~ 16 GB [17035898880 / 17179869184 / 16], which maps to Larger [LargestMinGB=32, LargerMinGB=12, DefaultMinGB=8, SmallerMinGB=6, SmallestMinGB=0)
[2023.02.25-11.43.00:561][  0]LogInit: Going up to parent DeviceProfile []
[2023.02.25-11.43.00:561][  0]LogConfig: Applying CVar settings from Section [ViewDistanceQuality@3] File [D:/GitHUb/CatGame/WuzzyWizardCootsGame/Saved/Config/Windows/Scalability.ini]
[2023.02.25-11.43.00:561][  0]LogConfig: Setting CVar [[r.SkeletalMeshLODBias:0]]
[2023.02.25-11.43.00:561][  0]LogConfig: Setting CVar [[r.ViewDistanceScale:1.0]]
[2023.02.25-11.43.00:561][  0]LogConfig: Applying CVar settings from Section [AntiAliasingQuality@3] File [D:/GitHUb/CatGame/WuzzyWizardCootsGame/Saved/Config/Windows/Scalability.ini]
[2023.02.25-11.43.00:561][  0]LogConfig: Setting CVar [[r.PostProcessAAQuality:4]]
[2023.02.25-11.43.00:561][  0]LogConfig: Applying CVar settings from Section [ShadowQuality@3] File [D:/GitHUb/CatGame/WuzzyWizardCootsGame/Saved/Config/Windows/Scalability.ini]
[2023.02.25-11.43.00:561][  0]LogConfig: Setting CVar [[r.LightFunctionQuality:1]]
[2023.02.25-11.43.00:561][  0]LogConfig: Setting CVar [[r.ShadowQuality:5]]
[2023.02.25-11.43.00:561][  0]LogConfig: Setting CVar [[r.Shadow.CSM.MaxCascades:10]]
[2023.02.25-11.43.00:561][  0]LogConfig: Setting CVar [[r.Shadow.MaxResolution:2048]]
[2023.02.25-11.43.00:561][  0]LogConfig: Setting CVar [[r.Shadow.MaxCSMResolution:2048]]
[2023.02.25-11.43.00:561][  0]LogConfig: Setting CVar [[r.Shadow.RadiusThreshold:0.01]]
[2023.02.25-11.43.00:561][  0]LogConfig: Setting CVar [[r.Shadow.DistanceScale:1.0]]
[2023.02.25-11.43.00:561][  0]LogConfig: Setting CVar [[r.Shadow.CSM.TransitionScale:1.0]]
[2023.02.25-11.43.00:561][  0]LogConfig: Setting CVar [[r.Shadow.PreShadowResolutionFactor:1.0]]
[2023.02.25-11.43.00:561][  0]LogConfig: Setting CVar [[r.DistanceFieldShadowing:1]]
[2023.02.25-11.43.00:561][  0]LogConfig: Setting CVar [[r.DistanceFieldAO:1]]
[2023.02.25-11.43.00:561][  0]LogConfig: Setting CVar [[r.AOQuality:2]]
[2023.02.25-11.43.00:561][  0]LogConfig: Setting CVar [[r.VolumetricFog:1]]
[2023.02.25-11.43.00:561][  0]LogConfig: Setting CVar [[r.VolumetricFog.GridPixelSize:8]]
[2023.02.25-11.43.00:561][  0]LogConfig: Setting CVar [[r.VolumetricFog.GridSizeZ:128]]
[2023.02.25-11.43.00:561][  0]LogConfig: Setting CVar [[r.VolumetricFog.HistoryMissSupersampleCount:4]]
[2023.02.25-11.43.00:561][  0]LogConfig: Setting CVar [[r.LightMaxDrawDistanceScale:1]]
[2023.02.25-11.43.00:561][  0]LogConfig: Setting CVar [[r.CapsuleShadows:1]]
[2023.02.25-11.43.00:561][  0]LogConfig: Applying CVar settings from Section [PostProcessQuality@3] File [D:/GitHUb/CatGame/WuzzyWizardCootsGame/Saved/Config/Windows/Scalability.ini]
[2023.02.25-11.43.00:561][  0]LogConfig: Setting CVar [[r.MotionBlurQuality:4]]
[2023.02.25-11.43.00:561][  0]LogConfig: Setting CVar [[r.AmbientOcclusionMipLevelFactor:0.4]]
[2023.02.25-11.43.00:561][  0]LogConfig: Setting CVar [[r.AmbientOcclusionMaxQuality:100]]
[2023.02.25-11.43.00:561][  0]LogConfig: Setting CVar [[r.AmbientOcclusionLevels:-1]]
[2023.02.25-11.43.00:561][  0]LogConfig: Setting CVar [[r.AmbientOcclusionRadiusScale:1.0]]
[2023.02.25-11.43.00:561][  0]LogConfig: Setting CVar [[r.DepthOfFieldQuality:2]]
[2023.02.25-11.43.00:561][  0]LogConfig: Setting CVar [[r.RenderTargetPoolMin:400]]
[2023.02.25-11.43.00:561][  0]LogConfig: Setting CVar [[r.LensFlareQuality:2]]
[2023.02.25-11.43.00:561][  0]LogConfig: Setting CVar [[r.SceneColorFringeQuality:1]]
[2023.02.25-11.43.00:562][  0]LogConfig: Setting CVar [[r.EyeAdaptationQuality:2]]
[2023.02.25-11.43.00:562][  0]LogConfig: Setting CVar [[r.BloomQuality:5]]
[2023.02.25-11.43.00:562][  0]LogConfig: Setting CVar [[r.FastBlurThreshold:100]]
[2023.02.25-11.43.00:562][  0]LogConfig: Setting CVar [[r.Upscale.Quality:3]]
[2023.02.25-11.43.00:562][  0]LogConfig: Setting CVar [[r.Tonemapper.GrainQuantization:1]]
[2023.02.25-11.43.00:562][  0]LogConfig: Setting CVar [[r.LightShaftQuality:1]]
[2023.02.25-11.43.00:562][  0]LogConfig: Setting CVar [[r.Filter.SizeScale:1]]
[2023.02.25-11.43.00:562][  0]LogConfig: Setting CVar [[r.Tonemapper.Quality:5]]
[2023.02.25-11.43.00:562][  0]LogConfig: Setting CVar [[r.DOF.Gather.AccumulatorQuality:1        ; higher gathering accumulator quality]]
[2023.02.25-11.43.00:562][  0]LogConfig: Setting CVar [[r.DOF.Gather.PostfilterMethod:1          ; Median3x3 postfilering method]]
[2023.02.25-11.43.00:562][  0]LogConfig: Setting CVar [[r.DOF.Gather.EnableBokehSettings:0       ; no bokeh simulation when gathering]]
[2023.02.25-11.43.00:562][  0]LogConfig: Setting CVar [[r.DOF.Gather.RingCount:4                 ; medium number of samples when gathering]]
[2023.02.25-11.43.00:562][  0]LogConfig: Setting CVar [[r.DOF.Scatter.ForegroundCompositing:1    ; additive foreground scattering]]
[2023.02.25-11.43.00:562][  0]LogConfig: Setting CVar [[r.DOF.Scatter.BackgroundCompositing:2    ; additive background scattering]]
[2023.02.25-11.43.00:562][  0]LogConfig: Setting CVar [[r.DOF.Scatter.EnableBokehSettings:1      ; bokeh simulation when scattering]]
[2023.02.25-11.43.00:562][  0]LogConfig: Setting CVar [[r.DOF.Scatter.MaxSpriteRatio:0.1         ; only a maximum of 10% of scattered bokeh]]
[2023.02.25-11.43.00:562][  0]LogConfig: Setting CVar [[r.DOF.Recombine.Quality:1                ; cheap slight out of focus]]
[2023.02.25-11.43.00:562][  0]LogConfig: Setting CVar [[r.DOF.Recombine.EnableBokehSettings:0    ; no bokeh simulation on slight out of focus]]
[2023.02.25-11.43.00:562][  0]LogConfig: Setting CVar [[r.DOF.TemporalAAQuality:1                ; more stable temporal accumulation]]
[2023.02.25-11.43.00:562][  0]LogConfig: Setting CVar [[r.DOF.Kernel.MaxForegroundRadius:0.025]]
[2023.02.25-11.43.00:562][  0]LogConfig: Setting CVar [[r.DOF.Kernel.MaxBackgroundRadius:0.025]]
[2023.02.25-11.43.00:562][  0]LogConfig: Applying CVar settings from Section [TextureQuality@3] File [D:/GitHUb/CatGame/WuzzyWizardCootsGame/Saved/Config/Windows/Scalability.ini]
[2023.02.25-11.43.00:562][  0]LogConfig: Setting CVar [[r.Streaming.MipBias:0]]
[2023.02.25-11.43.00:562][  0]LogConfig: Setting CVar [[r.Streaming.AmortizeCPUToGPUCopy:0]]
[2023.02.25-11.43.00:562][  0]LogConfig: Setting CVar [[r.Streaming.MaxNumTexturesToStreamPerFrame:0]]
[2023.02.25-11.43.00:562][  0]LogConfig: Setting CVar [[r.Streaming.Boost:1]]
[2023.02.25-11.43.00:562][  0]LogConfig: Setting CVar [[r.MaxAnisotropy:8]]
[2023.02.25-11.43.00:562][  0]LogConfig: Setting CVar [[r.VT.MaxAnisotropy:8]]
[2023.02.25-11.43.00:562][  0]LogConfig: Setting CVar [[r.Streaming.LimitPoolSizeToVRAM:0]]
[2023.02.25-11.43.00:562][  0]LogConfig: Setting CVar [[r.Streaming.PoolSize:1000]]
[2023.02.25-11.43.00:562][  0]LogConfig: Setting CVar [[r.Streaming.MaxEffectiveScreenSize:0]]
[2023.02.25-11.43.00:562][  0]LogConfig: Applying CVar settings from Section [EffectsQuality@3] File [D:/GitHUb/CatGame/WuzzyWizardCootsGame/Saved/Config/Windows/Scalability.ini]
[2023.02.25-11.43.00:562][  0]LogConfig: Setting CVar [[r.TranslucencyLightingVolumeDim:64]]
[2023.02.25-11.43.00:562][  0]LogConfig: Setting CVar [[r.RefractionQuality:2]]
[2023.02.25-11.43.00:562][  0]LogConfig: Setting CVar [[r.SSR.Quality:3]]
[2023.02.25-11.43.00:562][  0]LogConfig: Setting CVar [[r.SSR.HalfResSceneColor:0]]
[2023.02.25-11.43.00:562][  0]LogConfig: Setting CVar [[r.SceneColorFormat:4]]
[2023.02.25-11.43.00:562][  0]LogConfig: Setting CVar [[r.DetailMode:2]]
[2023.02.25-11.43.00:562][  0]LogConfig: Setting CVar [[r.TranslucencyVolumeBlur:1]]
[2023.02.25-11.43.00:562][  0]LogConfig: Setting CVar [[r.MaterialQualityLevel:1 ; High quality]]
[2023.02.25-11.43.00:562][  0]LogConfig: Setting CVar [[r.AnisotropicMaterials:1]]
[2023.02.25-11.43.00:562][  0]LogConfig: Setting CVar [[r.SSS.Scale:1]]
[2023.02.25-11.43.00:562][  0]LogConfig: Setting CVar [[r.SSS.SampleSet:2]]
[2023.02.25-11.43.00:562][  0]LogConfig: Setting CVar [[r.SSS.Quality:1]]
[2023.02.25-11.43.00:562][  0]LogConfig: Setting CVar [[r.SSS.HalfRes:0]]
[2023.02.25-11.43.00:562][  0]LogConfig: Setting CVar [[r.SSGI.Quality:3]]
[2023.02.25-11.43.00:562][  0]LogConfig: Setting CVar [[r.EmitterSpawnRateScale:1.0]]
[2023.02.25-11.43.00:562][  0]LogConfig: Setting CVar [[r.ParticleLightQuality:2]]
[2023.02.25-11.43.00:562][  0]LogConfig: Setting CVar [[r.SkyAtmosphere.AerialPerspectiveLUT.FastApplyOnOpaque:1 ; Always have FastSkyLUT 1 in this case to avoid wrong sky]]
[2023.02.25-11.43.00:562][  0]LogConfig: Setting CVar [[r.SkyAtmosphere.AerialPerspectiveLUT.SampleCountMaxPerSlice:4]]
[2023.02.25-11.43.00:562][  0]LogConfig: Setting CVar [[r.SkyAtmosphere.AerialPerspectiveLUT.DepthResolution:16.0]]
[2023.02.25-11.43.00:562][  0]LogConfig: Setting CVar [[r.SkyAtmosphere.FastSkyLUT:1]]
[2023.02.25-11.43.00:562][  0]LogConfig: Setting CVar [[r.SkyAtmosphere.FastSkyLUT.SampleCountMin:4.0]]
[2023.02.25-11.43.00:562][  0]LogConfig: Setting CVar [[r.SkyAtmosphere.FastSkyLUT.SampleCountMax:128.0]]
[2023.02.25-11.43.00:562][  0]LogConfig: Setting CVar [[r.SkyAtmosphere.SampleCountMin:4.0]]
[2023.02.25-11.43.00:562][  0]LogConfig: Setting CVar [[r.SkyAtmosphere.SampleCountMax:128.0]]
[2023.02.25-11.43.00:562][  0]LogConfig: Setting CVar [[r.SkyAtmosphere.TransmittanceLUT.UseSmallFormat:0]]
[2023.02.25-11.43.00:562][  0]LogConfig: Setting CVar [[r.SkyAtmosphere.TransmittanceLUT.SampleCount:10.0]]
[2023.02.25-11.43.00:562][  0]LogConfig: Setting CVar [[r.SkyAtmosphere.MultiScatteringLUT.SampleCount:15.0]]
[2023.02.25-11.43.00:562][  0]LogConfig: Setting CVar [[r.SkyLight.RealTimeReflectionCapture:1]]
[2023.02.25-11.43.00:562][  0]LogConfig: Applying CVar settings from Section [FoliageQuality@3] File [D:/GitHUb/CatGame/WuzzyWizardCootsGame/Saved/Config/Windows/Scalability.ini]
[2023.02.25-11.43.00:562][  0]LogConfig: Setting CVar [[foliage.DensityScale:1.0]]
[2023.02.25-11.43.00:562][  0]LogConfig: Setting CVar [[grass.DensityScale:1.0]]
[2023.02.25-11.43.00:562][  0]LogConfig: Applying CVar settings from Section [ShadingQuality@3] File [D:/GitHUb/CatGame/WuzzyWizardCootsGame/Saved/Config/Windows/Scalability.ini]
[2023.02.25-11.43.00:562][  0]LogConfig: Setting CVar [[r.HairStrands.SkyLighting.IntegrationType:2]]
[2023.02.25-11.43.00:562][  0]LogConfig: Setting CVar [[r.HairStrands.SkyAO.SampleCount:4]]
[2023.02.25-11.43.00:562][  0]LogConfig: Setting CVar [[r.HairStrands.Visibility.MSAA.SamplePerPixel:4]]
[2023.02.25-11.43.00:562][  0]LogConfig: Applying CVar settings from Section [Startup] File [../../../Engine/Config/ConsoleVariables.ini]
[2023.02.25-11.43.00:562][  0]LogConfig: Setting CVar [[net.UseAdaptiveNetUpdateFrequency:0]]
[2023.02.25-11.43.00:562][  0]LogConfig: Setting CVar [[p.chaos.AllowCreatePhysxBodies:1]]
[2023.02.25-11.43.00:562][  0]LogConfig: Setting CVar [[fx.SkipVectorVMBackendOptimizations:1]]
[2023.02.25-11.43.00:562][  0]LogConfig: Applying CVar settings from Section [ConsoleVariables] File [D:/GitHUb/CatGame/WuzzyWizardCootsGame/Saved/Config/Windows/Engine.ini]
[2023.02.25-11.43.00:562][  0]LogConfig: Applying CVar settings from Section [ConsoleVariables] File [D:/GitHUb/CatGame/WuzzyWizardCootsGame/Saved/Config/Windows/Editor.ini]
[2023.02.25-11.43.00:562][  0]LogInit: Computer: DESKTOP-J33SRN8
[2023.02.25-11.43.00:562][  0]LogInit: User: waydi
[2023.02.25-11.43.00:562][  0]LogInit: CPU Page size=4096, Cores=8
[2023.02.25-11.43.00:562][  0]LogInit: High frequency timer resolution =10.000000 MHz
[2023.02.25-11.43.00:562][  0]LogMemory: Memory total: Physical=15.9GB (16GB approx)
[2023.02.25-11.43.00:562][  0]LogMemory: Platform Memory Stats for Windows
[2023.02.25-11.43.00:563][  0]LogMemory: Process Physical Memory: 148.71 MB used, 148.71 MB peak
[2023.02.25-11.43.00:563][  0]LogMemory: Process Virtual Memory: 131.44 MB used, 131.44 MB peak
[2023.02.25-11.43.00:563][  0]LogMemory: Physical Memory: 12117.17 MB used,  4129.53 MB free, 16246.70 MB total
[2023.02.25-11.43.00:563][  0]LogMemory: Virtual Memory: 134213136.00 MB used,  4594.14 MB free, 134217728.00 MB total
[2023.02.25-11.43.00:569][  0]LogWindows: WindowsPlatformFeatures enabled
[2023.02.25-11.43.00:606][  0]LogInit: Physics initialised using underlying interface: PhysX
[2023.02.25-11.43.00:607][  0]LogInit: Using OS detected language (sv-SE).
[2023.02.25-11.43.00:607][  0]LogInit: Using OS detected locale (sv-SE).
[2023.02.25-11.43.00:613][  0]LogTextLocalizationManager: No localization for 'sv-SE' exists, so 'en' will be used for the language.
[2023.02.25-11.43.00:616][  0]LogTextLocalizationManager: No localization for 'sv-SE' exists, so 'en' will be used for the locale.
[2023.02.25-11.43.00:799][  0]LogWindowsTextInputMethodSystem: Display: IME system deactivated.
[2023.02.25-11.43.00:828][  0]LogSlate: New Slate User Created.  User Index 0, Is Virtual User: 0
[2023.02.25-11.43.00:828][  0]LogSlate: Slate User Registered.  User Index 0, Is Virtual User: 0
[2023.02.25-11.43.00:855][  0]LogD3D11RHI: Loaded GFSDK_Aftermath_Lib.x64.dll
[2023.02.25-11.43.00:858][  0]LogHMD: Failed to initialize OpenVR with code 110
[2023.02.25-11.43.00:858][  0]LogD3D11RHI: D3D11 min allowed feature level: 11_0
[2023.02.25-11.43.00:858][  0]LogD3D11RHI: D3D11 max allowed feature level: 11_0
[2023.02.25-11.43.00:858][  0]LogD3D11RHI: D3D11 adapters:
[2023.02.25-11.43.00:942][  0]LogD3D11RHI:    0. 'NVIDIA GeForce RTX 2070 SUPER' (Feature Level 11_0)
[2023.02.25-11.43.00:942][  0]LogD3D11RHI:       8003/0/8123 MB DedicatedVideo/DedicatedSystem/SharedSystem, Outputs:2, VendorId:0x10de
[2023.02.25-11.43.00:944][  0]LogD3D11RHI:    1. 'Microsoft Basic Render Driver' (Feature Level 11_0)
[2023.02.25-11.43.00:944][  0]LogD3D11RHI:       0/0/8123 MB DedicatedVideo/DedicatedSystem/SharedSystem, Outputs:0, VendorId:0x1414
[2023.02.25-11.43.00:944][  0]LogD3D11RHI: Chosen D3D11 Adapter:
[2023.02.25-11.43.00:944][  0]LogD3D11RHI:     Description : NVIDIA GeForce RTX 2070 SUPER
[2023.02.25-11.43.00:944][  0]LogD3D11RHI:     VendorId    : 10de
[2023.02.25-11.43.00:944][  0]LogD3D11RHI:     DeviceId    : 1e84
[2023.02.25-11.43.00:944][  0]LogD3D11RHI:     SubSysId    : 8701103c
[2023.02.25-11.43.00:944][  0]LogD3D11RHI:     Revision    : 00a1
[2023.02.25-11.43.00:944][  0]LogD3D11RHI:     DedicatedVideoMemory : 8391753728 bytes
[2023.02.25-11.43.00:944][  0]LogD3D11RHI:     DedicatedSystemMemory : 0 bytes
[2023.02.25-11.43.00:944][  0]LogD3D11RHI:     SharedSystemMemory : 8517949440 bytes
[2023.02.25-11.43.00:944][  0]LogD3D11RHI:     AdapterLuid : 0 767656115
[2023.02.25-11.43.00:956][  0]LogD3D11RHI: Creating new Direct3DDevice
[2023.02.25-11.43.00:956][  0]LogD3D11RHI:     GPU DeviceId: 0x1e84 (for the marketing name, search the web for "GPU Device Id")
[2023.02.25-11.43.00:956][  0]LogWindows: EnumDisplayDevices:
[2023.02.25-11.43.00:956][  0]LogWindows:    0. 'NVIDIA GeForce RTX 2070 SUPER' (P:1 D:1)
[2023.02.25-11.43.00:956][  0]LogWindows:    1. 'NVIDIA GeForce RTX 2070 SUPER' (P:0 D:1)
[2023.02.25-11.43.00:956][  0]LogWindows:    2. 'NVIDIA GeForce RTX 2070 SUPER' (P:0 D:0)
[2023.02.25-11.43.00:956][  0]LogWindows:    3. 'NVIDIA GeForce RTX 2070 SUPER' (P:0 D:0)
[2023.02.25-11.43.00:956][  0]LogWindows: DebugString: FoundDriverCount:4 
[2023.02.25-11.43.00:956][  0]LogD3D11RHI:     Adapter Name: NVIDIA GeForce RTX 2070 SUPER
[2023.02.25-11.43.00:956][  0]LogD3D11RHI:   Driver Version: 528.49 (internal:31.0.15.2849, unified:528.49)
[2023.02.25-11.43.00:956][  0]LogD3D11RHI:      Driver Date: 2-2-2023
[2023.02.25-11.43.00:956][  0]LogRHI: Texture pool is 5602 MB (70% of 8003 MB)
[2023.02.25-11.43.00:956][  0]LogD3D11RHI: Creating D3DDevice using adapter:
[2023.02.25-11.43.00:956][  0]LogD3D11RHI:     Description : NVIDIA GeForce RTX 2070 SUPER
[2023.02.25-11.43.00:956][  0]LogD3D11RHI:     VendorId    : 10de
[2023.02.25-11.43.00:956][  0]LogD3D11RHI:     DeviceId    : 1e84
[2023.02.25-11.43.00:956][  0]LogD3D11RHI:     SubSysId    : 8701103c
[2023.02.25-11.43.00:956][  0]LogD3D11RHI:     Revision    : 00a1
[2023.02.25-11.43.00:956][  0]LogD3D11RHI:     DedicatedVideoMemory : 8391753728 bytes
[2023.02.25-11.43.00:956][  0]LogD3D11RHI:     DedicatedSystemMemory : 0 bytes
[2023.02.25-11.43.00:956][  0]LogD3D11RHI:     SharedSystemMemory : 8517949440 bytes
[2023.02.25-11.43.00:956][  0]LogD3D11RHI:     AdapterLuid : 0 767656115
[2023.02.25-11.43.01:012][  0]LogD3D11RHI: RHI has support for 64 bit atomics
[2023.02.25-11.43.01:012][  0]LogD3D11RHI: Async texture creation enabled
[2023.02.25-11.43.01:012][  0]LogD3D11RHI: Array index from any shader is supported
[2023.02.25-11.43.01:034][  0]LogD3D11RHI: GPU Timing Frequency: 1000.000000 (Debug: 2 2)
[2023.02.25-11.43.01:068][  0]LogRHI: GeForceNow SDK initialized: 1
[2023.02.25-11.43.01:314][  0]LogTargetPlatformManager: Display: Loaded TargetPlatform 'WindowsNoEditor'
[2023.02.25-11.43.01:319][  0]LogTargetPlatformManager: Display: Loaded TargetPlatform 'Windows'
[2023.02.25-11.43.01:323][  0]LogTargetPlatformManager: Display: Loaded TargetPlatform 'WindowsClient'
[2023.02.25-11.43.01:328][  0]LogTargetPlatformManager: Display: Loaded TargetPlatform 'WindowsServer'
[2023.02.25-11.43.01:328][  0]LogTargetPlatformManager: Display: Building Assets For Windows
[2023.02.25-11.43.01:336][  0]LogAudioDebug: Display: Lib vorbis DLL was dynamically loaded.
[2023.02.25-11.43.01:367][  0]LogTextureFormatOodle: Display: Oodle Texture 2.9.0 init RDO Off
[2023.02.25-11.43.01:399][  0]LogRendererCore: Ray tracing is disabled. Reason: r.RayTracing=0.
[2023.02.25-11.43.01:399][  0]LogShaderCompilers: Guid format shader working directory is 7 characters bigger than the processId version (D:/GitHUb/CatGame/WuzzyWizardCootsGame/Intermediate/Shaders/WorkingDirectory/36632/).
[2023.02.25-11.43.01:399][  0]LogShaderCompilers: Cleaned the shader compiler working directory 'C:/Users/waydi/AppData/Local/Temp/UnrealShaderWorkingDir/46F307B94FEFA1A7FA7FB58CE3FE761D/'.
[2023.02.25-11.43.01:399][  0]LogXGEController: Cannot use XGE Controller as Incredibuild is not installed on this machine.
[2023.02.25-11.43.01:399][  0]LogShaderCompilers: Cannot use XGE Shader Compiler as Incredibuild is not installed on this machine.
[2023.02.25-11.43.01:399][  0]LogShaderCompilers: Display: Using Local Shader Compiler.
[2023.02.25-11.43.02:012][  0]LogDerivedDataCache: Display: Max Cache Size: 512 MB
[2023.02.25-11.43.02:060][  0]LogDerivedDataCache: Loaded boot cache 0.05s 94MB C:/Users/waydi/AppData/Local/UnrealEngine/4.27/DerivedDataCache/Boot.ddc.
[2023.02.25-11.43.02:060][  0]LogDerivedDataCache: Display: Loaded Boot cache: C:/Users/waydi/AppData/Local/UnrealEngine/4.27/DerivedDataCache/Boot.ddc
[2023.02.25-11.43.02:060][  0]LogDerivedDataCache: FDerivedDataBackendGraph:  Pak pak cache file D:/GitHUb/CatGame/WuzzyWizardCootsGame/DerivedDataCache/DDC.ddp not found, will not use a pak cache.
[2023.02.25-11.43.02:060][  0]LogDerivedDataCache: Unable to find inner node Pak for hierarchical cache Hierarchy.
[2023.02.25-11.43.02:060][  0]LogDerivedDataCache: FDerivedDataBackendGraph:  CompressedPak pak cache file D:/GitHUb/CatGame/WuzzyWizardCootsGame/DerivedDataCache/Compressed.ddp not found, will not use a pak cache.
[2023.02.25-11.43.02:060][  0]LogDerivedDataCache: Unable to find inner node CompressedPak for hierarchical cache Hierarchy.
[2023.02.25-11.43.02:072][  0]LogDerivedDataCache: Display: Pak cache opened for reading ../../../Engine/DerivedDataCache/Compressed.ddp.
[2023.02.25-11.43.02:072][  0]LogDerivedDataCache: FDerivedDataBackendGraph:  EnterprisePak pak cache file ../../../Enterprise/DerivedDataCache/Compressed.ddp not found, will not use a pak cache.
[2023.02.25-11.43.02:072][  0]LogDerivedDataCache: Unable to find inner node EnterprisePak for hierarchical cache Hierarchy.
[2023.02.25-11.43.02:082][  0]LogDerivedDataCache: Speed tests for C:/Users/waydi/AppData/Local/UnrealEngine/Common/DerivedDataCache took 0.01 seconds
[2023.02.25-11.43.02:082][  0]LogDerivedDataCache: Display: Performance to C:/Users/waydi/AppData/Local/UnrealEngine/Common/DerivedDataCache: Latency=0.03ms. RandomReadSpeed=1117.01MBs, RandomWriteSpeed=108.18MBs. Assigned SpeedClass 'Local'
[2023.02.25-11.43.02:083][  0]LogDerivedDataCache: Using Local data cache path C:/Users/waydi/AppData/Local/UnrealEngine/Common/DerivedDataCache: Writable
[2023.02.25-11.43.02:083][  0]LogDerivedDataCache: Shared data cache path not found in *engine.ini, will not use an Shared cache.
[2023.02.25-11.43.02:083][  0]LogDerivedDataCache: Unable to find inner node Shared for hierarchical cache Hierarchy.
[2023.02.25-11.43.02:112][  0]LogSlate: Using FreeType 2.10.0
[2023.02.25-11.43.02:112][  0]LogSlate: SlateFontServices - WITH_FREETYPE: 1, WITH_HARFBUZZ: 1
[2023.02.25-11.43.02:186][  0]LogInit: Using OS detected language (sv-SE).
[2023.02.25-11.43.02:186][  0]LogInit: Using OS detected locale (sv-SE).
[2023.02.25-11.43.02:186][  0]LogTextLocalizationManager: No localization for 'sv-SE' exists, so 'en' will be used for the language.
[2023.02.25-11.43.02:186][  0]LogTextLocalizationManager: No localization for 'sv-SE' exists, so 'en' will be used for the locale.
[2023.02.25-11.43.02:188][  0]LogTextLocalizationManager: Compacting localization data took   0.00ms
[2023.02.25-11.43.02:188][  0]LogAssetRegistry: FAssetRegistry took 0.0018 seconds to start up
[2023.02.25-11.43.02:316][  0]LogPackageLocalizationCache: Processed 27 localized package path(s) for 1 prioritized culture(s) in 0.000826 seconds
[2023.02.25-11.43.02:372][  0]LogInit: Selected Device Profile: [Windows]
[2023.02.25-11.43.02:372][  0]LogInit: Active device profile: [000002546643DF00][000002545DEFC240 49] Windows
[2023.02.25-11.43.02:372][  0]LogInit: Profiles: [000002546643DF00][000002545DEFC240 49] Windows, [00000254663F5D00][000002545DF4A3C0 49] WindowsNoEditor, [000002546643E100][000002545DF4E540 49] WindowsServer, [00000254663F6200][000002545DF526C0 49] WindowsClient, [000002546643E700][000002545DF56840 49] IOS, [00000254663F6800][000002545DF5A9C0 49] iPadAir, [000002546643EC00][000002545DF5EB40 49] iPadAir2, [00000254663A2200][000002545DF66E00 49] IPadPro, [00000254663A2300][000002545DF62E40 49] iPadAir3, [000002546643D600][000002545DF6AFC0 49] iPadAir4, [00000254663A3E00][000002545DF6F140 49] iPadMini2, [000002546643FA00][000002545DF732C0 49] iPadMini3, [00000254663A1200][000002545DF77440 49] iPadMini4, [000002546643CA00][000002545DF47580 49] iPadMini5, [00000254663E1500][00000254631597C0 49] iPhone6, [00000254663E1600][000002545DF7B800 49] iPodTouch6, [00000254663F6E00][0000025463165A80 49] iPhone7, [00000254663F6F00][000002546315DAC0 49] iPodTouch7, [00000254663E3200][00000254631680C0 49] iPhone5S, [00000254663F4500][000002546316C240 49] iPhone6Plus, [00000254663E0D00][00000254631703C0 49] iPhone6S, [00000254663F5B00][0000025463174540 49] iPhone6SPlus, [00000254663E2D00][00000254631786C0 49] iPhone7Plus, [00000254663F5000][000002546317C840 49] iPhoneSE, [00000254663E3700][00000254631809C0 49] iPhone8, [00000254663F6000][0000025463184B40 49] iPhone8Plus, [00000254663E2600][0000025463188CC0 49] iPhoneX, [00000254663F4400][000002546318CE40 49] iPhoneXS, [00000254663E3600][0000025463190FC0 49] iPhoneXSMax, [00000254663F6100][0000025463195140 49] iPhoneXR, [00000254663E3A00][00000254631992C0 49] iPhone11, [00000254663F4900][000002546319D440 49] iPhone11Pro, [00000254663E1A00][000002545DE8D5C0 49] iPhone11ProMax, [00000254663F7F00][0000025463161700 49] iPhoneSE2, [00000254663E2C00][000002545DE91840 49] iPhone12Mini, [00000254663F4200][000002545DE95980 49] iPhone12, [00000254663E3800][000002545DE99AC0 49] iPhone12Pro, [00000254663F4800][000002545DEA00C0 49] iPhone12ProMax, [00000254663E0100][000002545DEA4240 49] iPadPro105, [00000254663F5400][000002545DEA83C0 49] iPadPro129, [00000254663E2F00][000002545DEAC540 49] iPadPro97, [00000254663F7200][000002545DEB06C0 49] iPadPro2_129, [00000254663A2500][000002545DEB4840 49] iPad5, [0000025466484200][000002545DEB89C0 49] iPad6, [00000254663A0400][000002545DEBCB40 49] iPad7, [00000254663F6600][000002545DEC0CC0 49] iPad8, [00000254663A3900][000002545DEC4E40 49] iPadPro11, [00000254663F5F00][000002545DEC8FC0 49] iPadPro2_11, [00000254663A3300][000002545DECD140 49] iPadPro3_129, [00000254663F5800][000002545DED12C0 49] iPadPro4_129, [00000254663A0600][000002545E231440 49] AppleTV, [00000254663F7800][000002545E2355C0 49] AppleTV4K, [00000254663A2A00][000002545E239740 49] TVOS, [00000254663F7C00][000002545E23D8C0 49] Mac, [00000254663A3100][000002545DE9DA00 49] MacClient, [00000254663F7400][000002545E241B40 49] MacNoEditor, [00000254663A1D00][000002545E244100 49] MacServer, [00000254663F7500][000002545E24C280 49] Linux, [00000254663A0A00][000002545E250400 49] LinuxAArch64, [00000254663F6B00][000002545E254580 49] LinuxNoEditor, [00000254663A0C00][000002545E258700 49] LinuxAArch64NoEditor, [00000254663F5E00][000002545E25C880 49] LinuxClient, [00000254663A2800][000002545E260A00 49] LinuxAArch64Client, [00000254663F7D00][000002545E264B80 49] LinuxServer, [00000254663A3F00][000002545E268D00 49] LinuxAArch64Server, [00000254663F5500][000002545E26CE80 49] Android, [00000254663A1400][000002545E271000 49] Android_Low, [00000254663F6300][000002545E275180 49] Android_Mid, [00000254663A3400][000002545E279300 49] Android_High, [00000254663F7600][00000254665C1480 49] Android_Default, [00000254663A1300][00000254665C5600 49] Android_Adreno4xx, [00000254663F7700][00000254665C9780 49] Android_Adreno5xx_Low, [00000254663A2F00][00000254665CD900 49] Android_Adreno5xx, [00000254663F7300][00000254665D1A80 49] Android_Adreno6xx, [00000254663A0700][000002545E249BC0 49] Android_Adreno6xx_Vulkan, [00000254663F4600][00000254665D4180 49] Android_Mali_T6xx, [00000254663A1B00][00000254665D82C0 49] Android_Mali_T7xx, [00000254663F6C00][00000254665E0440 49] Android_Mali_T8xx, [00000254663A1900][00000254665E45C0 49] Android_Mali_G71, [00000254663F7000][00000254665E8740 49] Android_Mali_G72, [000002546643C400][00000254665EC8C0 49] Android_Mali_G72_Vulkan, [00000254663E0B00][00000254665F0A40 49] Android_Mali_G76, [000002546643FC00][00000254665F4BC0 49] Android_Mali_G76_Vulkan, [00000254663E3D00][00000254665F8D40 49] Android_Mali_G77, [000002546643C800][00000254665FCEC0 49] Android_Mali_G77_Vulkan, [00000254663E1000][0000025466601040 49] Android_Mali_G78, [000002546643C300][00000254666051C0 49] Android_Mali_G78_Vulkan, [00000254663E1800][0000025466609340 49] Android_Mali_G710, [000002546643C100][000002546660D4C0 49] Android_Mali_G710_Vulkan, [00000254663E0800][0000025466611640 49] Android_Vulkan_SM5, [000002546643C600][00000254666157C0 49] Android_PowerVR_G6xxx, [00000254663E2A00][0000025466619940 49] Android_PowerVR_GT7xxx, [000002546643DC00][000002546661DAC0 49] Android_PowerVR_GE8xxx, [00000254663E2100][00000254666200C0 49] Android_PowerVR_GM9xxx, [000002546643E900][00000254665DC200 49] Android_PowerVR_GM9xxx_Vulkan, [00000254663E1C00][0000025466624340 49] Android_TegraK1, [000002546643E300][0000025466628480 49] Android_Unknown_Vulkan, [00000254663E2900][000002546662C5C0 49] Lumin, [000002546643EB00][0000025466634740 49] Lumin_Desktop, [00000254663E1200][00000254666388C0 49] HoloLens, 
[2023.02.25-11.43.02:414][  0]LogMeshReduction: Using QuadricMeshReduction for automatic static mesh reduction
[2023.02.25-11.43.02:414][  0]LogMeshReduction: Using SimplygonMeshReduction for automatic skeletal mesh reduction
[2023.02.25-11.43.02:414][  0]LogMeshReduction: Using ProxyLODMeshReduction for automatic mesh merging
[2023.02.25-11.43.02:414][  0]LogMeshReduction: No distributed automatic mesh merging module available
[2023.02.25-11.43.02:414][  0]LogMeshMerging: No distributed automatic mesh merging module available
[2023.02.25-11.43.02:501][  0]LogNetVersion: WuzzyWizardCootsGame 1.0.0, NetCL: 17155196, EngineNetVer: 17, GameNetVer: 0 (Checksum: 2931731505)
[2023.02.25-11.43.02:678][  0]LogTexture: Default maximum texture size for cubemaps generated from long-lat sources has been changed from 512 to unlimited. In order to preserve old behaiour for '/Engine/MapTemplates/Sky/DaylightAmbientCubemap.DaylightAmbientCubemap', its maximum texture size has been explicitly set to 512.
[2023.02.25-11.43.02:723][  0]LogHMD: PokeAHoleMaterial loaded successfully
[2023.02.25-11.43.02:821][  0]LogMoviePlayer: Initializing movie player
[2023.02.25-11.43.02:926][  0]LogNiagaraDebuggerClient: Niagara Debugger Client Initialized | Session: F69801334E6958187839B2978BD10CFA | Instance: D732384849BDD198AFBC229A105F8C62 (DESKTOP-J33SRN8-36632).
[2023.02.25-11.43.02:944][  0]LogCollectionManager: Loaded 0 collections in 0.001567 seconds
[2023.02.25-11.43.02:945][  0]LogFileCache: Scanning file cache for directory 'D:/GitHUb/CatGame/WuzzyWizardCootsGame/Saved/Collections/' took 0.00s
[2023.02.25-11.43.02:945][  0]LogFileCache: Scanning file cache for directory 'D:/GitHUb/CatGame/WuzzyWizardCootsGame/Content/Developers/waydi/Collections/' took 0.00s
[2023.02.25-11.43.02:945][  0]LogFileCache: Scanning file cache for directory 'D:/GitHUb/CatGame/WuzzyWizardCootsGame/Content/Collections/' took 0.00s
[2023.02.25-11.43.02:945][  0]LogCollectionManager: Fixed up redirectors for 0 collections in 0.000001 seconds (updated 0 objects)
[2023.02.25-11.43.03:033][  0]LogTcpMessaging: Initializing TcpMessaging bridge
[2023.02.25-11.43.03:040][  0]LogUdpMessaging: Initializing bridge on interface 0.0.0.0:0 to multicast group 230.0.0.1:6666.
[2023.02.25-11.43.03:051][  0]LogPython: Using Python 3.7.7
[2023.02.25-11.43.03:480][  0]SourceControl: Source control is disabled
[2023.02.25-11.43.03:480][  0]SourceControl: Source control is disabled
[2023.02.25-11.43.03:483][  0]SourceControl: Source control is disabled
[2023.02.25-11.43.03:489][  0]LogUProjectInfo: Found projects:
[2023.02.25-11.43.03:589][  0]LogOpenImageDenoise: OIDN starting up
[2023.02.25-11.43.03:595][  0]LogAndroidPermission: UAndroidPermissionCallbackProxy::GetInstance
[2023.02.25-11.43.03:614][  0]LogAudioCaptureCore: Display: No Audio Capture implementations found. Audio input will be silent.
[2023.02.25-11.43.03:614][  0]LogAudioCaptureCore: Display: No Audio Capture implementations found. Audio input will be silent.
[2023.02.25-11.43.03:672][  0]LogOcInput: OculusInput pre-init called
[2023.02.25-11.43.03:679][  0]LogUObjectArray: 22122 objects as part of root set at end of initial load.
[2023.02.25-11.43.03:679][  0]LogUObjectAllocator: 5975840 out of 0 bytes used by permanent object pool.
[2023.02.25-11.43.03:679][  0]LogUObjectArray: CloseDisregardForGC: 0/0 objects in disregard for GC pool
[2023.02.25-11.43.03:719][  0]LogEngine: Initializing Engine...
[2023.02.25-11.43.03:721][  0]LogHMD: Failed to enumerate extensions. Please check that you have a valid OpenXR runtime installed.
[2023.02.25-11.43.03:721][  0]LogHMD: Failed to initialize OpenVR with code 110
[2023.02.25-11.43.03:721][  0]LogMagicLeap: Warning: VR disabled because ZI is not enabled.  To enable, in the editor, Edit -> Project Settings -> Plugins -> Magic Leap Plugin -> Enable Zero Iteration
[2023.02.25-11.43.03:723][  0]LogStats: UGameplayTagsManager::InitializeManager -  0.000 s
[2023.02.25-11.43.03:806][  0]LogInit: Initializing FReadOnlyCVARCache
[2023.02.25-11.43.03:806][  0]LogAudio: Display: Initializing Audio Device Manager...
[2023.02.25-11.43.03:811][  0]LogAudio: Display: Loading Default Audio Settings Objects...
[2023.02.25-11.43.03:811][  0]LogAudio: Display: No default SoundConcurrencyObject specified (or failed to load).
[2023.02.25-11.43.03:812][  0]LogAudio: Display: Audio Device Manager Initialized
[2023.02.25-11.43.03:812][  0]LogAudio: Display: Creating Audio Device:                 Id: 1, Scope: Shared, Realtime: True
[2023.02.25-11.43.03:812][  0]LogAudioMixer: Display: Audio Mixer Platform Settings:
[2023.02.25-11.43.03:812][  0]LogAudioMixer: Display: 	Sample Rate:						  48000
[2023.02.25-11.43.03:812][  0]LogAudioMixer: Display: 	Callback Buffer Frame Size Requested: 1024
[2023.02.25-11.43.03:812][  0]LogAudioMixer: Display: 	Callback Buffer Frame Size To Use:	  1024
[2023.02.25-11.43.03:812][  0]LogAudioMixer: Display: 	Number of buffers to queue:			  2
[2023.02.25-11.43.03:812][  0]LogAudioMixer: Display: 	Max Channels (voices):				  32
[2023.02.25-11.43.03:812][  0]LogAudioMixer: Display: 	Number of Async Source Workers:		  0
[2023.02.25-11.43.03:812][  0]LogAudio: Display: AudioDevice MaxSources: 32
[2023.02.25-11.43.03:812][  0]LogAudio: Display: Audio Spatialization Plugin: None (built-in).
[2023.02.25-11.43.03:812][  0]LogAudio: Display: Audio Reverb Plugin: None (built-in).
[2023.02.25-11.43.03:812][  0]LogAudio: Display: Audio Occlusion Plugin: None (built-in).
[2023.02.25-11.43.03:812][  0]LogAudioMixer: Display: Initializing audio mixer.
[2023.02.25-11.43.03:822][  0]LogAudioMixer: Display: 0: FrontLeft
[2023.02.25-11.43.03:822][  0]LogAudioMixer: Display: 1: FrontRight
[2023.02.25-11.43.03:881][  0]LogAudioMixer: Display: Using Audio Device Speakers (Realtek(R) Audio)
[2023.02.25-11.43.03:886][  0]LogAudioMixer: Display: Initializing Sound Submixes...
[2023.02.25-11.43.03:888][  0]LogAudioMixer: Display: Creating Master Submix 'MasterSubmixDefault'
[2023.02.25-11.43.03:888][  0]LogAudioMixer: Display: Creating Master Submix 'MasterReverbSubmixDefault'
[2023.02.25-11.43.03:889][  0]LogAudioMixer: Display: Creating Master Submix 'MasterEQSubmixDefault'
[2023.02.25-11.43.03:889][  0]LogAudioMixer: FMixerPlatformXAudio2::StartAudioStream() called
[2023.02.25-11.43.03:889][  0]LogAudioMixer: Display: Output buffers initialized: Frames=1024, Channels=2, Samples=2048
[2023.02.25-11.43.03:889][  0]LogAudioMixer: Display: Starting AudioMixerPlatformInterface::RunInternal()
[2023.02.25-11.43.03:889][  0]LogAudioMixer: Display: FMixerPlatformXAudio2::SubmitBuffer() called for the first time
[2023.02.25-11.43.03:889][  0]LogInit: FAudioDevice initialized.
[2023.02.25-11.43.03:891][  0]LogNetVersion: Set ProjectVersion to 1.0.0.0. Version Checksum will be recalculated on next use.
[2023.02.25-11.43.03:891][  0]LogInit: Texture streaming: Enabled
[2023.02.25-11.43.03:949][  0]LogAudio: Display: Audio Device (ID: 1) registered with world 'Untitled'.
[2023.02.25-11.43.03:950][  0]LogSlate: Updating window title bar state: overlay mode, drag disabled, window buttons hidden, title bar hidden
[2023.02.25-11.43.03:950][  0]LogInit: Display: Game Engine Initialized.
[2023.02.25-11.43.03:950][  0]LogNiagaraEditor: GEditor isn't valid! Particle reset commands will not work for Niagara components!
[2023.02.25-11.43.04:044][  0]LogInit: Display: Starting Game.
[2023.02.25-11.43.04:045][  0]LogNet: Browse: /Game/ThirdPersonBP/Maps/Menu?Name=Player
[2023.02.25-11.43.04:045][  0]LogLoad: LoadMap: /Game/ThirdPersonBP/Maps/Menu?Name=Player
[2023.02.25-11.43.04:045][  0]LogWorld: BeginTearingDown for /Temp/Untitled_0
[2023.02.25-11.43.04:046][  0]LogWorld: UWorld::CleanupWorld for Untitled, bSessionEnded=true, bCleanupResources=true
[2023.02.25-11.43.04:046][  0]LogSlate: InvalidateAllWidgets triggered.  All widgets were invalidated
[2023.02.25-11.43.04:049][  0]LogAudio: Display: Audio Device unregistered from world 'None'.
[2023.02.25-11.43.04:051][  0]LogUObjectHash: Compacting FUObjectHashTables data took   0.70ms
[2023.02.25-11.43.04:559][  0]LogAudio: Display: Audio Device (ID: 1) registered with world 'Menu'.
[2023.02.25-11.43.04:564][  0]LogAIModule: Creating AISystem for world Menu
[2023.02.25-11.43.04:566][  0]LogLoad: Game class is 'NewBlueprint_C'
[2023.02.25-11.43.04:569][  0]LogWorld: Bringing World /Game/ThirdPersonBP/Maps/Menu.Menu up for play (max tick rate 0) at 2023.02.25-12.43.04
[2023.02.25-11.43.04:576][  0]LogWorld: Bringing up level for play took: 0.009673
[2023.02.25-11.43.04:576][  0]LogGameMode: FindPlayerStart: PATHS NOT DEFINED or NO PLAYERSTART with positive rating
[2023.02.25-11.43.04:578][  0]LogLoad: Took 0.534226 seconds to LoadMap(/Game/ThirdPersonBP/Maps/Menu)
[2023.02.25-11.43.04:623][  0]LogSlate: Took 0.000172 seconds to synchronously load lazily loaded font '../../../Engine/Content/Slate/Fonts/Roboto-Regular.ttf' (155K)
[2023.02.25-11.43.04:650][  0]LogRenderer: Reallocating scene render targets to support 1280x720 Format 10 NumSamples 1 (Frame:1).
[2023.02.25-11.43.04:650][  0]LogInit: Display: Engine is initialized. Leaving FEngineLoop::Init()
[2023.02.25-11.43.04:650][  0]LogLoad: (Engine Initialization) Total time: 5.31 seconds
[2023.02.25-11.43.04:650][  0]LogLoad: (Engine Initialization) Total Blueprint compile time: 0.00 seconds
[2023.02.25-11.43.04:654][  0]LogContentStreaming: Texture pool size now 1000 MB
[2023.02.25-11.43.13:266][919]LogSlate: Window 'WuzzyWizardCootsGame (64-bit Development PCD3D_SM5) ' being destroyed
[2023.02.25-11.43.13:268][919]LogWindowsTextInputMethodSystem: Display: IME system deactivated.
[2023.02.25-11.43.13:273][919]LogSlate: Updating window title bar state: overlay mode, drag disabled, window buttons hidden, title bar hidden
[2023.02.25-11.43.13:273][919]LogEngine: All Windows Closed
[2023.02.25-11.43.13:273][919]LogWindows: FPlatformMisc::RequestExit(0)
[2023.02.25-11.43.13:273][919]LogWindows: FPlatformMisc::RequestExitWithStatus(0, 0)
[2023.02.25-11.43.13:273][919]LogCore: Engine exit requested (reason: Win RequestExit)
[2023.02.25-11.43.13:273][920]LogCore: Engine exit requested (reason: EngineExit() was called; note: exit was already requested)
[2023.02.25-11.43.13:273][920]LogInit: Display: PreExit Game.
[2023.02.25-11.43.13:320][920]LogWorld: BeginTearingDown for /Game/ThirdPersonBP/Maps/Menu
[2023.02.25-11.43.13:320][920]LogWorld: UWorld::CleanupWorld for Menu, bSessionEnded=true, bCleanupResources=true
[2023.02.25-11.43.13:320][920]LogSlate: InvalidateAllWidgets triggered.  All widgets were invalidated
[2023.02.25-11.43.13:728][920]LogAudio: Display: Beginning Audio Device Manager Shutdown (Module: AudioMixerXAudio2)...
[2023.02.25-11.43.13:728][920]LogAudio: Display: Destroying 1 Remaining Audio Device(s)...
[2023.02.25-11.43.13:728][920]LogAudio: Display: Audio Device unregistered from world 'Menu'.
[2023.02.25-11.43.13:729][920]LogAudioMixer: FMixerPlatformXAudio2::StopAudioStream() called
[2023.02.25-11.43.13:729][920]LogAudioMixer: FMixerPlatformXAudio2::StopAudioStream() called
[2023.02.25-11.43.13:732][920]LogAudio: Display: Audio Device Manager Shutdown
[2023.02.25-11.43.13:736][920]LogExit: Preparing to exit.
[2023.02.25-11.43.13:740][920]LogSlate: Updating window title bar state: overlay mode, drag disabled, window buttons hidden, title bar hidden
[2023.02.25-11.43.13:742][920]LogUObjectHash: Compacting FUObjectHashTables data took   0.75ms
[2023.02.25-11.43.14:049][920]LogMoviePlayer: Shutting down movie player
[2023.02.25-11.43.14:209][920]LogDemo: Cleaned up 0 splitscreen connections with owner deletion
[2023.02.25-11.43.14:210][920]LogExit: Game engine shut down
[2023.02.25-11.43.14:252][920]LogExit: Object subsystem successfully closed.
[2023.02.25-11.43.14:264][920]LogShaderCompilers: Display: === FShaderJobCache stats ===
[2023.02.25-11.43.14:264][920]LogShaderCompilers: Display: Total job queries 0, among them cache hits 0 (0.00%)
[2023.02.25-11.43.14:264][920]LogShaderCompilers: Display: Tracking 0 distinct input hashes that result in 0 distinct outputs (0.00%)
[2023.02.25-11.43.14:264][920]LogShaderCompilers: Display: RAM used: 0.00 MB (0.00 GB) of 819.20 MB (0.80 GB) budget. Usage: 0.00%
[2023.02.25-11.43.14:264][920]LogShaderCompilers: Display: ================================================
[2023.02.25-11.43.14:278][920]LogShaderCompilers: Display: Shaders left to compile 0
[2023.02.25-11.43.14:296][920]LogModuleManager: Shutting down and abandoning module SequenceRecorderSections (558)
[2023.02.25-11.43.14:296][920]LogModuleManager: Shutting down and abandoning module SequenceRecorder (556)
[2023.02.25-11.43.14:296][920]LogModuleManager: Shutting down and abandoning module AutomationController (554)
[2023.02.25-11.43.14:296][920]LogModuleManager: Shutting down and abandoning module AutomationWorker (552)
[2023.02.25-11.43.14:296][920]LogModuleManager: Shutting down and abandoning module Voice (550)
[2023.02.25-11.43.14:296][920]LogModuleManager: Shutting down and abandoning module AIModule (548)
[2023.02.25-11.43.14:296][920]LogModuleManager: Shutting down and abandoning module GameplayDebugger (547)
[2023.02.25-11.43.14:296][920]LogModuleManager: Shutting down and abandoning module AITestSuite (545)
[2023.02.25-11.43.14:296][920]LogModuleManager: Shutting down and abandoning module NavigationSystem (543)
[2023.02.25-11.43.14:296][920]LogModuleManager: Shutting down and abandoning module SteamVREditor (540)
[2023.02.25-11.43.14:296][920]LogModuleManager: Shutting down and abandoning module ToolMenus (539)
[2023.02.25-11.43.14:296][920]LogModuleManager: Shutting down and abandoning module OculusMR (536)
[2023.02.25-11.43.14:296][920]LogModuleManager: Shutting down and abandoning module OpenXRInput (534)
[2023.02.25-11.43.14:296][920]LogModuleManager: Shutting down and abandoning module TakeRecorderSources (532)
[2023.02.25-11.43.14:296][920]LogModuleManager: Shutting down and abandoning module TakeRecorder (531)
[2023.02.25-11.43.14:296][920]LogModuleManager: Shutting down and abandoning module TakeTrackRecorders (528)
[2023.02.25-11.43.14:296][920]LogModuleManager: Shutting down and abandoning module TakesCore (526)
[2023.02.25-11.43.14:296][920]LogModuleManager: Shutting down and abandoning module PlanarCut (524)
[2023.02.25-11.43.14:296][920]LogModuleManager: Shutting down and abandoning module CharacterAI (522)
[2023.02.25-11.43.14:296][920]LogModuleManager: Shutting down and abandoning module WmfMediaFactory (520)
[2023.02.25-11.43.14:296][920]LogModuleManager: Shutting down and abandoning module WebMMediaFactory (518)
[2023.02.25-11.43.14:296][920]LogModuleManager: Shutting down and abandoning module WebMMedia (516)
[2023.02.25-11.43.14:296][920]LogModuleManager: Shutting down and abandoning module OpenExrWrapper (514)
[2023.02.25-11.43.14:296][920]LogModuleManager: Shutting down and abandoning module ImgMediaFactory (512)
[2023.02.25-11.43.14:296][920]LogModuleManager: Shutting down and abandoning module AvfMediaFactory (510)
[2023.02.25-11.43.14:296][920]LogModuleManager: Shutting down and abandoning module MagicLeapMediaCodecFactory (508)
[2023.02.25-11.43.14:296][920]LogModuleManager: Shutting down and abandoning module MagicLeapMediaFactory (506)
[2023.02.25-11.43.14:296][920]LogModuleManager: Shutting down and abandoning module SessionServices (504)
[2023.02.25-11.43.14:296][920]LogModuleManager: Shutting down and abandoning module MovieSceneCapture (502)
[2023.02.25-11.43.14:296][920]LogModuleManager: Shutting down and abandoning module LiveCoding (500)
[2023.02.25-11.43.14:296][920]LogModuleManager: Shutting down and abandoning module LevelSequence (498)
[2023.02.25-11.43.14:296][920]LogModuleManager: Shutting down and abandoning module MovieSceneTracks (496)
[2023.02.25-11.43.14:296][920]LogModuleManager: Shutting down and abandoning module MovieScene (494)
[2023.02.25-11.43.14:296][920]LogModuleManager: Shutting down and abandoning module StreamingPauseRendering (492)
[2023.02.25-11.43.14:296][920]LogModuleManager: Shutting down and abandoning module PortalServices (490)
[2023.02.25-11.43.14:296][920]LogModuleManager: Shutting down and abandoning module PortalRpc (488)
[2023.02.25-11.43.14:296][920]LogModuleManager: Shutting down and abandoning module MessagingRpc (486)
[2023.02.25-11.43.14:296][920]LogModuleManager: Shutting down and abandoning module AudioMixerXAudio2 (484)
[2023.02.25-11.43.14:296][920]LogModuleManager: Shutting down and abandoning module AudioMixerCore (483)
[2023.02.25-11.43.14:296][920]LogModuleManager: Shutting down and abandoning module ImageWriteQueue (480)
[2023.02.25-11.43.14:299][920]LogModuleManager: Shutting down and abandoning module ProfilerService (478)
[2023.02.25-11.43.14:311][920]LogModuleManager: Shutting down and abandoning module TaskGraph (476)
[2023.02.25-11.43.14:311][920]LogModuleManager: Shutting down and abandoning module OculusInput (474)
[2023.02.25-11.43.14:311][920]LogModuleManager: Shutting down and abandoning module Synthesis (472)
[2023.02.25-11.43.14:311][920]LogModuleManager: Shutting down and abandoning module ProceduralMeshComponent (470)
[2023.02.25-11.43.14:311][920]LogModuleManager: Shutting down and abandoning module MobilePatchingUtils (468)
[2023.02.25-11.43.14:311][920]LogModuleManager: Shutting down and abandoning module EditableMesh (466)
[2023.02.25-11.43.14:311][920]LogModuleManager: Shutting down and abandoning module GooglePAD (464)
[2023.02.25-11.43.14:311][920]LogModuleManager: Shutting down and abandoning module TakeMovieScene (462)
[2023.02.25-11.43.14:311][920]LogModuleManager: Shutting down and abandoning module CustomMeshComponent (460)
[2023.02.25-11.43.14:311][920]LogModuleManager: Shutting down and abandoning module CableComponent (458)
[2023.02.25-11.43.14:311][920]LogModuleManager: Shutting down and abandoning module AudioCapture (456)
[2023.02.25-11.43.14:311][920]LogModuleManager: Shutting down and abandoning module AudioCaptureRtAudio (455)
[2023.02.25-11.43.14:311][920]LogModuleManager: Shutting down and abandoning module AssetTags (452)
[2023.02.25-11.43.14:311][920]LogModuleManager: Shutting down and abandoning module ArchVisCharacter (450)
[2023.02.25-11.43.14:311][920]LogModuleManager: Shutting down and abandoning module AppleImageUtilsBlueprintSupport (448)
[2023.02.25-11.43.14:311][920]LogModuleManager: Shutting down and abandoning module AppleImageUtils (446)
[2023.02.25-11.43.14:311][920]LogModuleManager: Shutting down and abandoning module AndroidPermission (444)
[2023.02.25-11.43.14:311][920]LogModuleManager: Shutting down and abandoning module ActorLayerUtilities (442)
[2023.02.25-11.43.14:311][920]LogModuleManager: Shutting down and abandoning module OpenImageDenoise (440)
[2023.02.25-11.43.14:311][920]LogOpenImageDenoise: OIDN shutting down
[2023.02.25-11.43.14:311][920]LogModuleManager: Shutting down and abandoning module MotoSynth (438)
[2023.02.25-11.43.14:311][920]LogModuleManager: Shutting down and abandoning module MeshConversion (436)
[2023.02.25-11.43.14:311][920]LogModuleManager: Shutting down and abandoning module DynamicMesh (434)
[2023.02.25-11.43.14:311][920]LogModuleManager: Shutting down and abandoning module GeometryAlgorithms (432)
[2023.02.25-11.43.14:311][920]LogModuleManager: Shutting down and abandoning module GeometricObjects (430)
[2023.02.25-11.43.14:311][920]LogModuleManager: Shutting down and abandoning module GeometryCollectionTracks (428)
[2023.02.25-11.43.14:311][920]LogModuleManager: Shutting down and abandoning module GeometryCollectionSequencer (427)
[2023.02.25-11.43.14:311][920]LogModuleManager: Shutting down and abandoning module GeometryCacheTracks (424)
[2023.02.25-11.43.14:311][920]LogModuleManager: Shutting down and abandoning module GeometryCacheSequencer (423)
[2023.02.25-11.43.14:311][920]LogModuleManager: Shutting down and abandoning module GeometryCache (420)
[2023.02.25-11.43.14:311][920]LogModuleManager: Shutting down and abandoning module GeometryCacheEd (419)
[2023.02.25-11.43.14:311][920]LogModuleManager: Shutting down and abandoning module ChaosNiagara (416)
[2023.02.25-11.43.14:312][920]LogModuleManager: Shutting down and abandoning module FieldSystemEngine (415)
[2023.02.25-11.43.14:312][920]LogModuleManager: Shutting down and abandoning module AutomationUtils (412)
[2023.02.25-11.43.14:312][920]LogModuleManager: Shutting down and abandoning module BackChannel (410)
[2023.02.25-11.43.14:312][920]LogModuleManager: Shutting down and abandoning module TemplateSequence (408)
[2023.02.25-11.43.14:312][920]LogModuleManager: Shutting down and abandoning module MediaCompositing (406)
[2023.02.25-11.43.14:312][920]LogModuleManager: Shutting down and abandoning module ImgMedia (404)
[2023.02.25-11.43.14:312][920]LogModuleManager: Shutting down and abandoning module MagicLeapSharedWorld (402)
[2023.02.25-11.43.14:312][920]LogModuleManager: Shutting down and abandoning module MagicLeapLightEstimation (400)
[2023.02.25-11.43.14:312][920]LogModuleManager: Shutting down and abandoning module VisualStudioSourceCodeAccess (398)
[2023.02.25-11.43.14:312][920]LogModuleManager: Shutting down and abandoning module HotReload (397)
[2023.02.25-11.43.14:312][920]LogModuleManager: Shutting down and abandoning module MagicLeapHelperVulkan (394)
[2023.02.25-11.43.14:312][920]LogModuleManager: Shutting down and abandoning module MagicLeapHelperOpenGL (392)
[2023.02.25-11.43.14:312][920]LogModuleManager: Shutting down and abandoning module MagicLeapAudio (390)
[2023.02.25-11.43.14:312][920]LogModuleManager: Shutting down and abandoning module VisualStudioCodeSourceCodeAccess (388)
[2023.02.25-11.43.14:312][920]LogModuleManager: Shutting down and abandoning module UObjectPlugin (386)
[2023.02.25-11.43.14:312][920]LogModuleManager: Shutting down and abandoning module SubversionSourceControl (384)
[2023.02.25-11.43.14:312][920]LogModuleManager: Shutting down and abandoning module PerforceSourceControl (382)
[2023.02.25-11.43.14:312][920]LogModuleManager: Shutting down and abandoning module SourceControl (381)
[2023.02.25-11.43.14:312][920]LogModuleManager: Shutting down and abandoning module CLionSourceCodeAccess (378)
[2023.02.25-11.43.14:312][920]LogModuleManager: Shutting down and abandoning module OodleNetworkHandlerComponent (376)
[2023.02.25-11.43.14:312][920]LogModuleManager: Shutting down and abandoning module LiveLinkSequencer (374)
[2023.02.25-11.43.14:312][920]LogModuleManager: Shutting down and abandoning module LiveLinkMovieScene (372)
[2023.02.25-11.43.14:312][920]LogModuleManager: Shutting down and abandoning module LiveLinkGraphNode (370)
[2023.02.25-11.43.14:312][920]LogModuleManager: Shutting down and abandoning module LiveLinkComponents (368)
[2023.02.25-11.43.14:312][920]LogModuleManager: Shutting down and abandoning module LiveLink (366)
[2023.02.25-11.43.14:441][920]LogModuleManager: Shutting down and abandoning module RuntimePhysXCooking (364)
[2023.02.25-11.43.14:441][920]LogModuleManager: Shutting down and abandoning module SignificanceManager (362)
[2023.02.25-11.43.14:441][920]LogModuleManager: Shutting down and abandoning module SoundFields (360)
[2023.02.25-11.43.14:441][920]LogModuleManager: Shutting down and abandoning module PropertyAccessEditor (358)
[2023.02.25-11.43.14:441][920]LogModuleManager: Shutting down and abandoning module PhysXVehiclesEditor (356)
[2023.02.25-11.43.14:441][920]LogModuleManager: Shutting down and abandoning module LocationServicesBPLibrary (352)
[2023.02.25-11.43.14:441][920]LogModuleManager: Shutting down and abandoning module AudioSynesthesia (350)
[2023.02.25-11.43.14:441][920]LogModuleManager: Shutting down and abandoning module AudioSynesthesiaCore (348)
[2023.02.25-11.43.14:441][920]LogModuleManager: Shutting down and abandoning module PythonScriptPlugin (346)
[2023.02.25-11.43.14:441][920]LogModuleManager: Shutting down and abandoning module UdpMessaging (344)
[2023.02.25-11.43.14:543][920]LogModuleManager: Shutting down and abandoning module ActorSequence (342)
[2023.02.25-11.43.14:543][920]LogModuleManager: Shutting down and abandoning module TcpMessaging (340)
[2023.02.25-11.43.15:041][920]LogModuleManager: Shutting down and abandoning module ImgMediaEngine (338)
[2023.02.25-11.43.15:041][920]LogModuleManager: Shutting down and abandoning module MagicLeapARPin (336)
[2023.02.25-11.43.15:041][920]LogModuleManager: Shutting down and abandoning module MagicLeapHandMeshing (334)
[2023.02.25-11.43.15:041][920]LogModuleManager: Shutting down and abandoning module MagicLeapSecureStorage (332)
[2023.02.25-11.43.15:041][920]LogModuleManager: Shutting down and abandoning module MagicLeapPrivileges (330)
[2023.02.25-11.43.15:041][920]LogModuleManager: Shutting down and abandoning module MagicLeapPlanes (328)
[2023.02.25-11.43.15:041][920]LogMagicLeapPlanes: Planes tracker already destroyed.
[2023.02.25-11.43.15:041][920]LogModuleManager: Shutting down and abandoning module MagicLeapImageTracker (326)
[2023.02.25-11.43.15:041][920]LogModuleManager: Shutting down and abandoning module MagicLeapIdentity (324)
[2023.02.25-11.43.15:041][920]LogModuleManager: Shutting down and abandoning module MagicLeapHandTracking (322)
[2023.02.25-11.43.15:041][920]LogModuleManager: Shutting down and abandoning module MagicLeapEyeTracker (320)
[2023.02.25-11.43.15:041][920]LogModuleManager: Shutting down and abandoning module MagicLeapController (318)
[2023.02.25-11.43.15:041][920]LogModuleManager: Shutting down and abandoning module MagicLeapARPinImpl (316)
[2023.02.25-11.43.15:041][920]LogModuleManager: Shutting down and abandoning module MagicLeapAR (314)
[2023.02.25-11.43.15:041][920]LogModuleManager: Shutting down and abandoning module NiagaraAnimNotifies (312)
[2023.02.25-11.43.15:041][920]LogModuleManager: Shutting down and abandoning module Niagara (310)
[2023.02.25-11.43.15:041][920]LogModuleManager: Shutting down and abandoning module SignalProcessing (309)
[2023.02.25-11.43.15:041][920]LogModuleManager: Shutting down and abandoning module NiagaraEditor (307)
[2023.02.25-11.43.15:042][920]LogModuleManager: Shutting down and abandoning module ContentBrowser (306)
[2023.02.25-11.43.15:042][920]LogModuleManager: Shutting down and abandoning module CollectionManager (305)
[2023.02.25-11.43.15:042][920]LogModuleManager: Shutting down and abandoning module DirectoryWatcher (304)
[2023.02.25-11.43.15:042][920]LogModuleManager: Shutting down and abandoning module ContentBrowserData (301)
[2023.02.25-11.43.15:042][920]LogModuleManager: Shutting down and abandoning module NiagaraCore (296)
[2023.02.25-11.43.15:042][920]LogModuleManager: Shutting down and abandoning module PropertyAccessNode (294)
[2023.02.25-11.43.15:042][920]LogModuleManager: Shutting down and abandoning module AnimationSharing (292)
[2023.02.25-11.43.15:042][920]LogModuleManager: Shutting down and abandoning module FacialAnimation (290)
[2023.02.25-11.43.15:042][920]LogModuleManager: Shutting down and abandoning module GameplayTagsEditor (288)
[2023.02.25-11.43.15:042][920]LogModuleManager: Shutting down and abandoning module GameplayCameras (286)
[2023.02.25-11.43.15:042][920]LogModuleManager: Shutting down and abandoning module AssetManagerEditor (284)
[2023.02.25-11.43.15:042][920]LogModuleManager: Shutting down and abandoning module TreeMap (283)
[2023.02.25-11.43.15:042][920]LogModuleManager: Shutting down and abandoning module LightPropagationVolumeRuntime (280)
[2023.02.25-11.43.15:042][920]LogModuleManager: Shutting down and abandoning module EnvironmentQueryEditor (278)
[2023.02.25-11.43.15:042][920]LogModuleManager: Shutting down and abandoning module Paper2D (276)
[2023.02.25-11.43.15:042][920]LogModuleManager: Shutting down and abandoning module WindowsMoviePlayer (274)
[2023.02.25-11.43.15:042][920]LogModuleManager: Shutting down and abandoning module WebMMoviePlayer (272)
[2023.02.25-11.43.15:043][920]LogModuleManager: Shutting down and abandoning module NetworkReplayStreaming (270)
[2023.02.25-11.43.15:043][920]LogModuleManager: Shutting down and abandoning module PacketHandler (268)
[2023.02.25-11.43.15:043][920]LogModuleManager: Shutting down and abandoning module ClothingSystemEditor (266)
[2023.02.25-11.43.15:043][920]LogModuleManager: Shutting down and abandoning module ClothingSystemRuntimeNv (264)
[2023.02.25-11.43.15:043][920]LogModuleManager: Shutting down and abandoning module MediaAssets (262)
[2023.02.25-11.43.15:043][920]LogModuleManager: Shutting down and abandoning module Overlay (260)
[2023.02.25-11.43.15:043][920]LogModuleManager: Shutting down and abandoning module OverlayEditor (259)
[2023.02.25-11.43.15:043][920]LogModuleManager: Shutting down and abandoning module VREditor (256)
[2023.02.25-11.43.15:043][920]LogModuleManager: Shutting down and abandoning module StringTableEditor (254)
[2023.02.25-11.43.15:043][920]LogModuleManager: Shutting down and abandoning module GameplayTasksEditor (252)
[2023.02.25-11.43.15:043][920]LogModuleManager: Shutting down and abandoning module BehaviorTreeEditor (250)
[2023.02.25-11.43.15:043][920]LogModuleManager: Shutting down and abandoning module FunctionalTesting (248)
[2023.02.25-11.43.15:043][920]LogModuleManager: Shutting down and abandoning module CollisionAnalyzer (246)
[2023.02.25-11.43.15:043][920]LogModuleManager: Shutting down and abandoning module WorkspaceMenuStructure (245)
[2023.02.25-11.43.15:043][920]LogModuleManager: Shutting down and abandoning module UMG (242)
[2023.02.25-11.43.15:043][920]LogModuleManager: Shutting down and abandoning module UMGEditor (241)
[2023.02.25-11.43.15:043][920]LogModuleManager: Shutting down and abandoning module Sequencer (240)
[2023.02.25-11.43.15:043][920]LogModuleManager: Shutting down and abandoning module MessageLog (237)
[2023.02.25-11.43.15:043][920]LogModuleManager: Shutting down and abandoning module SlateReflector (232)
[2023.02.25-11.43.15:043][920]LogModuleManager: Shutting down and abandoning module Slate (230)
[2023.02.25-11.43.15:043][920]LogModuleManager: Shutting down and abandoning module SlateCore (228)
[2023.02.25-11.43.15:044][920]LogModuleManager: Shutting down and abandoning module LandscapeEditorUtilities (226)
[2023.02.25-11.43.15:044][920]LogModuleManager: Shutting down and abandoning module UnrealEd (224)
[2023.02.25-11.43.15:044][920]LogModuleManager: Shutting down and abandoning module MRMesh (222)
[2023.02.25-11.43.15:044][920]LogModuleManager: Shutting down and abandoning module Messaging (220)
[2023.02.25-11.43.15:044][920]LogModuleManager: Shutting down and abandoning module SourceCodeAccess (218)
[2023.02.25-11.43.15:044][920]LogModuleManager: Shutting down and abandoning module HeadMountedDisplay (216)
[2023.02.25-11.43.15:044][920]LogModuleManager: Shutting down and abandoning module XAudio2 (214)
[2023.02.25-11.43.15:044][920]LogModuleManager: Shutting down and abandoning module Networking (212)
[2023.02.25-11.43.15:044][920]LogModuleManager: Shutting down and abandoning module Core (210)
[2023.02.25-11.43.15:044][920]LogModuleManager: Shutting down and abandoning module MaterialEditor (208)
[2023.02.25-11.43.15:044][920]LogModuleManager: Shutting down and abandoning module MovieSceneTools (206)
[2023.02.25-11.43.15:044][920]LogModuleManager: Shutting down and abandoning module EditorStyle (205)
[2023.02.25-11.43.15:044][920]LogModuleManager: Shutting down and abandoning module KismetCompiler (202)
[2023.02.25-11.43.15:044][920]LogModuleManager: Shutting down and abandoning module MeshBuilder (200)
[2023.02.25-11.43.15:044][920]LogModuleManager: Shutting down and abandoning module MeshUtilities (198)
[2023.02.25-11.43.15:044][920]LogModuleManager: Shutting down and abandoning module MeshMergeUtilities (197)
[2023.02.25-11.43.15:044][920]LogModuleManager: Shutting down and abandoning module MeshReductionInterface (196)
[2023.02.25-11.43.15:044][920]LogModuleManager: Shutting down and abandoning module MeshBoneReduction (195)
[2023.02.25-11.43.15:044][920]LogModuleManager: Shutting down and abandoning module SkeletalMeshReduction (193)
[2023.02.25-11.43.15:044][920]LogModuleManager: Shutting down and abandoning module ProxyLODMeshReduction (191)
[2023.02.25-11.43.15:044][920]LogModuleManager: Shutting down and abandoning module QuadricMeshReduction (189)
[2023.02.25-11.43.15:044][920]LogModuleManager: Shutting down and abandoning module MaterialBaking (185)
[2023.02.25-11.43.15:044][920]LogModuleManager: Shutting down and abandoning module NullInstallBundleManager (180)
[2023.02.25-11.43.15:044][920]LogModuleManager: Shutting down and abandoning module PIEPreviewDeviceProfileSelector (178)
[2023.02.25-11.43.15:044][920]LogModuleManager: Shutting down and abandoning module DerivedDataCache (176)
[2023.02.25-11.43.15:044][920]LogModuleManager: Shutting down and abandoning module TargetPlatform (174)
[2023.02.25-11.43.15:044][920]LogModuleManager: Shutting down and abandoning module VulkanShaderFormat (173)
[2023.02.25-11.43.15:044][920]LogModuleManager: Shutting down and abandoning module ShaderFormatVectorVM (171)
[2023.02.25-11.43.15:044][920]LogModuleManager: Shutting down and abandoning module ShaderFormatOpenGL (169)
[2023.02.25-11.43.15:044][920]LogModuleManager: Shutting down and abandoning module ShaderFormatD3D (167)
[2023.02.25-11.43.15:044][920]LogModuleManager: Shutting down and abandoning module MetalShaderFormat (165)
[2023.02.25-11.43.15:044][920]LogModuleManager: Shutting down and abandoning module TextureFormatOodle (163)
[2023.02.25-11.43.15:044][920]LogModuleManager: Shutting down and abandoning module TextureFormatUncompressed (161)
[2023.02.25-11.43.15:044][920]LogModuleManager: Shutting down and abandoning module TextureFormatPVR (159)
[2023.02.25-11.43.15:044][920]LogModuleManager: Shutting down and abandoning module TextureFormatETC2 (157)
[2023.02.25-11.43.15:044][920]LogModuleManager: Shutting down and abandoning module TextureFormatDXT (155)
[2023.02.25-11.43.15:044][920]LogModuleManager: Shutting down and abandoning module TextureFormatIntelISPCTexComp (153)
[2023.02.25-11.43.15:045][920]LogModuleManager: Shutting down and abandoning module TextureFormatASTC (151)
[2023.02.25-11.43.15:045][920]LogModuleManager: Shutting down and abandoning module ImageWrapper (150)
[2023.02.25-11.43.15:045][920]LogModuleManager: Shutting down and abandoning module AudioFormatOpus (147)
[2023.02.25-11.43.15:045][920]LogModuleManager: Shutting down and abandoning module AudioFormatOgg (145)
[2023.02.25-11.43.15:045][920]LogModuleManager: Shutting down and abandoning module AudioFormatADPCM (143)
[2023.02.25-11.43.15:045][920]LogModuleManager: Shutting down and abandoning module WindowsServerTargetPlatform (141)
[2023.02.25-11.43.15:045][920]LogModuleManager: Shutting down and abandoning module WindowsClientTargetPlatform (139)
[2023.02.25-11.43.15:045][920]LogModuleManager: Shutting down and abandoning module WindowsTargetPlatform (137)
[2023.02.25-11.43.15:045][920]LogModuleManager: Shutting down and abandoning module WindowsNoEditorTargetPlatform (135)
[2023.02.25-11.43.15:045][920]LogModuleManager: Shutting down and abandoning module D3D11RHI (132)
[2023.02.25-11.43.15:045][920]LogModuleManager: Shutting down and abandoning module InputCore (130)
[2023.02.25-11.43.15:045][920]LogModuleManager: Shutting down and abandoning module Settings (128)
[2023.02.25-11.43.15:045][920]LogModuleManager: Shutting down and abandoning module PhysXCooking (126)
[2023.02.25-11.43.15:045][920]LogModuleManager: Shutting down and abandoning module Chaos (124)
[2023.02.25-11.43.15:045][920]LogModuleManager: Shutting down and abandoning module WindowsPlatformFeatures (122)
[2023.02.25-11.43.15:045][920]LogModuleManager: Shutting down and abandoning module GameplayMediaEncoder (121)
[2023.02.25-11.43.15:045][920]LogModuleManager: Shutting down and abandoning module AVEncoder (120)
[2023.02.25-11.43.15:045][920]LogModuleManager: Shutting down and abandoning module SteamVRInputDevice (116)
[2023.02.25-11.43.15:045][920]LogModuleManager: Shutting down and abandoning module SteamVRInput (114)
[2023.02.25-11.43.15:045][920]LogModuleManager: Shutting down and abandoning module SteamVR (112)
[2023.02.25-11.43.15:045][920]LogHMD: Freeing OpenVRDLLHandle.
[2023.02.25-11.43.15:045][920]LogModuleManager: Shutting down and abandoning module OculusHMD (110)
[2023.02.25-11.43.15:045][920]LogModuleManager: Shutting down and abandoning module OpenXRHandTracking (108)
[2023.02.25-11.43.15:045][920]LogSlate: Slate User Destroyed.  User Index 0, Is Virtual User: 0
[2023.02.25-11.43.15:045][920]LogModuleManager: Shutting down and abandoning module OpenXREyeTracker (106)
[2023.02.25-11.43.15:045][920]LogModuleManager: Shutting down and abandoning module OpenXRAR (104)
[2023.02.25-11.43.15:045][920]LogModuleManager: Shutting down and abandoning module AugmentedReality (103)
[2023.02.25-11.43.15:045][920]LogModuleManager: Shutting down and abandoning module OpenXRHMD (100)
[2023.02.25-11.43.15:045][920]LogModuleManager: Shutting down and abandoning module ExampleDeviceProfileSelector (98)
[2023.02.25-11.43.15:045][920]LogModuleManager: Shutting down and abandoning module ChunkDownloader (96)
[2023.02.25-11.43.15:045][920]LogModuleManager: Shutting down and abandoning module ChaosCloth (94)
[2023.02.25-11.43.15:045][920]LogModuleManager: Shutting down and abandoning module LauncherChunkInstaller (92)
[2023.02.25-11.43.15:045][920]LogModuleManager: Shutting down and abandoning module OnlineBlueprintSupport (90)
[2023.02.25-11.43.15:045][920]LogModuleManager: Shutting down and abandoning module OnlineSubsystem (86)
[2023.02.25-11.43.15:046][920]LogModuleManager: Shutting down and abandoning module XMPP (81)
[2023.02.25-11.43.15:046][920]LogModuleManager: Shutting down and abandoning module WebSockets (80)
[2023.02.25-11.43.15:071][920]LogModuleManager: Shutting down and abandoning module HTTP (77)
[2023.02.25-11.43.15:071][920]LogHttp: Display: cleaning up 0 outstanding Http requests.
[2023.02.25-11.43.15:076][920]LogModuleManager: Shutting down and abandoning module SSL (76)
[2023.02.25-11.43.15:077][920]LogModuleManager: Shutting down and abandoning module WmfMedia (72)
[2023.02.25-11.43.15:078][920]LogModuleManager: Shutting down and abandoning module Media (71)
[2023.02.25-11.43.15:078][920]LogModuleManager: Shutting down and abandoning module MediaInfo (70)
[2023.02.25-11.43.15:078][920]LogModuleManager: Shutting down and abandoning module ExrReaderGpu (66)
[2023.02.25-11.43.15:078][920]LogModuleManager: Shutting down and abandoning module MLSDK (64)
[2023.02.25-11.43.15:078][920]LogModuleManager: Shutting down and abandoning module MagicLeap (62)
[2023.02.25-11.43.15:078][920]LogModuleManager: Shutting down and abandoning module NiagaraVertexFactories (60)
[2023.02.25-11.43.15:078][920]LogModuleManager: Shutting down and abandoning module NiagaraShader (58)
[2023.02.25-11.43.15:078][920]LogModuleManager: Shutting down and abandoning module PixWinPlugin (56)
[2023.02.25-11.43.15:078][920]LogModuleManager: Shutting down and abandoning module VariantManagerContent (54)
[2023.02.25-11.43.15:078][920]LogModuleManager: Shutting down and abandoning module DatasmithContent (52)
[2023.02.25-11.43.15:079][920]LogModuleManager: Shutting down and abandoning module AISupportModule (50)
[2023.02.25-11.43.15:079][920]LogModuleManager: Shutting down and abandoning module DesktopPlatform (48)
[2023.02.25-11.43.15:079][920]LogModuleManager: Shutting down and abandoning module PlatformCryptoOpenSSL (46)
[2023.02.25-11.43.15:079][920]LogModuleManager: Shutting down and abandoning module PlatformCryptoTypes (44)
[2023.02.25-11.43.15:079][920]LogModuleManager: Shutting down and abandoning module PlatformCrypto (42)
[2023.02.25-11.43.15:079][920]LogModuleManager: Shutting down and abandoning module PythonScriptPluginPreload (40)
[2023.02.25-11.43.15:079][920]LogModuleManager: Shutting down and abandoning module OodleDataCompressionFormat (38)
[2023.02.25-11.43.15:079][920]LogModuleManager: Shutting down and abandoning module XGEController (36)
[2023.02.25-11.43.15:079][920]LogModuleManager: Shutting down and abandoning module AnimationModifiers (34)
[2023.02.25-11.43.15:079][920]LogModuleManager: Shutting down and abandoning module AudioEditor (32)
[2023.02.25-11.43.15:079][920]LogModuleManager: Shutting down and abandoning module PropertyEditor (31)
[2023.02.25-11.43.15:079][920]LogModuleManager: Shutting down and abandoning module TextureCompressor (28)
[2023.02.25-11.43.15:079][920]LogModuleManager: Shutting down and abandoning module RenderCore (26)
[2023.02.25-11.43.15:079][920]LogModuleManager: Shutting down and abandoning module Landscape (24)
[2023.02.25-11.43.15:079][920]LogModuleManager: Shutting down and abandoning module SlateRHIRenderer (22)
[2023.02.25-11.43.15:079][920]LogModuleManager: Shutting down and abandoning module AnimGraphRuntime (20)
[2023.02.25-11.43.15:079][920]LogModuleManager: Shutting down and abandoning module Renderer (18)
[2023.02.25-11.43.15:079][920]LogModuleManager: Shutting down and abandoning module Engine (16)
[2023.02.25-11.43.15:079][920]LogModuleManager: Shutting down and abandoning module CoreUObject (14)
[2023.02.25-11.43.15:079][920]LogModuleManager: Shutting down and abandoning module NetworkFile (12)
[2023.02.25-11.43.15:079][920]LogModuleManager: Shutting down and abandoning module CookedIterativeFile (10)
[2023.02.25-11.43.15:079][920]LogModuleManager: Shutting down and abandoning module StreamingFile (8)
[2023.02.25-11.43.15:079][920]LogModuleManager: Shutting down and abandoning module SandboxFile (6)
[2023.02.25-11.43.15:079][920]LogModuleManager: Shutting down and abandoning module PakFile (4)
[2023.02.25-11.43.15:079][920]LogModuleManager: Shutting down and abandoning module RSA (3)
[2023.02.25-11.43.15:398][920]LogContentStreaming: Display: There are 1 unreleased StreamingManagers
[2023.02.25-11.43.15:407][920]LogD3D11RHI: Shutdown
[2023.02.25-11.43.15:407][920]LogD3D11RHI: CleanupD3DDevice
[2023.02.25-11.43.15:408][920]LogExit: Exiting.
[2023.02.25-11.43.15:421][920]Log file closed, 02/25/23 12:43:15
