Log file open, 02/25/23 17:00:12
LogWindows: Failed to load 'aqProf.dll' (GetLastError=126)
LogWindows: File 'aqProf.dll' does not exist
LogWindows: Failed to load 'VtuneApi.dll' (GetLastError=126)
LogWindows: File 'VtuneApi.dll' does not exist
LogWindows: Failed to load 'VtuneApi32e.dll' (GetLastError=126)
LogWindows: File 'VtuneApi32e.dll' does not exist
LogConsoleResponse: Display: Failed to find resolution value strings in scalability ini. Falling back to default.
LogConsoleResponse: Display: Failed to find resolution value strings in scalability ini. Falling back to default.
LogInit: Display: Running engine for game: WuzzyWizardCootsGame
LogPlatformFile: Not using cached read wrapper
LogTaskGraph: Started task graph with 5 named threads and 47 total threads with 3 sets of task threads.
LogStats: Stats thread started at 0.204500
LogICUInternationalization: ICU TimeZone Detection - Raw Offset: +1:00, Platform Override: ''
LogInit: Display: Loading text-based GConfig....
LogPluginManager: Mounting plugin MeshPainting
LogPluginManager: Mounting plugin XGEController
LogPluginManager: Mounting plugin Paper2D
LogPluginManager: Mounting plugin LightPropagationVolume
LogPluginManager: Mounting plugin LiveLink
LogPluginManager: Mounting plugin GameplayCameras
LogPluginManager: Mounting plugin CameraShakePreviewer
LogPluginManager: Mounting plugin EnvironmentQueryEditor
LogPluginManager: Mounting plugin AISupport
LogPluginManager: Mounting plugin OodleData
LogPluginManager: Mounting plugin AnimationSharing
LogPluginManager: Mounting plugin OodleNetwork
LogPluginManager: Mounting plugin KDevelopSourceCodeAccess
LogPluginManager: Mounting plugin CodeLiteSourceCodeAccess
LogPluginManager: Mounting plugin GitSourceControl
LogPluginManager: Mounting plugin CLionSourceCodeAccess
LogPluginManager: Mounting plugin NullSourceCodeAccess
LogPluginManager: Mounting plugin PerforceSourceControl
LogPluginManager: Mounting plugin PlasticSourceControl
LogPluginManager: Mounting plugin RiderSourceCodeAccess
LogPluginManager: Mounting plugin PluginUtils
LogPluginManager: Mounting plugin PropertyAccessNode
LogPluginManager: Mounting plugin SubversionSourceControl
LogPluginManager: Mounting plugin TextureFormatOodle
LogPluginManager: Mounting plugin VisualStudioCodeSourceCodeAccess
LogPluginManager: Mounting plugin AssetManagerEditor
LogPluginManager: Mounting plugin XCodeSourceCodeAccess
LogPluginManager: Mounting plugin VisualStudioSourceCodeAccess
LogPluginManager: Mounting plugin UObjectPlugin
LogPluginManager: Mounting plugin PixWinPlugin
LogPluginManager: Mounting plugin DatasmithContent
LogPluginManager: Mounting plugin Niagara
LogPluginManager: Mounting plugin AlembicImporter
LogPluginManager: Mounting plugin AutomationUtils
LogPluginManager: Mounting plugin BackChannel
LogPluginManager: Mounting plugin VariantManagerContent
LogPluginManager: Mounting plugin ChaosCloth
LogPluginManager: Mounting plugin ChaosClothEditor
LogPluginManager: Mounting plugin ChaosEditor
LogPluginManager: Mounting plugin ChaosNiagara
LogPluginManager: Mounting plugin LuminPlatformFeatures
LogPluginManager: Mounting plugin ChaosSolverPlugin
LogPluginManager: Mounting plugin CharacterAI
LogPluginManager: Mounting plugin MagicLeap
LogPluginManager: Mounting plugin MagicLeapLightEstimation
LogPluginManager: Mounting plugin MagicLeapMedia
LogPluginManager: Mounting plugin MLSDK
LogPluginManager: Mounting plugin MagicLeapPassableWorld
LogPluginManager: Mounting plugin AndroidMedia
LogPluginManager: Mounting plugin AvfMedia
LogPluginManager: Mounting plugin ImgMedia
LogPluginManager: Mounting plugin MediaCompositing
LogPluginManager: Mounting plugin MediaPlayerEditor
LogPluginManager: Mounting plugin WmfMedia
LogPluginManager: Mounting plugin WebMMedia
LogPluginManager: Mounting plugin GeometryCollectionPlugin
LogPluginManager: Mounting plugin GeometryProcessing
LogPluginManager: Mounting plugin GeometryCache
LogPluginManager: Mounting plugin OpenImageDenoise
LogPluginManager: Mounting plugin MotoSynth
LogPluginManager: Mounting plugin PlanarCut
LogPluginManager: Mounting plugin ProxyLODPlugin
LogPluginManager: Mounting plugin PythonScriptPlugin
LogPluginManager: Mounting plugin SkeletalReduction
LogPluginManager: Mounting plugin PlatformCrypto
LogPluginManager: Mounting plugin TcpMessaging
LogPluginManager: Mounting plugin UdpMessaging
LogPluginManager: Mounting plugin LevelSequenceEditor
LogPluginManager: Mounting plugin MatineeToLevelSequence
LogPluginManager: Mounting plugin ActorSequence
LogPluginManager: Mounting plugin OnlineSubsystem
LogPluginManager: Mounting plugin TemplateSequence
LogPluginManager: Mounting plugin OnlineSubsystemNull
LogPluginManager: Mounting plugin OnlineSubsystemUtils
LogPluginManager: Mounting plugin AndroidMoviePlayer
LogPluginManager: Mounting plugin ActorLayerUtilities
LogPluginManager: Mounting plugin AndroidDeviceProfileSelector
LogPluginManager: Mounting plugin AndroidPermission
LogPluginManager: Mounting plugin AppleImageUtils
LogPluginManager: Mounting plugin AppleMoviePlayer
LogPluginManager: Mounting plugin ArchVisCharacter
LogPluginManager: Mounting plugin AssetTags
LogPluginManager: Mounting plugin CableComponent
LogPluginManager: Mounting plugin ChunkDownloader
LogPluginManager: Mounting plugin AudioCapture
LogPluginManager: Mounting plugin AudioSynesthesia
LogPluginManager: Mounting plugin EditableMesh
LogPluginManager: Mounting plugin ExampleDeviceProfileSelector
LogPluginManager: Mounting plugin LauncherChunkInstaller
LogPluginManager: Mounting plugin GoogleCloudMessaging
LogPluginManager: Mounting plugin GooglePAD
LogPluginManager: Mounting plugin IOSDeviceProfileSelector
LogPluginManager: Mounting plugin LinuxDeviceProfileSelector
LogPluginManager: Mounting plugin CustomMeshComponent
LogPluginManager: Mounting plugin ScreenshotTools
LogPluginManager: Mounting plugin MobilePatchingUtils
LogPluginManager: Mounting plugin OpenXREyeTracker
LogPluginManager: Mounting plugin OpenXR
LogPluginManager: Mounting plugin OpenXRHandTracking
LogPluginManager: Mounting plugin PostSplashScreen
LogPluginManager: Mounting plugin PhysXVehicles
LogPluginManager: Mounting plugin ProceduralMeshComponent
LogPluginManager: Mounting plugin PropertyAccessEditor
LogPluginManager: Mounting plugin RuntimePhysXCooking
LogPluginManager: Mounting plugin SignificanceManager
LogPluginManager: Mounting plugin SoundFields
LogPluginManager: Mounting plugin LocationServicesBPLibrary
LogPluginManager: Mounting plugin Takes
LogPluginManager: Mounting plugin Synthesis
LogPluginManager: Mounting plugin WebMMoviePlayer
LogPluginManager: Mounting plugin WindowsMoviePlayer
LogPluginManager: Mounting plugin CryptoKeys
LogPluginManager: Mounting plugin DataValidation
LogPluginManager: Mounting plugin FacialAnimation
LogPluginManager: Mounting plugin GameplayTagsEditor
LogPluginManager: Mounting plugin GeometryMode
LogPluginManager: Mounting plugin CurveEditorTools
LogPluginManager: Mounting plugin MacGraphicsSwitching
LogPluginManager: Mounting plugin MaterialAnalyzer
LogPluginManager: Mounting plugin MobileLauncherProfileWizard
LogPluginManager: Mounting plugin PluginBrowser
LogPluginManager: Mounting plugin SpeedTreeImporter
LogPluginManager: Mounting plugin OnlineSubsystemGooglePlay
LogPluginManager: Mounting plugin OnlineSubsystemIOS
LogPluginManager: Mounting plugin OculusVR
LogPluginManager: Mounting plugin SteamVR
LogPluginManager: Mounting plugin ContentBrowserAssetDataSource
LogPluginManager: Mounting plugin ContentBrowserClassDataSource
LogPluginManager: Mounting plugin ContentBrowserFileDataSource
PixWinPlugin: PIX capture plugin failed to initialize! Check that the process is launched from PIX.
LogInit: Using libcurl 7.55.1-DEV
LogInit:  - built for x86_64-pc-win32
LogInit:  - supports SSL with OpenSSL/1.1.1
LogInit:  - supports HTTP deflate (compression) using libz 1.2.8
LogInit:  - other features:
LogInit:      CURL_VERSION_SSL
LogInit:      CURL_VERSION_LIBZ
LogInit:      CURL_VERSION_IPV6
LogInit:      CURL_VERSION_ASYNCHDNS
LogInit:      CURL_VERSION_LARGEFILE
LogInit:      CURL_VERSION_IDN
LogInit:  CurlRequestOptions (configurable via config and command line):
LogInit:  - bVerifyPeer = true  - Libcurl will verify peer certificate
LogInit:  - bUseHttpProxy = false  - Libcurl will NOT use HTTP proxy
LogInit:  - bDontReuseConnections = false  - Libcurl will reuse connections
LogInit:  - MaxHostConnections = 16  - Libcurl will limit the number of connections to a host
LogInit:  - LocalHostAddr = Default
LogInit:  - BufferSize = 65536
LogOnline: OSS: Creating online subsystem instance for: NULL
LogInit: WinSock: version 1.1 (2.2), MaxSocks=32767, MaxUdp=65467
LogOnline: OSS: TryLoadSubsystemAndSetDefault: Loaded subsystem for module [NULL]
LogOculusPluginWrapper: OculusPlugin initialized successfully
LogHMD: Failed initializing OVRPlugin 1.59.0
LogInit: Build: ++UE4+Release-4.27-CL-18319896
LogInit: Engine Version: 4.27.2-18319896+++UE4+Release-4.27
LogInit: Compatible Engine Version: 4.27.0-17155196+++UE4+Release-4.27
LogInit: Net CL: 17155196
LogInit: OS: Windows 10 (Release 2009) (), CPU: Intel(R) Core(TM) i7-10700F CPU @ 2.90GHz, GPU: NVIDIA GeForce RTX 2070 SUPER
LogInit: Compiled (64-bit): Nov 30 2021 07:12:08
LogInit: Compiled with Visual C++: 19.24.28315.00
LogInit: Build Configuration: Development
LogInit: Branch Name: ++UE4+Release-4.27
LogInit: Command Line:  /Game/ThirdPersonBP/Maps/Menu -game -PIEVIACONSOLE -Multiprocess GameUserSettingsINI=D:/GitHUb/CatGame/WuzzyWizardCootsGame/Saved/Config/Windows/PIEGameUserSettings0.ini -MultiprocessSaveConfig -forcepassthrough -messaging -SessionName="Play in Standalone Game" -windowed -ResX=1280 -ResY=720
LogInit: Base Directory: C:/Program Files/Epic Games/UE_4.27/Engine/Binaries/Win64/
LogInit: Allocator: TBB
LogInit: Installed Engine Build: 1
LogDevObjectVersion: Number of dev versions registered: 29
LogDevObjectVersion:   Dev-Blueprints (B0D832E4-1F89-4F0D-ACCF-7EB736FD4AA2): 10
LogDevObjectVersion:   Dev-Build (E1C64328-A22C-4D53-A36C-8E866417BD8C): 0
LogDevObjectVersion:   Dev-Core (375EC13C-06E4-48FB-B500-84F0262A717E): 4
LogDevObjectVersion:   Dev-Editor (E4B068ED-F494-42E9-A231-DA0B2E46BB41): 40
LogDevObjectVersion:   Dev-Framework (CFFC743F-43B0-4480-9391-14DF171D2073): 37
LogDevObjectVersion:   Dev-Mobile (B02B49B5-BB20-44E9-A304-32B752E40360): 3
LogDevObjectVersion:   Dev-Networking (A4E4105C-59A1-49B5-A7C5-40C4547EDFEE): 0
LogDevObjectVersion:   Dev-Online (39C831C9-5AE6-47DC-9A44-9C173E1C8E7C): 0
LogDevObjectVersion:   Dev-Physics (78F01B33-EBEA-4F98-B9B4-84EACCB95AA2): 14
LogDevObjectVersion:   Dev-Platform (6631380F-2D4D-43E0-8009-CF276956A95A): 0
LogDevObjectVersion:   Dev-Rendering (12F88B9F-8875-4AFC-A67C-D90C383ABD29): 45
LogDevObjectVersion:   Dev-Sequencer (7B5AE74C-D270-4C10-A958-57980B212A5A): 13
LogDevObjectVersion:   Dev-VR (D7296918-1DD6-4BDD-9DE2-64A83CC13884): 3
LogDevObjectVersion:   Dev-LoadTimes (C2A15278-BFE7-4AFE-6C17-90FF531DF755): 1
LogDevObjectVersion:   Private-Geometry (6EACA3D4-40EC-4CC1-B786-8BED09428FC5): 3
LogDevObjectVersion:   Dev-AnimPhys (29E575DD-E0A3-4627-9D10-D276232CDCEA): 17
LogDevObjectVersion:   Dev-Anim (AF43A65D-7FD3-4947-9873-3E8ED9C1BB05): 15
LogDevObjectVersion:   Dev-ReflectionCapture (6B266CEC-1EC7-4B8F-A30B-E4D90942FC07): 1
LogDevObjectVersion:   Dev-Automation (0DF73D61-A23F-47EA-B727-89E90C41499A): 1
LogDevObjectVersion:   FortniteMain (601D1886-AC64-4F84-AA16-D3DE0DEAC7D6): 47
LogDevObjectVersion:   FortniteRelease (E7086368-6B23-4C58-8439-1B7016265E91): 1
LogDevObjectVersion:   Dev-Enterprise (9DFFBCD6-494F-0158-E221-12823C92A888): 10
LogDevObjectVersion:   Dev-Niagara (F2AED0AC-9AFE-416F-8664-AA7FFA26D6FC): 1
LogDevObjectVersion:   Dev-Destruction (174F1F0B-B4C6-45A5-B13F-2EE8D0FB917D): 10
LogDevObjectVersion:   Dev-Physics-Ext (35F94A83-E258-406C-A318-09F59610247C): 41
LogDevObjectVersion:   Dev-PhysicsMaterial-Chaos (B68FC16E-8B1B-42E2-B453-215C058844FE): 1
LogDevObjectVersion:   Dev-CineCamera (B2E18506-4273-CFC2-A54E-F4BB758BBA07): 1
LogDevObjectVersion:   Dev-VirtualProduction (64F58936-FD1B-42BA-BA96-7289D5D0FA4E): 1
LogDevObjectVersion:   Dev-MediaFramework (6F0ED827-A609-4895-9C91-998D90180EA4): 2
LogInit: Presizing for max 25165824 objects, including 0 objects not considered by GC, pre-allocating 0 bytes for permanent pool.
LogConfig: Applying CVar settings from Section [/Script/Engine.StreamingSettings] File [D:/GitHUb/CatGame/WuzzyWizardCootsGame/Saved/Config/Windows/Engine.ini]
LogConfig: Setting CVar [[s.MinBulkDataSizeForAsyncLoading:131072]]
LogConfig: Setting CVar [[s.AsyncLoadingThreadEnabled:0]]
LogConfig: Setting CVar [[s.EventDrivenLoaderEnabled:1]]
LogConfig: Setting CVar [[s.WarnIfTimeLimitExceeded:0]]
LogConfig: Setting CVar [[s.TimeLimitExceededMultiplier:1.5]]
LogConfig: Setting CVar [[s.TimeLimitExceededMinTime:0.005]]
LogConfig: Setting CVar [[s.UseBackgroundLevelStreaming:1]]
LogConfig: Setting CVar [[s.PriorityAsyncLoadingExtraTime:15.0]]
LogConfig: Setting CVar [[s.LevelStreamingActorsUpdateTimeLimit:5.0]]
LogConfig: Setting CVar [[s.PriorityLevelStreamingActorsUpdateExtraTime:5.0]]
LogConfig: Setting CVar [[s.LevelStreamingComponentsRegistrationGranularity:10]]
LogConfig: Setting CVar [[s.UnregisterComponentsTimeLimit:1.0]]
LogConfig: Setting CVar [[s.LevelStreamingComponentsUnregistrationGranularity:5]]
LogConfig: Setting CVar [[s.FlushStreamingOnExit:1]]
LogInit: Object subsystem initialized
LogConfig: Setting CVar [[con.DebugEarlyDefault:1]]
LogConfig: Setting CVar [[r.setres:1280x720]]
[2023.02.25-16.00.12:708][  0]LogConfig: Setting CVar [[con.DebugEarlyDefault:1]]
[2023.02.25-16.00.12:708][  0]LogConfig: Setting CVar [[r.setres:1280x720]]
[2023.02.25-16.00.12:708][  0]LogConfig: Applying CVar settings from Section [/Script/Engine.RendererSettings] File [D:/GitHUb/CatGame/WuzzyWizardCootsGame/Saved/Config/Windows/Engine.ini]
[2023.02.25-16.00.12:708][  0]LogConfig: Setting CVar [[r.GPUCrashDebugging:0]]
[2023.02.25-16.00.12:708][  0]LogConfig: Applying CVar settings from Section [/Script/Engine.RendererOverrideSettings] File [D:/GitHUb/CatGame/WuzzyWizardCootsGame/Saved/Config/Windows/Engine.ini]
[2023.02.25-16.00.12:708][  0]LogConfig: Applying CVar settings from Section [/Script/Engine.StreamingSettings] File [D:/GitHUb/CatGame/WuzzyWizardCootsGame/Saved/Config/Windows/Engine.ini]
[2023.02.25-16.00.12:708][  0]LogConfig: Setting CVar [[s.MinBulkDataSizeForAsyncLoading:131072]]
[2023.02.25-16.00.12:708][  0]LogConfig: Setting CVar [[s.AsyncLoadingThreadEnabled:0]]
[2023.02.25-16.00.12:708][  0]LogConfig: Setting CVar [[s.EventDrivenLoaderEnabled:1]]
[2023.02.25-16.00.12:708][  0]LogConfig: Setting CVar [[s.WarnIfTimeLimitExceeded:0]]
[2023.02.25-16.00.12:708][  0]LogConfig: Setting CVar [[s.TimeLimitExceededMultiplier:1.5]]
[2023.02.25-16.00.12:708][  0]LogConfig: Setting CVar [[s.TimeLimitExceededMinTime:0.005]]
[2023.02.25-16.00.12:708][  0]LogConfig: Setting CVar [[s.UseBackgroundLevelStreaming:1]]
[2023.02.25-16.00.12:708][  0]LogConfig: Setting CVar [[s.PriorityAsyncLoadingExtraTime:15.0]]
[2023.02.25-16.00.12:708][  0]LogConfig: Setting CVar [[s.LevelStreamingActorsUpdateTimeLimit:5.0]]
[2023.02.25-16.00.12:708][  0]LogConfig: Setting CVar [[s.PriorityLevelStreamingActorsUpdateExtraTime:5.0]]
[2023.02.25-16.00.12:708][  0]LogConfig: Setting CVar [[s.LevelStreamingComponentsRegistrationGranularity:10]]
[2023.02.25-16.00.12:708][  0]LogConfig: Setting CVar [[s.UnregisterComponentsTimeLimit:1.0]]
[2023.02.25-16.00.12:708][  0]LogConfig: Setting CVar [[s.LevelStreamingComponentsUnregistrationGranularity:5]]
[2023.02.25-16.00.12:708][  0]LogConfig: Setting CVar [[s.FlushStreamingOnExit:1]]
[2023.02.25-16.00.12:708][  0]LogConfig: Applying CVar settings from Section [/Script/Engine.GarbageCollectionSettings] File [D:/GitHUb/CatGame/WuzzyWizardCootsGame/Saved/Config/Windows/Engine.ini]
[2023.02.25-16.00.12:708][  0]LogConfig: Setting CVar [[gc.MaxObjectsNotConsideredByGC:1]]
[2023.02.25-16.00.12:708][  0]LogConfig: Setting CVar [[gc.SizeOfPermanentObjectPool:0]]
[2023.02.25-16.00.12:708][  0]LogConfig: Setting CVar [[gc.FlushStreamingOnGC:0]]
[2023.02.25-16.00.12:708][  0]LogConfig: Setting CVar [[gc.NumRetriesBeforeForcingGC:10]]
[2023.02.25-16.00.12:708][  0]LogConfig: Setting CVar [[gc.AllowParallelGC:1]]
[2023.02.25-16.00.12:708][  0]LogConfig: Setting CVar [[gc.TimeBetweenPurgingPendingKillObjects:61.1]]
[2023.02.25-16.00.12:708][  0]LogConfig: Setting CVar [[gc.MaxObjectsInEditor:25165824]]
[2023.02.25-16.00.12:708][  0]LogConfig: Setting CVar [[gc.IncrementalBeginDestroyEnabled:1]]
[2023.02.25-16.00.12:708][  0]LogConfig: Setting CVar [[gc.CreateGCClusters:1]]
[2023.02.25-16.00.12:708][  0]LogConfig: Setting CVar [[gc.MinGCClusterSize:5]]
[2023.02.25-16.00.12:708][  0]LogConfig: Setting CVar [[gc.ActorClusteringEnabled:0]]
[2023.02.25-16.00.12:708][  0]LogConfig: Setting CVar [[gc.BlueprintClusteringEnabled:0]]
[2023.02.25-16.00.12:708][  0]LogConfig: Setting CVar [[gc.UseDisregardForGCOnDedicatedServers:0]]
[2023.02.25-16.00.12:708][  0]LogConfig: Setting CVar [[gc.MultithreadedDestructionEnabled:1]]
[2023.02.25-16.00.12:708][  0]LogConfig: Applying CVar settings from Section [/Script/Engine.NetworkSettings] File [D:/GitHUb/CatGame/WuzzyWizardCootsGame/Saved/Config/Windows/Engine.ini]
[2023.02.25-16.00.12:708][  0]LogConfig: Applying CVar settings from Section [/Script/UnrealEd.CookerSettings] File [D:/GitHUb/CatGame/WuzzyWizardCootsGame/Saved/Config/Windows/Engine.ini]
[2023.02.25-16.00.12:717][  0]LogConfig: Applying CVar settings from Section [ViewDistanceQuality@3] File [D:/GitHUb/CatGame/WuzzyWizardCootsGame/Saved/Config/Windows/Scalability.ini]
[2023.02.25-16.00.12:717][  0]LogConfig: Setting CVar [[r.SkeletalMeshLODBias:0]]
[2023.02.25-16.00.12:717][  0]LogConfig: Setting CVar [[r.ViewDistanceScale:1.0]]
[2023.02.25-16.00.12:717][  0]LogConfig: Applying CVar settings from Section [AntiAliasingQuality@3] File [D:/GitHUb/CatGame/WuzzyWizardCootsGame/Saved/Config/Windows/Scalability.ini]
[2023.02.25-16.00.12:717][  0]LogConfig: Setting CVar [[r.PostProcessAAQuality:4]]
[2023.02.25-16.00.12:717][  0]LogConfig: Applying CVar settings from Section [ShadowQuality@3] File [D:/GitHUb/CatGame/WuzzyWizardCootsGame/Saved/Config/Windows/Scalability.ini]
[2023.02.25-16.00.12:717][  0]LogConfig: Setting CVar [[r.LightFunctionQuality:1]]
[2023.02.25-16.00.12:717][  0]LogConfig: Setting CVar [[r.ShadowQuality:5]]
[2023.02.25-16.00.12:717][  0]LogConfig: Setting CVar [[r.Shadow.CSM.MaxCascades:10]]
[2023.02.25-16.00.12:717][  0]LogConfig: Setting CVar [[r.Shadow.MaxResolution:2048]]
[2023.02.25-16.00.12:717][  0]LogConfig: Setting CVar [[r.Shadow.MaxCSMResolution:2048]]
[2023.02.25-16.00.12:717][  0]LogConfig: Setting CVar [[r.Shadow.RadiusThreshold:0.01]]
[2023.02.25-16.00.12:717][  0]LogConfig: Setting CVar [[r.Shadow.DistanceScale:1.0]]
[2023.02.25-16.00.12:717][  0]LogConfig: Setting CVar [[r.Shadow.CSM.TransitionScale:1.0]]
[2023.02.25-16.00.12:717][  0]LogConfig: Setting CVar [[r.Shadow.PreShadowResolutionFactor:1.0]]
[2023.02.25-16.00.12:717][  0]LogConfig: Setting CVar [[r.DistanceFieldShadowing:1]]
[2023.02.25-16.00.12:717][  0]LogConfig: Setting CVar [[r.DistanceFieldAO:1]]
[2023.02.25-16.00.12:717][  0]LogConfig: Setting CVar [[r.AOQuality:2]]
[2023.02.25-16.00.12:717][  0]LogConfig: Setting CVar [[r.VolumetricFog:1]]
[2023.02.25-16.00.12:717][  0]LogConfig: Setting CVar [[r.VolumetricFog.GridPixelSize:8]]
[2023.02.25-16.00.12:717][  0]LogConfig: Setting CVar [[r.VolumetricFog.GridSizeZ:128]]
[2023.02.25-16.00.12:717][  0]LogConfig: Setting CVar [[r.VolumetricFog.HistoryMissSupersampleCount:4]]
[2023.02.25-16.00.12:717][  0]LogConfig: Setting CVar [[r.LightMaxDrawDistanceScale:1]]
[2023.02.25-16.00.12:717][  0]LogConfig: Setting CVar [[r.CapsuleShadows:1]]
[2023.02.25-16.00.12:717][  0]LogConfig: Applying CVar settings from Section [PostProcessQuality@3] File [D:/GitHUb/CatGame/WuzzyWizardCootsGame/Saved/Config/Windows/Scalability.ini]
[2023.02.25-16.00.12:717][  0]LogConfig: Setting CVar [[r.MotionBlurQuality:4]]
[2023.02.25-16.00.12:717][  0]LogConfig: Setting CVar [[r.AmbientOcclusionMipLevelFactor:0.4]]
[2023.02.25-16.00.12:717][  0]LogConfig: Setting CVar [[r.AmbientOcclusionMaxQuality:100]]
[2023.02.25-16.00.12:717][  0]LogConfig: Setting CVar [[r.AmbientOcclusionLevels:-1]]
[2023.02.25-16.00.12:717][  0]LogConfig: Setting CVar [[r.AmbientOcclusionRadiusScale:1.0]]
[2023.02.25-16.00.12:717][  0]LogConfig: Setting CVar [[r.DepthOfFieldQuality:2]]
[2023.02.25-16.00.12:717][  0]LogConfig: Setting CVar [[r.RenderTargetPoolMin:400]]
[2023.02.25-16.00.12:717][  0]LogConfig: Setting CVar [[r.LensFlareQuality:2]]
[2023.02.25-16.00.12:717][  0]LogConfig: Setting CVar [[r.SceneColorFringeQuality:1]]
[2023.02.25-16.00.12:717][  0]LogConfig: Setting CVar [[r.EyeAdaptationQuality:2]]
[2023.02.25-16.00.12:717][  0]LogConfig: Setting CVar [[r.BloomQuality:5]]
[2023.02.25-16.00.12:717][  0]LogConfig: Setting CVar [[r.FastBlurThreshold:100]]
[2023.02.25-16.00.12:717][  0]LogConfig: Setting CVar [[r.Upscale.Quality:3]]
[2023.02.25-16.00.12:717][  0]LogConfig: Setting CVar [[r.Tonemapper.GrainQuantization:1]]
[2023.02.25-16.00.12:717][  0]LogConfig: Setting CVar [[r.LightShaftQuality:1]]
[2023.02.25-16.00.12:717][  0]LogConfig: Setting CVar [[r.Filter.SizeScale:1]]
[2023.02.25-16.00.12:717][  0]LogConfig: Setting CVar [[r.Tonemapper.Quality:5]]
[2023.02.25-16.00.12:717][  0]LogConfig: Setting CVar [[r.DOF.Gather.AccumulatorQuality:1        ; higher gathering accumulator quality]]
[2023.02.25-16.00.12:717][  0]LogConfig: Setting CVar [[r.DOF.Gather.PostfilterMethod:1          ; Median3x3 postfilering method]]
[2023.02.25-16.00.12:717][  0]LogConfig: Setting CVar [[r.DOF.Gather.EnableBokehSettings:0       ; no bokeh simulation when gathering]]
[2023.02.25-16.00.12:717][  0]LogConfig: Setting CVar [[r.DOF.Gather.RingCount:4                 ; medium number of samples when gathering]]
[2023.02.25-16.00.12:717][  0]LogConfig: Setting CVar [[r.DOF.Scatter.ForegroundCompositing:1    ; additive foreground scattering]]
[2023.02.25-16.00.12:717][  0]LogConfig: Setting CVar [[r.DOF.Scatter.BackgroundCompositing:2    ; additive background scattering]]
[2023.02.25-16.00.12:717][  0]LogConfig: Setting CVar [[r.DOF.Scatter.EnableBokehSettings:1      ; bokeh simulation when scattering]]
[2023.02.25-16.00.12:717][  0]LogConfig: Setting CVar [[r.DOF.Scatter.MaxSpriteRatio:0.1         ; only a maximum of 10% of scattered bokeh]]
[2023.02.25-16.00.12:717][  0]LogConfig: Setting CVar [[r.DOF.Recombine.Quality:1                ; cheap slight out of focus]]
[2023.02.25-16.00.12:717][  0]LogConfig: Setting CVar [[r.DOF.Recombine.EnableBokehSettings:0    ; no bokeh simulation on slight out of focus]]
[2023.02.25-16.00.12:717][  0]LogConfig: Setting CVar [[r.DOF.TemporalAAQuality:1                ; more stable temporal accumulation]]
[2023.02.25-16.00.12:717][  0]LogConfig: Setting CVar [[r.DOF.Kernel.MaxForegroundRadius:0.025]]
[2023.02.25-16.00.12:717][  0]LogConfig: Setting CVar [[r.DOF.Kernel.MaxBackgroundRadius:0.025]]
[2023.02.25-16.00.12:717][  0]LogConfig: Applying CVar settings from Section [TextureQuality@3] File [D:/GitHUb/CatGame/WuzzyWizardCootsGame/Saved/Config/Windows/Scalability.ini]
[2023.02.25-16.00.12:717][  0]LogConfig: Setting CVar [[r.Streaming.MipBias:0]]
[2023.02.25-16.00.12:717][  0]LogConfig: Setting CVar [[r.Streaming.AmortizeCPUToGPUCopy:0]]
[2023.02.25-16.00.12:717][  0]LogConfig: Setting CVar [[r.Streaming.MaxNumTexturesToStreamPerFrame:0]]
[2023.02.25-16.00.12:717][  0]LogConfig: Setting CVar [[r.Streaming.Boost:1]]
[2023.02.25-16.00.12:717][  0]LogConfig: Setting CVar [[r.MaxAnisotropy:8]]
[2023.02.25-16.00.12:717][  0]LogConfig: Setting CVar [[r.VT.MaxAnisotropy:8]]
[2023.02.25-16.00.12:717][  0]LogConfig: Setting CVar [[r.Streaming.LimitPoolSizeToVRAM:0]]
[2023.02.25-16.00.12:717][  0]LogConfig: Setting CVar [[r.Streaming.PoolSize:1000]]
[2023.02.25-16.00.12:717][  0]LogConfig: Setting CVar [[r.Streaming.MaxEffectiveScreenSize:0]]
[2023.02.25-16.00.12:717][  0]LogConfig: Applying CVar settings from Section [EffectsQuality@3] File [D:/GitHUb/CatGame/WuzzyWizardCootsGame/Saved/Config/Windows/Scalability.ini]
[2023.02.25-16.00.12:717][  0]LogConfig: Setting CVar [[r.TranslucencyLightingVolumeDim:64]]
[2023.02.25-16.00.12:717][  0]LogConfig: Setting CVar [[r.RefractionQuality:2]]
[2023.02.25-16.00.12:717][  0]LogConfig: Setting CVar [[r.SSR.Quality:3]]
[2023.02.25-16.00.12:717][  0]LogConfig: Setting CVar [[r.SSR.HalfResSceneColor:0]]
[2023.02.25-16.00.12:717][  0]LogConfig: Setting CVar [[r.SceneColorFormat:4]]
[2023.02.25-16.00.12:717][  0]LogConfig: Setting CVar [[r.DetailMode:2]]
[2023.02.25-16.00.12:717][  0]LogConfig: Setting CVar [[r.TranslucencyVolumeBlur:1]]
[2023.02.25-16.00.12:717][  0]LogConfig: Setting CVar [[r.MaterialQualityLevel:1 ; High quality]]
[2023.02.25-16.00.12:717][  0]LogConfig: Setting CVar [[r.AnisotropicMaterials:1]]
[2023.02.25-16.00.12:717][  0]LogConfig: Setting CVar [[r.SSS.Scale:1]]
[2023.02.25-16.00.12:717][  0]LogConfig: Setting CVar [[r.SSS.SampleSet:2]]
[2023.02.25-16.00.12:717][  0]LogConfig: Setting CVar [[r.SSS.Quality:1]]
[2023.02.25-16.00.12:717][  0]LogConfig: Setting CVar [[r.SSS.HalfRes:0]]
[2023.02.25-16.00.12:717][  0]LogConfig: Setting CVar [[r.SSGI.Quality:3]]
[2023.02.25-16.00.12:717][  0]LogConfig: Setting CVar [[r.EmitterSpawnRateScale:1.0]]
[2023.02.25-16.00.12:717][  0]LogConfig: Setting CVar [[r.ParticleLightQuality:2]]
[2023.02.25-16.00.12:717][  0]LogConfig: Setting CVar [[r.SkyAtmosphere.AerialPerspectiveLUT.FastApplyOnOpaque:1 ; Always have FastSkyLUT 1 in this case to avoid wrong sky]]
[2023.02.25-16.00.12:717][  0]LogConfig: Setting CVar [[r.SkyAtmosphere.AerialPerspectiveLUT.SampleCountMaxPerSlice:4]]
[2023.02.25-16.00.12:717][  0]LogConfig: Setting CVar [[r.SkyAtmosphere.AerialPerspectiveLUT.DepthResolution:16.0]]
[2023.02.25-16.00.12:717][  0]LogConfig: Setting CVar [[r.SkyAtmosphere.FastSkyLUT:1]]
[2023.02.25-16.00.12:717][  0]LogConfig: Setting CVar [[r.SkyAtmosphere.FastSkyLUT.SampleCountMin:4.0]]
[2023.02.25-16.00.12:717][  0]LogConfig: Setting CVar [[r.SkyAtmosphere.FastSkyLUT.SampleCountMax:128.0]]
[2023.02.25-16.00.12:717][  0]LogConfig: Setting CVar [[r.SkyAtmosphere.SampleCountMin:4.0]]
[2023.02.25-16.00.12:717][  0]LogConfig: Setting CVar [[r.SkyAtmosphere.SampleCountMax:128.0]]
[2023.02.25-16.00.12:717][  0]LogConfig: Setting CVar [[r.SkyAtmosphere.TransmittanceLUT.UseSmallFormat:0]]
[2023.02.25-16.00.12:717][  0]LogConfig: Setting CVar [[r.SkyAtmosphere.TransmittanceLUT.SampleCount:10.0]]
[2023.02.25-16.00.12:717][  0]LogConfig: Setting CVar [[r.SkyAtmosphere.MultiScatteringLUT.SampleCount:15.0]]
[2023.02.25-16.00.12:717][  0]LogConfig: Setting CVar [[r.SkyLight.RealTimeReflectionCapture:1]]
[2023.02.25-16.00.12:717][  0]LogConfig: Applying CVar settings from Section [FoliageQuality@3] File [D:/GitHUb/CatGame/WuzzyWizardCootsGame/Saved/Config/Windows/Scalability.ini]
[2023.02.25-16.00.12:717][  0]LogConfig: Setting CVar [[foliage.DensityScale:1.0]]
[2023.02.25-16.00.12:717][  0]LogConfig: Setting CVar [[grass.DensityScale:1.0]]
[2023.02.25-16.00.12:717][  0]LogConfig: Applying CVar settings from Section [ShadingQuality@3] File [D:/GitHUb/CatGame/WuzzyWizardCootsGame/Saved/Config/Windows/Scalability.ini]
[2023.02.25-16.00.12:717][  0]LogConfig: Setting CVar [[r.HairStrands.SkyLighting.IntegrationType:2]]
[2023.02.25-16.00.12:717][  0]LogConfig: Setting CVar [[r.HairStrands.SkyAO.SampleCount:4]]
[2023.02.25-16.00.12:717][  0]LogConfig: Setting CVar [[r.HairStrands.Visibility.MSAA.SamplePerPixel:4]]
[2023.02.25-16.00.12:717][  0]LogInit: Selected Device Profile: [Windows]
[2023.02.25-16.00.12:717][  0]LogInit: Applying CVar settings loaded from the selected device profile: [Windows]
[2023.02.25-16.00.12:717][  0]LogHAL: Display: Platform has ~ 16 GB [17035898880 / 17179869184 / 16], which maps to Larger [LargestMinGB=32, LargerMinGB=12, DefaultMinGB=8, SmallerMinGB=6, SmallestMinGB=0)
[2023.02.25-16.00.12:717][  0]LogInit: Going up to parent DeviceProfile []
[2023.02.25-16.00.12:718][  0]LogConfig: Applying CVar settings from Section [ViewDistanceQuality@3] File [D:/GitHUb/CatGame/WuzzyWizardCootsGame/Saved/Config/Windows/Scalability.ini]
[2023.02.25-16.00.12:718][  0]LogConfig: Setting CVar [[r.SkeletalMeshLODBias:0]]
[2023.02.25-16.00.12:718][  0]LogConfig: Setting CVar [[r.ViewDistanceScale:1.0]]
[2023.02.25-16.00.12:718][  0]LogConfig: Applying CVar settings from Section [AntiAliasingQuality@3] File [D:/GitHUb/CatGame/WuzzyWizardCootsGame/Saved/Config/Windows/Scalability.ini]
[2023.02.25-16.00.12:718][  0]LogConfig: Setting CVar [[r.PostProcessAAQuality:4]]
[2023.02.25-16.00.12:718][  0]LogConfig: Applying CVar settings from Section [ShadowQuality@3] File [D:/GitHUb/CatGame/WuzzyWizardCootsGame/Saved/Config/Windows/Scalability.ini]
[2023.02.25-16.00.12:718][  0]LogConfig: Setting CVar [[r.LightFunctionQuality:1]]
[2023.02.25-16.00.12:718][  0]LogConfig: Setting CVar [[r.ShadowQuality:5]]
[2023.02.25-16.00.12:718][  0]LogConfig: Setting CVar [[r.Shadow.CSM.MaxCascades:10]]
[2023.02.25-16.00.12:718][  0]LogConfig: Setting CVar [[r.Shadow.MaxResolution:2048]]
[2023.02.25-16.00.12:718][  0]LogConfig: Setting CVar [[r.Shadow.MaxCSMResolution:2048]]
[2023.02.25-16.00.12:718][  0]LogConfig: Setting CVar [[r.Shadow.RadiusThreshold:0.01]]
[2023.02.25-16.00.12:718][  0]LogConfig: Setting CVar [[r.Shadow.DistanceScale:1.0]]
[2023.02.25-16.00.12:718][  0]LogConfig: Setting CVar [[r.Shadow.CSM.TransitionScale:1.0]]
[2023.02.25-16.00.12:718][  0]LogConfig: Setting CVar [[r.Shadow.PreShadowResolutionFactor:1.0]]
[2023.02.25-16.00.12:718][  0]LogConfig: Setting CVar [[r.DistanceFieldShadowing:1]]
[2023.02.25-16.00.12:718][  0]LogConfig: Setting CVar [[r.DistanceFieldAO:1]]
[2023.02.25-16.00.12:718][  0]LogConfig: Setting CVar [[r.AOQuality:2]]
[2023.02.25-16.00.12:718][  0]LogConfig: Setting CVar [[r.VolumetricFog:1]]
[2023.02.25-16.00.12:718][  0]LogConfig: Setting CVar [[r.VolumetricFog.GridPixelSize:8]]
[2023.02.25-16.00.12:718][  0]LogConfig: Setting CVar [[r.VolumetricFog.GridSizeZ:128]]
[2023.02.25-16.00.12:718][  0]LogConfig: Setting CVar [[r.VolumetricFog.HistoryMissSupersampleCount:4]]
[2023.02.25-16.00.12:718][  0]LogConfig: Setting CVar [[r.LightMaxDrawDistanceScale:1]]
[2023.02.25-16.00.12:718][  0]LogConfig: Setting CVar [[r.CapsuleShadows:1]]
[2023.02.25-16.00.12:718][  0]LogConfig: Applying CVar settings from Section [PostProcessQuality@3] File [D:/GitHUb/CatGame/WuzzyWizardCootsGame/Saved/Config/Windows/Scalability.ini]
[2023.02.25-16.00.12:718][  0]LogConfig: Setting CVar [[r.MotionBlurQuality:4]]
[2023.02.25-16.00.12:718][  0]LogConfig: Setting CVar [[r.AmbientOcclusionMipLevelFactor:0.4]]
[2023.02.25-16.00.12:718][  0]LogConfig: Setting CVar [[r.AmbientOcclusionMaxQuality:100]]
[2023.02.25-16.00.12:718][  0]LogConfig: Setting CVar [[r.AmbientOcclusionLevels:-1]]
[2023.02.25-16.00.12:718][  0]LogConfig: Setting CVar [[r.AmbientOcclusionRadiusScale:1.0]]
[2023.02.25-16.00.12:718][  0]LogConfig: Setting CVar [[r.DepthOfFieldQuality:2]]
[2023.02.25-16.00.12:718][  0]LogConfig: Setting CVar [[r.RenderTargetPoolMin:400]]
[2023.02.25-16.00.12:718][  0]LogConfig: Setting CVar [[r.LensFlareQuality:2]]
[2023.02.25-16.00.12:718][  0]LogConfig: Setting CVar [[r.SceneColorFringeQuality:1]]
[2023.02.25-16.00.12:718][  0]LogConfig: Setting CVar [[r.EyeAdaptationQuality:2]]
[2023.02.25-16.00.12:718][  0]LogConfig: Setting CVar [[r.BloomQuality:5]]
[2023.02.25-16.00.12:718][  0]LogConfig: Setting CVar [[r.FastBlurThreshold:100]]
[2023.02.25-16.00.12:718][  0]LogConfig: Setting CVar [[r.Upscale.Quality:3]]
[2023.02.25-16.00.12:718][  0]LogConfig: Setting CVar [[r.Tonemapper.GrainQuantization:1]]
[2023.02.25-16.00.12:718][  0]LogConfig: Setting CVar [[r.LightShaftQuality:1]]
[2023.02.25-16.00.12:718][  0]LogConfig: Setting CVar [[r.Filter.SizeScale:1]]
[2023.02.25-16.00.12:718][  0]LogConfig: Setting CVar [[r.Tonemapper.Quality:5]]
[2023.02.25-16.00.12:718][  0]LogConfig: Setting CVar [[r.DOF.Gather.AccumulatorQuality:1        ; higher gathering accumulator quality]]
[2023.02.25-16.00.12:718][  0]LogConfig: Setting CVar [[r.DOF.Gather.PostfilterMethod:1          ; Median3x3 postfilering method]]
[2023.02.25-16.00.12:718][  0]LogConfig: Setting CVar [[r.DOF.Gather.EnableBokehSettings:0       ; no bokeh simulation when gathering]]
[2023.02.25-16.00.12:718][  0]LogConfig: Setting CVar [[r.DOF.Gather.RingCount:4                 ; medium number of samples when gathering]]
[2023.02.25-16.00.12:718][  0]LogConfig: Setting CVar [[r.DOF.Scatter.ForegroundCompositing:1    ; additive foreground scattering]]
[2023.02.25-16.00.12:718][  0]LogConfig: Setting CVar [[r.DOF.Scatter.BackgroundCompositing:2    ; additive background scattering]]
[2023.02.25-16.00.12:718][  0]LogConfig: Setting CVar [[r.DOF.Scatter.EnableBokehSettings:1      ; bokeh simulation when scattering]]
[2023.02.25-16.00.12:718][  0]LogConfig: Setting CVar [[r.DOF.Scatter.MaxSpriteRatio:0.1         ; only a maximum of 10% of scattered bokeh]]
[2023.02.25-16.00.12:718][  0]LogConfig: Setting CVar [[r.DOF.Recombine.Quality:1                ; cheap slight out of focus]]
[2023.02.25-16.00.12:718][  0]LogConfig: Setting CVar [[r.DOF.Recombine.EnableBokehSettings:0    ; no bokeh simulation on slight out of focus]]
[2023.02.25-16.00.12:718][  0]LogConfig: Setting CVar [[r.DOF.TemporalAAQuality:1                ; more stable temporal accumulation]]
[2023.02.25-16.00.12:718][  0]LogConfig: Setting CVar [[r.DOF.Kernel.MaxForegroundRadius:0.025]]
[2023.02.25-16.00.12:718][  0]LogConfig: Setting CVar [[r.DOF.Kernel.MaxBackgroundRadius:0.025]]
[2023.02.25-16.00.12:718][  0]LogConfig: Applying CVar settings from Section [TextureQuality@3] File [D:/GitHUb/CatGame/WuzzyWizardCootsGame/Saved/Config/Windows/Scalability.ini]
[2023.02.25-16.00.12:718][  0]LogConfig: Setting CVar [[r.Streaming.MipBias:0]]
[2023.02.25-16.00.12:718][  0]LogConfig: Setting CVar [[r.Streaming.AmortizeCPUToGPUCopy:0]]
[2023.02.25-16.00.12:718][  0]LogConfig: Setting CVar [[r.Streaming.MaxNumTexturesToStreamPerFrame:0]]
[2023.02.25-16.00.12:718][  0]LogConfig: Setting CVar [[r.Streaming.Boost:1]]
[2023.02.25-16.00.12:718][  0]LogConfig: Setting CVar [[r.MaxAnisotropy:8]]
[2023.02.25-16.00.12:718][  0]LogConfig: Setting CVar [[r.VT.MaxAnisotropy:8]]
[2023.02.25-16.00.12:718][  0]LogConfig: Setting CVar [[r.Streaming.LimitPoolSizeToVRAM:0]]
[2023.02.25-16.00.12:718][  0]LogConfig: Setting CVar [[r.Streaming.PoolSize:1000]]
[2023.02.25-16.00.12:718][  0]LogConfig: Setting CVar [[r.Streaming.MaxEffectiveScreenSize:0]]
[2023.02.25-16.00.12:718][  0]LogConfig: Applying CVar settings from Section [EffectsQuality@3] File [D:/GitHUb/CatGame/WuzzyWizardCootsGame/Saved/Config/Windows/Scalability.ini]
[2023.02.25-16.00.12:718][  0]LogConfig: Setting CVar [[r.TranslucencyLightingVolumeDim:64]]
[2023.02.25-16.00.12:718][  0]LogConfig: Setting CVar [[r.RefractionQuality:2]]
[2023.02.25-16.00.12:718][  0]LogConfig: Setting CVar [[r.SSR.Quality:3]]
[2023.02.25-16.00.12:718][  0]LogConfig: Setting CVar [[r.SSR.HalfResSceneColor:0]]
[2023.02.25-16.00.12:718][  0]LogConfig: Setting CVar [[r.SceneColorFormat:4]]
[2023.02.25-16.00.12:718][  0]LogConfig: Setting CVar [[r.DetailMode:2]]
[2023.02.25-16.00.12:718][  0]LogConfig: Setting CVar [[r.TranslucencyVolumeBlur:1]]
[2023.02.25-16.00.12:718][  0]LogConfig: Setting CVar [[r.MaterialQualityLevel:1 ; High quality]]
[2023.02.25-16.00.12:718][  0]LogConfig: Setting CVar [[r.AnisotropicMaterials:1]]
[2023.02.25-16.00.12:718][  0]LogConfig: Setting CVar [[r.SSS.Scale:1]]
[2023.02.25-16.00.12:718][  0]LogConfig: Setting CVar [[r.SSS.SampleSet:2]]
[2023.02.25-16.00.12:718][  0]LogConfig: Setting CVar [[r.SSS.Quality:1]]
[2023.02.25-16.00.12:718][  0]LogConfig: Setting CVar [[r.SSS.HalfRes:0]]
[2023.02.25-16.00.12:718][  0]LogConfig: Setting CVar [[r.SSGI.Quality:3]]
[2023.02.25-16.00.12:718][  0]LogConfig: Setting CVar [[r.EmitterSpawnRateScale:1.0]]
[2023.02.25-16.00.12:718][  0]LogConfig: Setting CVar [[r.ParticleLightQuality:2]]
[2023.02.25-16.00.12:718][  0]LogConfig: Setting CVar [[r.SkyAtmosphere.AerialPerspectiveLUT.FastApplyOnOpaque:1 ; Always have FastSkyLUT 1 in this case to avoid wrong sky]]
[2023.02.25-16.00.12:718][  0]LogConfig: Setting CVar [[r.SkyAtmosphere.AerialPerspectiveLUT.SampleCountMaxPerSlice:4]]
[2023.02.25-16.00.12:718][  0]LogConfig: Setting CVar [[r.SkyAtmosphere.AerialPerspectiveLUT.DepthResolution:16.0]]
[2023.02.25-16.00.12:718][  0]LogConfig: Setting CVar [[r.SkyAtmosphere.FastSkyLUT:1]]
[2023.02.25-16.00.12:718][  0]LogConfig: Setting CVar [[r.SkyAtmosphere.FastSkyLUT.SampleCountMin:4.0]]
[2023.02.25-16.00.12:718][  0]LogConfig: Setting CVar [[r.SkyAtmosphere.FastSkyLUT.SampleCountMax:128.0]]
[2023.02.25-16.00.12:718][  0]LogConfig: Setting CVar [[r.SkyAtmosphere.SampleCountMin:4.0]]
[2023.02.25-16.00.12:718][  0]LogConfig: Setting CVar [[r.SkyAtmosphere.SampleCountMax:128.0]]
[2023.02.25-16.00.12:718][  0]LogConfig: Setting CVar [[r.SkyAtmosphere.TransmittanceLUT.UseSmallFormat:0]]
[2023.02.25-16.00.12:718][  0]LogConfig: Setting CVar [[r.SkyAtmosphere.TransmittanceLUT.SampleCount:10.0]]
[2023.02.25-16.00.12:718][  0]LogConfig: Setting CVar [[r.SkyAtmosphere.MultiScatteringLUT.SampleCount:15.0]]
[2023.02.25-16.00.12:718][  0]LogConfig: Setting CVar [[r.SkyLight.RealTimeReflectionCapture:1]]
[2023.02.25-16.00.12:718][  0]LogConfig: Applying CVar settings from Section [FoliageQuality@3] File [D:/GitHUb/CatGame/WuzzyWizardCootsGame/Saved/Config/Windows/Scalability.ini]
[2023.02.25-16.00.12:718][  0]LogConfig: Setting CVar [[foliage.DensityScale:1.0]]
[2023.02.25-16.00.12:718][  0]LogConfig: Setting CVar [[grass.DensityScale:1.0]]
[2023.02.25-16.00.12:718][  0]LogConfig: Applying CVar settings from Section [ShadingQuality@3] File [D:/GitHUb/CatGame/WuzzyWizardCootsGame/Saved/Config/Windows/Scalability.ini]
[2023.02.25-16.00.12:718][  0]LogConfig: Setting CVar [[r.HairStrands.SkyLighting.IntegrationType:2]]
[2023.02.25-16.00.12:718][  0]LogConfig: Setting CVar [[r.HairStrands.SkyAO.SampleCount:4]]
[2023.02.25-16.00.12:718][  0]LogConfig: Setting CVar [[r.HairStrands.Visibility.MSAA.SamplePerPixel:4]]
[2023.02.25-16.00.12:718][  0]LogConfig: Applying CVar settings from Section [Startup] File [../../../Engine/Config/ConsoleVariables.ini]
[2023.02.25-16.00.12:718][  0]LogConfig: Setting CVar [[net.UseAdaptiveNetUpdateFrequency:0]]
[2023.02.25-16.00.12:718][  0]LogConfig: Setting CVar [[p.chaos.AllowCreatePhysxBodies:1]]
[2023.02.25-16.00.12:718][  0]LogConfig: Setting CVar [[fx.SkipVectorVMBackendOptimizations:1]]
[2023.02.25-16.00.12:718][  0]LogConfig: Applying CVar settings from Section [ConsoleVariables] File [D:/GitHUb/CatGame/WuzzyWizardCootsGame/Saved/Config/Windows/Engine.ini]
[2023.02.25-16.00.12:718][  0]LogConfig: Applying CVar settings from Section [ConsoleVariables] File [D:/GitHUb/CatGame/WuzzyWizardCootsGame/Saved/Config/Windows/Editor.ini]
[2023.02.25-16.00.12:718][  0]LogInit: Computer: DESKTOP-J33SRN8
[2023.02.25-16.00.12:718][  0]LogInit: User: waydi
[2023.02.25-16.00.12:718][  0]LogInit: CPU Page size=4096, Cores=8
[2023.02.25-16.00.12:718][  0]LogInit: High frequency timer resolution =10.000000 MHz
[2023.02.25-16.00.12:718][  0]LogMemory: Memory total: Physical=15.9GB (16GB approx)
[2023.02.25-16.00.12:718][  0]LogMemory: Platform Memory Stats for Windows
[2023.02.25-16.00.12:718][  0]LogMemory: Process Physical Memory: 151.28 MB used, 151.28 MB peak
[2023.02.25-16.00.12:718][  0]LogMemory: Process Virtual Memory: 123.51 MB used, 123.51 MB peak
[2023.02.25-16.00.12:718][  0]LogMemory: Physical Memory: 12751.70 MB used,  3495.00 MB free, 16246.70 MB total
[2023.02.25-16.00.12:718][  0]LogMemory: Virtual Memory: 134211960.00 MB used,  5768.73 MB free, 134217728.00 MB total
[2023.02.25-16.00.12:724][  0]LogWindows: WindowsPlatformFeatures enabled
[2023.02.25-16.00.12:761][  0]LogInit: Physics initialised using underlying interface: PhysX
[2023.02.25-16.00.12:761][  0]LogInit: Using OS detected language (sv-SE).
[2023.02.25-16.00.12:761][  0]LogInit: Using OS detected locale (sv-SE).
[2023.02.25-16.00.12:764][  0]LogTextLocalizationManager: No localization for 'sv-SE' exists, so 'en' will be used for the language.
[2023.02.25-16.00.12:767][  0]LogTextLocalizationManager: No localization for 'sv-SE' exists, so 'en' will be used for the locale.
[2023.02.25-16.00.12:933][  0]LogWindowsTextInputMethodSystem: Display: IME system deactivated.
[2023.02.25-16.00.12:962][  0]LogSlate: New Slate User Created.  User Index 0, Is Virtual User: 0
[2023.02.25-16.00.12:962][  0]LogSlate: Slate User Registered.  User Index 0, Is Virtual User: 0
[2023.02.25-16.00.12:974][  0]LogD3D11RHI: Loaded GFSDK_Aftermath_Lib.x64.dll
[2023.02.25-16.00.12:978][  0]LogHMD: Failed to initialize OpenVR with code 110
[2023.02.25-16.00.12:978][  0]LogD3D11RHI: D3D11 min allowed feature level: 11_0
[2023.02.25-16.00.12:978][  0]LogD3D11RHI: D3D11 max allowed feature level: 11_0
[2023.02.25-16.00.12:978][  0]LogD3D11RHI: D3D11 adapters:
[2023.02.25-16.00.13:060][  0]LogD3D11RHI:    0. 'NVIDIA GeForce RTX 2070 SUPER' (Feature Level 11_0)
[2023.02.25-16.00.13:060][  0]LogD3D11RHI:       8003/0/8123 MB DedicatedVideo/DedicatedSystem/SharedSystem, Outputs:2, VendorId:0x10de
[2023.02.25-16.00.13:062][  0]LogD3D11RHI:    1. 'Microsoft Basic Render Driver' (Feature Level 11_0)
[2023.02.25-16.00.13:062][  0]LogD3D11RHI:       0/0/8123 MB DedicatedVideo/DedicatedSystem/SharedSystem, Outputs:0, VendorId:0x1414
[2023.02.25-16.00.13:062][  0]LogD3D11RHI: Chosen D3D11 Adapter:
[2023.02.25-16.00.13:062][  0]LogD3D11RHI:     Description : NVIDIA GeForce RTX 2070 SUPER
[2023.02.25-16.00.13:062][  0]LogD3D11RHI:     VendorId    : 10de
[2023.02.25-16.00.13:062][  0]LogD3D11RHI:     DeviceId    : 1e84
[2023.02.25-16.00.13:062][  0]LogD3D11RHI:     SubSysId    : 8701103c
[2023.02.25-16.00.13:062][  0]LogD3D11RHI:     Revision    : 00a1
[2023.02.25-16.00.13:062][  0]LogD3D11RHI:     DedicatedVideoMemory : 8391753728 bytes
[2023.02.25-16.00.13:062][  0]LogD3D11RHI:     DedicatedSystemMemory : 0 bytes
[2023.02.25-16.00.13:062][  0]LogD3D11RHI:     SharedSystemMemory : 8517949440 bytes
[2023.02.25-16.00.13:062][  0]LogD3D11RHI:     AdapterLuid : 0 767656115
[2023.02.25-16.00.13:074][  0]LogD3D11RHI: Creating new Direct3DDevice
[2023.02.25-16.00.13:074][  0]LogD3D11RHI:     GPU DeviceId: 0x1e84 (for the marketing name, search the web for "GPU Device Id")
[2023.02.25-16.00.13:074][  0]LogWindows: EnumDisplayDevices:
[2023.02.25-16.00.13:074][  0]LogWindows:    0. 'NVIDIA GeForce RTX 2070 SUPER' (P:1 D:1)
[2023.02.25-16.00.13:074][  0]LogWindows:    1. 'NVIDIA GeForce RTX 2070 SUPER' (P:0 D:1)
[2023.02.25-16.00.13:074][  0]LogWindows:    2. 'NVIDIA GeForce RTX 2070 SUPER' (P:0 D:0)
[2023.02.25-16.00.13:074][  0]LogWindows:    3. 'NVIDIA GeForce RTX 2070 SUPER' (P:0 D:0)
[2023.02.25-16.00.13:074][  0]LogWindows: DebugString: FoundDriverCount:4 
[2023.02.25-16.00.13:074][  0]LogD3D11RHI:     Adapter Name: NVIDIA GeForce RTX 2070 SUPER
[2023.02.25-16.00.13:074][  0]LogD3D11RHI:   Driver Version: 528.49 (internal:31.0.15.2849, unified:528.49)
[2023.02.25-16.00.13:074][  0]LogD3D11RHI:      Driver Date: 2-2-2023
[2023.02.25-16.00.13:074][  0]LogRHI: Texture pool is 5602 MB (70% of 8003 MB)
[2023.02.25-16.00.13:074][  0]LogD3D11RHI: Creating D3DDevice using adapter:
[2023.02.25-16.00.13:074][  0]LogD3D11RHI:     Description : NVIDIA GeForce RTX 2070 SUPER
[2023.02.25-16.00.13:074][  0]LogD3D11RHI:     VendorId    : 10de
[2023.02.25-16.00.13:074][  0]LogD3D11RHI:     DeviceId    : 1e84
[2023.02.25-16.00.13:074][  0]LogD3D11RHI:     SubSysId    : 8701103c
[2023.02.25-16.00.13:074][  0]LogD3D11RHI:     Revision    : 00a1
[2023.02.25-16.00.13:074][  0]LogD3D11RHI:     DedicatedVideoMemory : 8391753728 bytes
[2023.02.25-16.00.13:074][  0]LogD3D11RHI:     DedicatedSystemMemory : 0 bytes
[2023.02.25-16.00.13:074][  0]LogD3D11RHI:     SharedSystemMemory : 8517949440 bytes
[2023.02.25-16.00.13:074][  0]LogD3D11RHI:     AdapterLuid : 0 767656115
[2023.02.25-16.00.13:125][  0]LogD3D11RHI: RHI has support for 64 bit atomics
[2023.02.25-16.00.13:125][  0]LogD3D11RHI: Async texture creation enabled
[2023.02.25-16.00.13:125][  0]LogD3D11RHI: Array index from any shader is supported
[2023.02.25-16.00.13:147][  0]LogD3D11RHI: GPU Timing Frequency: 1000.000000 (Debug: 2 2)
[2023.02.25-16.00.13:180][  0]LogRHI: GeForceNow SDK initialized: 1
[2023.02.25-16.00.13:418][  0]LogTargetPlatformManager: Display: Loaded TargetPlatform 'WindowsNoEditor'
[2023.02.25-16.00.13:422][  0]LogTargetPlatformManager: Display: Loaded TargetPlatform 'Windows'
[2023.02.25-16.00.13:426][  0]LogTargetPlatformManager: Display: Loaded TargetPlatform 'WindowsClient'
[2023.02.25-16.00.13:429][  0]LogTargetPlatformManager: Display: Loaded TargetPlatform 'WindowsServer'
[2023.02.25-16.00.13:429][  0]LogTargetPlatformManager: Display: Building Assets For Windows
[2023.02.25-16.00.13:437][  0]LogAudioDebug: Display: Lib vorbis DLL was dynamically loaded.
[2023.02.25-16.00.13:465][  0]LogTextureFormatOodle: Display: Oodle Texture 2.9.0 init RDO Off
[2023.02.25-16.00.13:496][  0]LogRendererCore: Ray tracing is disabled. Reason: r.RayTracing=0.
[2023.02.25-16.00.13:496][  0]LogShaderCompilers: Guid format shader working directory is 7 characters bigger than the processId version (D:/GitHUb/CatGame/WuzzyWizardCootsGame/Intermediate/Shaders/WorkingDirectory/56068/).
[2023.02.25-16.00.13:496][  0]LogShaderCompilers: Cleaned the shader compiler working directory 'C:/Users/waydi/AppData/Local/Temp/UnrealShaderWorkingDir/ECDF35AD4654822FEF5B79AA638FA27B/'.
[2023.02.25-16.00.13:496][  0]LogXGEController: Cannot use XGE Controller as Incredibuild is not installed on this machine.
[2023.02.25-16.00.13:496][  0]LogShaderCompilers: Cannot use XGE Shader Compiler as Incredibuild is not installed on this machine.
[2023.02.25-16.00.13:496][  0]LogShaderCompilers: Display: Using Local Shader Compiler.
[2023.02.25-16.00.14:101][  0]LogDerivedDataCache: Display: Max Cache Size: 512 MB
[2023.02.25-16.00.14:145][  0]LogDerivedDataCache: Loaded boot cache 0.04s 94MB C:/Users/waydi/AppData/Local/UnrealEngine/4.27/DerivedDataCache/Boot.ddc.
[2023.02.25-16.00.14:145][  0]LogDerivedDataCache: Display: Loaded Boot cache: C:/Users/waydi/AppData/Local/UnrealEngine/4.27/DerivedDataCache/Boot.ddc
[2023.02.25-16.00.14:145][  0]LogDerivedDataCache: FDerivedDataBackendGraph:  Pak pak cache file D:/GitHUb/CatGame/WuzzyWizardCootsGame/DerivedDataCache/DDC.ddp not found, will not use a pak cache.
[2023.02.25-16.00.14:145][  0]LogDerivedDataCache: Unable to find inner node Pak for hierarchical cache Hierarchy.
[2023.02.25-16.00.14:145][  0]LogDerivedDataCache: FDerivedDataBackendGraph:  CompressedPak pak cache file D:/GitHUb/CatGame/WuzzyWizardCootsGame/DerivedDataCache/Compressed.ddp not found, will not use a pak cache.
[2023.02.25-16.00.14:145][  0]LogDerivedDataCache: Unable to find inner node CompressedPak for hierarchical cache Hierarchy.
[2023.02.25-16.00.14:159][  0]LogDerivedDataCache: Display: Pak cache opened for reading ../../../Engine/DerivedDataCache/Compressed.ddp.
[2023.02.25-16.00.14:159][  0]LogDerivedDataCache: FDerivedDataBackendGraph:  EnterprisePak pak cache file ../../../Enterprise/DerivedDataCache/Compressed.ddp not found, will not use a pak cache.
[2023.02.25-16.00.14:159][  0]LogDerivedDataCache: Unable to find inner node EnterprisePak for hierarchical cache Hierarchy.
[2023.02.25-16.00.14:168][  0]LogDerivedDataCache: Speed tests for C:/Users/waydi/AppData/Local/UnrealEngine/Common/DerivedDataCache took 0.01 seconds
[2023.02.25-16.00.14:168][  0]LogDerivedDataCache: Display: Performance to C:/Users/waydi/AppData/Local/UnrealEngine/Common/DerivedDataCache: Latency=0.02ms. RandomReadSpeed=1351.29MBs, RandomWriteSpeed=109.53MBs. Assigned SpeedClass 'Local'
[2023.02.25-16.00.14:169][  0]LogDerivedDataCache: Using Local data cache path C:/Users/waydi/AppData/Local/UnrealEngine/Common/DerivedDataCache: Writable
[2023.02.25-16.00.14:169][  0]LogDerivedDataCache: Shared data cache path not found in *engine.ini, will not use an Shared cache.
[2023.02.25-16.00.14:169][  0]LogDerivedDataCache: Unable to find inner node Shared for hierarchical cache Hierarchy.
[2023.02.25-16.00.14:197][  0]LogSlate: Using FreeType 2.10.0
[2023.02.25-16.00.14:197][  0]LogSlate: SlateFontServices - WITH_FREETYPE: 1, WITH_HARFBUZZ: 1
[2023.02.25-16.00.14:263][  0]LogInit: Using OS detected language (sv-SE).
[2023.02.25-16.00.14:263][  0]LogInit: Using OS detected locale (sv-SE).
[2023.02.25-16.00.14:263][  0]LogTextLocalizationManager: No localization for 'sv-SE' exists, so 'en' will be used for the language.
[2023.02.25-16.00.14:263][  0]LogTextLocalizationManager: No localization for 'sv-SE' exists, so 'en' will be used for the locale.
[2023.02.25-16.00.14:265][  0]LogTextLocalizationManager: Compacting localization data took   0.00ms
[2023.02.25-16.00.14:265][  0]LogAssetRegistry: FAssetRegistry took 0.0013 seconds to start up
[2023.02.25-16.00.14:389][  0]LogPackageLocalizationCache: Processed 27 localized package path(s) for 1 prioritized culture(s) in 0.000744 seconds
[2023.02.25-16.00.14:442][  0]LogInit: Selected Device Profile: [Windows]
[2023.02.25-16.00.14:442][  0]LogInit: Active device profile: [000001D61E51DF00][000001D619B1E140 49] Windows
[2023.02.25-16.00.14:442][  0]LogInit: Profiles: [000001D61E51DF00][000001D619B1E140 49] Windows, [000001D61E4D5D00][000001D619B262C0 49] WindowsNoEditor, [000001D61E51E100][000001D619B2A440 49] WindowsServer, [000001D61E4D6200][000001D61DED05C0 49] WindowsClient, [000001D61E51E700][000001D61DED4740 49] IOS, [000001D61E4D6800][000001D61DED88C0 49] iPadAir, [000001D61E51EC00][000001D61DEDCA40 49] iPadAir2, [000001D61E47E200][000001D61DEE4D00 49] IPadPro, [000001D61E47E300][000001D61DEE0D40 49] iPadAir3, [000001D61E51D600][000001D61DEE8EC0 49] iPadAir4, [000001D61E47FE00][000001D61DEED040 49] iPadMini2, [000001D61E51FA00][000001D61A1991C0 49] iPadMini3, [000001D61E47D200][000001D61A19D340 49] iPadMini4, [000001D61E51CA00][000001D61A1A14C0 49] iPadMini5, [000001D61E4A1500][000001D61A1A5700 49] iPhone6, [000001D61E4A1600][000001D619B23740 49] iPodTouch6, [000001D61E4D6E00][000001D61A1B19C0 49] iPhone7, [000001D61E4D6F00][000001D61A1A9A00 49] iPodTouch7, [000001D61E4A3200][000001D61A1B5B80 49] iPhone5S, [000001D61E4D4500][000001D61A1B8180 49] iPhone6Plus, [000001D61E4A0D00][000001D61A1BC300 49] iPhone6S, [000001D61E4D5B00][000001D61A1C0480 49] iPhone6SPlus, [000001D61E4A2D00][000001D61A1C4600 49] iPhone7Plus, [000001D61E4D5000][000001D61A1C8780 49] iPhoneSE, [000001D61E4A3700][000001D61A1CC900 49] iPhone8, [000001D61E4D6000][000001D61A1D0A80 49] iPhone8Plus, [000001D61E4A2600][000001D61A1D4C00 49] iPhoneX, [000001D61E4D4400][000001D61A1D8D80 49] iPhoneXS, [000001D61E4A3600][000001D61A1DCF00 49] iPhoneXSMax, [000001D61E4D6100][000001D61A1E1080 49] iPhoneXR, [000001D61E4A3A00][000001D61EF01200 49] iPhone11, [000001D61E4D4900][000001D61EF05380 49] iPhone11Pro, [000001D61E4A1A00][000001D61EF09500 49] iPhone11ProMax, [000001D61E4D7F00][000001D61EF0D680 49] iPhoneSE2, [000001D61E4A2C00][000001D61A1AD7C0 49] iPhone12Mini, [000001D61E4D4200][000001D61EF11900 49] iPhone12, [000001D61E4A3800][000001D61EF15A40 49] iPhone12Pro, [000001D61E4D4800][000001D61EF1DBC0 49] iPhone12ProMax, [000001D61E4A0100][000001D61EF201C0 49] iPadPro105, [000001D61E4D5400][000001D61EF24340 49] iPadPro129, [000001D61E4A2F00][000001D61EF284C0 49] iPadPro97, [000001D61E4D7200][000001D61EF2C640 49] iPadPro2_129, [000001D61E47E500][000001D61EF307C0 49] iPad5, [000001D61E56C200][000001D61EF34940 49] iPad6, [000001D61E47C400][000001D61EF38AC0 49] iPad7, [000001D61E4D6600][000001D61EF3CC40 49] iPad8, [000001D61E47F900][000001D61EF40DC0 49] iPadPro11, [000001D61E4D5F00][000001D61EF44F40 49] iPadPro2_11, [000001D61E47F300][000001D61EF490C0 49] iPadPro3_129, [000001D61E4D5800][000001D61EF4D240 49] iPadPro4_129, [000001D61E47C600][000001D61EF513C0 49] AppleTV, [000001D61E4D7800][000001D61EF55540 49] AppleTV4K, [000001D61E47EA00][000001D61EF596C0 49] TVOS, [000001D61E4D7C00][000001D61EF5D840 49] Mac, [000001D61E47F100][000001D61EF19980 49] MacClient, [000001D61E4D7400][000001D61EF61AC0 49] MacNoEditor, [000001D61E47DD00][000001D61EF65C00 49] MacServer, [000001D61E4D7500][000001D61EF681C0 49] Linux, [000001D61E47CA00][000001D61EF70340 49] LinuxAArch64, [000001D61E4D6B00][000001D61EF744C0 49] LinuxNoEditor, [000001D61E47CC00][000001D61EF78640 49] LinuxAArch64NoEditor, [000001D61E4D5E00][000001D61EF7C7C0 49] LinuxClient, [000001D61E47E800][000001D61EF80940 49] LinuxAArch64Client, [000001D61E4D7D00][000001D61EF84AC0 49] LinuxServer, [000001D61E47FF00][000001D61EF88C40 49] LinuxAArch64Server, [000001D61E4D5500][000001D61EF8CDC0 49] Android, [000001D61E47D400][000001D61EF90F40 49] Android_Low, [000001D61E4D6300][000001D61EF950C0 49] Android_Mid, [000001D61E47F400][000001D61EF99240 49] Android_High, [000001D61E4D7600][000001D61EF9D3C0 49] Android_Default, [000001D61E47D300][000001D61EFA1540 49] Android_Adreno4xx, [000001D61E4D7700][000001D61EFA56C0 49] Android_Adreno5xx_Low, [000001D61E47EF00][000001D61EFA9840 49] Android_Adreno5xx, [000001D61E4D7300][000001D61EFAD9C0 49] Android_Adreno6xx, [000001D61E47C700][000001D61EF6DB00 49] Android_Adreno6xx_Vulkan, [000001D61E4D4600][000001D61EFB00C0 49] Android_Mali_T6xx, [000001D61E47DB00][000001D61EFB4200 49] Android_Mali_T7xx, [000001D61E4D6C00][000001D61EFB8340 49] Android_Mali_T8xx, [000001D61E47D900][000001D61EFC04C0 49] Android_Mali_G71, [000001D61E4D7000][000001D61EFC4640 49] Android_Mali_G72, [000001D61E51C400][000001D61EFC87C0 49] Android_Mali_G72_Vulkan, [000001D61E4A0B00][000001D61EFCC940 49] Android_Mali_G76, [000001D61E51FC00][000001D61EFD0AC0 49] Android_Mali_G76_Vulkan, [000001D61E4A3D00][000001D61EFD4C40 49] Android_Mali_G77, [000001D61E51C800][000001D61EFD8DC0 49] Android_Mali_G77_Vulkan, [000001D61E4A1000][000001D61EFDCF40 49] Android_Mali_G78, [000001D61E51C300][000001D61EFE10C0 49] Android_Mali_G78_Vulkan, [000001D61E4A1800][000001D61EFE5240 49] Android_Mali_G710, [000001D61E51C100][000001D61EFE93C0 49] Android_Mali_G710_Vulkan, [000001D61E4A0800][000001D61EFED540 49] Android_Vulkan_SM5, [000001D61E51C600][000001D61EFF16C0 49] Android_PowerVR_G6xxx, [000001D61E4A2A00][000001D61EFF5840 49] Android_PowerVR_GT7xxx, [000001D61E51DC00][000001D61EFF99C0 49] Android_PowerVR_GE8xxx, [000001D61E4A2100][000001D61EFFDB40 49] Android_PowerVR_GM9xxx, [000001D61E51E900][000001D61F000140 49] Android_PowerVR_GM9xxx_Vulkan, [000001D61E4A1C00][000001D61EFBC280 49] Android_TegraK1, [000001D61E51E300][000001D61F0043C0 49] Android_Unknown_Vulkan, [000001D61E4A2900][000001D61F008500 49] Lumin, [000001D61E51EB00][000001D61F010680 49] Lumin_Desktop, [000001D61E4A1200][000001D61F014800 49] HoloLens, 
[2023.02.25-16.00.14:478][  0]LogMeshReduction: Using QuadricMeshReduction for automatic static mesh reduction
[2023.02.25-16.00.14:479][  0]LogMeshReduction: Using SimplygonMeshReduction for automatic skeletal mesh reduction
[2023.02.25-16.00.14:479][  0]LogMeshReduction: Using ProxyLODMeshReduction for automatic mesh merging
[2023.02.25-16.00.14:479][  0]LogMeshReduction: No distributed automatic mesh merging module available
[2023.02.25-16.00.14:479][  0]LogMeshMerging: No distributed automatic mesh merging module available
[2023.02.25-16.00.14:560][  0]LogNetVersion: WuzzyWizardCootsGame 1.0.0, NetCL: 17155196, EngineNetVer: 17, GameNetVer: 0 (Checksum: 2931731505)
[2023.02.25-16.00.14:738][  0]LogTexture: Default maximum texture size for cubemaps generated from long-lat sources has been changed from 512 to unlimited. In order to preserve old behaiour for '/Engine/MapTemplates/Sky/DaylightAmbientCubemap.DaylightAmbientCubemap', its maximum texture size has been explicitly set to 512.
[2023.02.25-16.00.14:779][  0]LogHMD: PokeAHoleMaterial loaded successfully
[2023.02.25-16.00.14:879][  0]LogMoviePlayer: Initializing movie player
[2023.02.25-16.00.14:988][  0]LogNiagaraDebuggerClient: Niagara Debugger Client Initialized | Session: EF73D4164A49551803CB689962FD64D3 | Instance: 4C0B7B8C40789BB54274ACB41136B0EF (DESKTOP-J33SRN8-56068).
[2023.02.25-16.00.15:007][  0]LogCollectionManager: Loaded 0 collections in 0.001465 seconds
[2023.02.25-16.00.15:008][  0]LogFileCache: Scanning file cache for directory 'D:/GitHUb/CatGame/WuzzyWizardCootsGame/Saved/Collections/' took 0.00s
[2023.02.25-16.00.15:008][  0]LogFileCache: Scanning file cache for directory 'D:/GitHUb/CatGame/WuzzyWizardCootsGame/Content/Developers/waydi/Collections/' took 0.00s
[2023.02.25-16.00.15:008][  0]LogFileCache: Scanning file cache for directory 'D:/GitHUb/CatGame/WuzzyWizardCootsGame/Content/Collections/' took 0.00s
[2023.02.25-16.00.15:008][  0]LogCollectionManager: Fixed up redirectors for 0 collections in 0.000002 seconds (updated 0 objects)
[2023.02.25-16.00.15:095][  0]LogPython: Using Python 3.7.7
[2023.02.25-16.00.15:450][  0]LogTcpMessaging: Initializing TcpMessaging bridge
[2023.02.25-16.00.15:454][  0]LogUdpMessaging: Initializing bridge on interface 0.0.0.0:0 to multicast group 230.0.0.1:6666.
[2023.02.25-16.00.15:538][  0]SourceControl: Source control is disabled
[2023.02.25-16.00.15:538][  0]SourceControl: Source control is disabled
[2023.02.25-16.00.15:541][  0]SourceControl: Source control is disabled
[2023.02.25-16.00.15:544][  0]LogUProjectInfo: Found projects:
[2023.02.25-16.00.15:639][  0]LogOpenImageDenoise: OIDN starting up
[2023.02.25-16.00.15:649][  0]LogAndroidPermission: UAndroidPermissionCallbackProxy::GetInstance
[2023.02.25-16.00.15:671][  0]LogAudioCaptureCore: Display: No Audio Capture implementations found. Audio input will be silent.
[2023.02.25-16.00.15:671][  0]LogAudioCaptureCore: Display: No Audio Capture implementations found. Audio input will be silent.
[2023.02.25-16.00.15:725][  0]LogOcInput: OculusInput pre-init called
[2023.02.25-16.00.15:731][  0]LogUObjectArray: 22122 objects as part of root set at end of initial load.
[2023.02.25-16.00.15:731][  0]LogUObjectAllocator: 5975840 out of 0 bytes used by permanent object pool.
[2023.02.25-16.00.15:731][  0]LogUObjectArray: CloseDisregardForGC: 0/0 objects in disregard for GC pool
[2023.02.25-16.00.15:769][  0]LogEngine: Initializing Engine...
[2023.02.25-16.00.15:771][  0]LogHMD: Failed to enumerate extensions. Please check that you have a valid OpenXR runtime installed.
[2023.02.25-16.00.15:771][  0]LogHMD: Failed to initialize OpenVR with code 110
[2023.02.25-16.00.15:771][  0]LogMagicLeap: Warning: VR disabled because ZI is not enabled.  To enable, in the editor, Edit -> Project Settings -> Plugins -> Magic Leap Plugin -> Enable Zero Iteration
[2023.02.25-16.00.15:772][  0]LogStats: UGameplayTagsManager::InitializeManager -  0.000 s
[2023.02.25-16.00.15:845][  0]LogInit: Initializing FReadOnlyCVARCache
[2023.02.25-16.00.15:845][  0]LogAudio: Display: Initializing Audio Device Manager...
[2023.02.25-16.00.15:849][  0]LogAudio: Display: Loading Default Audio Settings Objects...
[2023.02.25-16.00.15:850][  0]LogAudio: Display: No default SoundConcurrencyObject specified (or failed to load).
[2023.02.25-16.00.15:850][  0]LogAudio: Display: Audio Device Manager Initialized
[2023.02.25-16.00.15:850][  0]LogAudio: Display: Creating Audio Device:                 Id: 1, Scope: Shared, Realtime: True
[2023.02.25-16.00.15:850][  0]LogAudioMixer: Display: Audio Mixer Platform Settings:
[2023.02.25-16.00.15:850][  0]LogAudioMixer: Display: 	Sample Rate:						  48000
[2023.02.25-16.00.15:850][  0]LogAudioMixer: Display: 	Callback Buffer Frame Size Requested: 1024
[2023.02.25-16.00.15:850][  0]LogAudioMixer: Display: 	Callback Buffer Frame Size To Use:	  1024
[2023.02.25-16.00.15:850][  0]LogAudioMixer: Display: 	Number of buffers to queue:			  2
[2023.02.25-16.00.15:850][  0]LogAudioMixer: Display: 	Max Channels (voices):				  32
[2023.02.25-16.00.15:850][  0]LogAudioMixer: Display: 	Number of Async Source Workers:		  0
[2023.02.25-16.00.15:850][  0]LogAudio: Display: AudioDevice MaxSources: 32
[2023.02.25-16.00.15:850][  0]LogAudio: Display: Audio Spatialization Plugin: None (built-in).
[2023.02.25-16.00.15:850][  0]LogAudio: Display: Audio Reverb Plugin: None (built-in).
[2023.02.25-16.00.15:850][  0]LogAudio: Display: Audio Occlusion Plugin: None (built-in).
[2023.02.25-16.00.15:850][  0]LogAudioMixer: Display: Initializing audio mixer.
[2023.02.25-16.00.15:859][  0]LogAudioMixer: Display: 0: FrontLeft
[2023.02.25-16.00.15:859][  0]LogAudioMixer: Display: 1: FrontRight
[2023.02.25-16.00.15:918][  0]LogAudioMixer: Display: Using Audio Device Speakers (Realtek(R) Audio)
[2023.02.25-16.00.15:921][  0]LogAudioMixer: Display: Initializing Sound Submixes...
[2023.02.25-16.00.15:923][  0]LogAudioMixer: Display: Creating Master Submix 'MasterSubmixDefault'
[2023.02.25-16.00.15:923][  0]LogAudioMixer: Display: Creating Master Submix 'MasterReverbSubmixDefault'
[2023.02.25-16.00.15:924][  0]LogAudioMixer: Display: Creating Master Submix 'MasterEQSubmixDefault'
[2023.02.25-16.00.15:924][  0]LogAudioMixer: FMixerPlatformXAudio2::StartAudioStream() called
[2023.02.25-16.00.15:924][  0]LogAudioMixer: Display: Output buffers initialized: Frames=1024, Channels=2, Samples=2048
[2023.02.25-16.00.15:924][  0]LogAudioMixer: Display: Starting AudioMixerPlatformInterface::RunInternal()
[2023.02.25-16.00.15:924][  0]LogAudioMixer: Display: FMixerPlatformXAudio2::SubmitBuffer() called for the first time
[2023.02.25-16.00.15:924][  0]LogInit: FAudioDevice initialized.
[2023.02.25-16.00.15:925][  0]LogNetVersion: Set ProjectVersion to 1.0.0.0. Version Checksum will be recalculated on next use.
[2023.02.25-16.00.15:925][  0]LogInit: Texture streaming: Enabled
[2023.02.25-16.00.15:985][  0]LogAudio: Display: Audio Device (ID: 1) registered with world 'Untitled'.
[2023.02.25-16.00.15:985][  0]LogSlate: Updating window title bar state: overlay mode, drag disabled, window buttons hidden, title bar hidden
[2023.02.25-16.00.15:985][  0]LogInit: Display: Game Engine Initialized.
[2023.02.25-16.00.15:985][  0]LogNiagaraEditor: GEditor isn't valid! Particle reset commands will not work for Niagara components!
[2023.02.25-16.00.16:081][  0]LogInit: Display: Starting Game.
[2023.02.25-16.00.16:081][  0]LogNet: Browse: /Game/ThirdPersonBP/Maps/Menu?Name=Player
[2023.02.25-16.00.16:081][  0]LogLoad: LoadMap: /Game/ThirdPersonBP/Maps/Menu?Name=Player
[2023.02.25-16.00.16:081][  0]LogWorld: BeginTearingDown for /Temp/Untitled_0
[2023.02.25-16.00.16:082][  0]LogWorld: UWorld::CleanupWorld for Untitled, bSessionEnded=true, bCleanupResources=true
[2023.02.25-16.00.16:082][  0]LogSlate: InvalidateAllWidgets triggered.  All widgets were invalidated
[2023.02.25-16.00.16:090][  0]LogAudio: Display: Audio Device unregistered from world 'None'.
[2023.02.25-16.00.16:092][  0]LogUObjectHash: Compacting FUObjectHashTables data took   0.69ms
[2023.02.25-16.00.16:587][  0]LogAudio: Display: Audio Device (ID: 1) registered with world 'Menu'.
[2023.02.25-16.00.16:593][  0]LogAIModule: Creating AISystem for world Menu
[2023.02.25-16.00.16:593][  0]LogLoad: Game class is 'NewBlueprint_C'
[2023.02.25-16.00.16:597][  0]LogWorld: Bringing World /Game/ThirdPersonBP/Maps/Menu.Menu up for play (max tick rate 0) at 2023.02.25-17.00.16
[2023.02.25-16.00.16:603][  0]LogWorld: Bringing up level for play took: 0.009385
[2023.02.25-16.00.16:603][  0]LogGameMode: FindPlayerStart: PATHS NOT DEFINED or NO PLAYERSTART with positive rating
[2023.02.25-16.00.16:605][  0]LogLoad: Took 0.523594 seconds to LoadMap(/Game/ThirdPersonBP/Maps/Menu)
[2023.02.25-16.00.16:644][  0]LogSlate: Took 0.000159 seconds to synchronously load lazily loaded font '../../../Engine/Content/Slate/Fonts/Roboto-Regular.ttf' (155K)
[2023.02.25-16.00.16:668][  0]LogRenderer: Reallocating scene render targets to support 1280x720 Format 10 NumSamples 1 (Frame:1).
[2023.02.25-16.00.16:668][  0]LogInit: Display: Engine is initialized. Leaving FEngineLoop::Init()
[2023.02.25-16.00.16:668][  0]LogLoad: (Engine Initialization) Total time: 4.85 seconds
[2023.02.25-16.00.16:668][  0]LogLoad: (Engine Initialization) Total Blueprint compile time: 0.00 seconds
[2023.02.25-16.00.16:670][  0]LogContentStreaming: Texture pool size now 1000 MB
[2023.02.25-16.00.18:445][371]LogPackageName: SearchForPackageOnDisk took   0.084s to resolve level1.umap.
[2023.02.25-16.00.18:529][371]LogPackageName: SearchForPackageOnDisk took   0.084s to resolve level1.umap.
[2023.02.25-16.00.18:529][371]LogNet: Browse: /Game/ThirdPersonBP/Maps/level1
[2023.02.25-16.00.18:529][371]LogLoad: LoadMap: /Game/ThirdPersonBP/Maps/level1
[2023.02.25-16.00.18:529][371]LogWorld: BeginTearingDown for /Game/ThirdPersonBP/Maps/Menu
[2023.02.25-16.00.18:531][371]LogWorld: UWorld::CleanupWorld for Menu, bSessionEnded=true, bCleanupResources=true
[2023.02.25-16.00.18:531][371]LogSlate: InvalidateAllWidgets triggered.  All widgets were invalidated
[2023.02.25-16.00.18:567][371]LogAudio: Display: Waited 36.327297 ms for audio thread.
[2023.02.25-16.00.18:570][371]LogAudio: Display: Audio Device unregistered from world 'None'.
[2023.02.25-16.00.18:583][371]LogUObjectHash: Compacting FUObjectHashTables data took   0.63ms
[2023.02.25-16.00.20:429][371]LogAudio: Display: Audio Device (ID: 1) registered with world 'level1'.
[2023.02.25-16.00.20:430][371]LogAIModule: Creating AISystem for world level1
[2023.02.25-16.00.20:434][371]LogLoad: Game class is 'ThirdPersonGameMode_C'
[2023.02.25-16.00.20:475][371]LogWorld: Bringing World /Game/ThirdPersonBP/Maps/level1.level1 up for play (max tick rate 0) at 2023.02.25-17.00.20
[2023.02.25-16.00.20:621][371]LogWorld: Bringing up level for play took: 0.185427
[2023.02.25-16.00.20:623][371]LogScript: Warning: Script Msg: Divide by zero detected: 0.000000 / 0
Script call stack:
	Function /Game/Enemies/Dummy.Dummy_C:ReceiveBeginPlay
	Function /Game/Enemies/Dummy.Dummy_C:ExecuteUbergraph_Dummy
	Function /Game/Enemies/Dummy.Dummy_C:SetStats
	Function /Game/Enemies/Dummy.Dummy_C:ExecuteUbergraph_Dummy
	Function /Game/Enemies/EnemyHealthBar.EnemyHealthBar_C:SetStats
	Function /Game/Enemies/EnemyHealthBar.EnemyHealthBar_C:ExecuteUbergraph_EnemyHealthBar

[2023.02.25-16.00.20:623][371]LogBlueprintUserMessages: [EnemyHealthBar_C_0] Hello
[2023.02.25-16.00.20:623][371]LogBlueprintUserMessages: [EnemyHealthBar_C_1] Hello
[2023.02.25-16.00.20:623][371]LogViewport: Display: Viewport MouseLockMode Changed, LockOnCapture -> LockAlways
[2023.02.25-16.00.20:623][371]LogViewport: Display: Viewport MouseCaptureMode Changed, CapturePermanently_IncludingInitialMouseDown -> CaptureDuringMouseDown
[2023.02.25-16.00.20:624][371]LogLoad: Took 2.095253 seconds to LoadMap(/Game/ThirdPersonBP/Maps/level1)
[2023.02.25-16.00.20:629][372]LogAudio: Warning: Detected orphaned looping sound 'apeTypeBeat'.
[2023.02.25-16.00.26:779][881]Closing by request
[2023.02.25-16.00.26:779][881]LogWindows: FPlatformMisc::RequestExit(0)
[2023.02.25-16.00.26:779][881]LogWindows: FPlatformMisc::RequestExitWithStatus(0, 0)
[2023.02.25-16.00.26:779][881]LogCore: Engine exit requested (reason: Win RequestExit)
[2023.02.25-16.00.26:783][882]LogCore: Engine exit requested (reason: EngineExit() was called; note: exit was already requested)
[2023.02.25-16.00.26:783][882]LogInit: Display: PreExit Game.
[2023.02.25-16.00.26:844][882]LogWorld: BeginTearingDown for /Game/ThirdPersonBP/Maps/level1
[2023.02.25-16.00.26:845][882]LogWorld: UWorld::CleanupWorld for level1, bSessionEnded=true, bCleanupResources=true
[2023.02.25-16.00.26:847][882]LogSlate: InvalidateAllWidgets triggered.  All widgets were invalidated
[2023.02.25-16.00.27:780][882]LogAudio: Display: Beginning Audio Device Manager Shutdown (Module: AudioMixerXAudio2)...
[2023.02.25-16.00.27:780][882]LogAudio: Display: Destroying 1 Remaining Audio Device(s)...
[2023.02.25-16.00.27:780][882]LogAudio: Display: Audio Device unregistered from world 'level1'.
[2023.02.25-16.00.27:808][882]LogAudioMixer: FMixerPlatformXAudio2::StopAudioStream() called
[2023.02.25-16.00.27:808][882]LogAudioMixer: FMixerPlatformXAudio2::StopAudioStream() called
[2023.02.25-16.00.27:810][882]LogAudio: Display: Audio Device Manager Shutdown
[2023.02.25-16.00.27:818][882]LogSlate: Window 'WuzzyWizardCootsGame (64-bit Development PCD3D_SM5) ' being destroyed
[2023.02.25-16.00.27:818][882]LogWindowsTextInputMethodSystem: Display: IME system deactivated.
[2023.02.25-16.00.27:822][882]LogWindowsTextInputMethodSystem: Display: IME system deactivated.
[2023.02.25-16.00.27:829][882]LogExit: Preparing to exit.
[2023.02.25-16.00.28:478][882]LogUObjectHash: Compacting FUObjectHashTables data took   1.19ms
[2023.02.25-16.00.28:500][882]LogMoviePlayer: Shutting down movie player
[2023.02.25-16.00.28:633][882]LogSlate: Updating window title bar state: overlay mode, drag disabled, window buttons hidden, title bar hidden
[2023.02.25-16.00.28:660][882]LogDemo: Cleaned up 0 splitscreen connections with owner deletion
[2023.02.25-16.00.28:665][882]LogExit: Game engine shut down
[2023.02.25-16.00.28:709][882]LogExit: Object subsystem successfully closed.
[2023.02.25-16.00.28:722][882]LogShaderCompilers: Display: === FShaderJobCache stats ===
[2023.02.25-16.00.28:722][882]LogShaderCompilers: Display: Total job queries 0, among them cache hits 0 (0.00%)
[2023.02.25-16.00.28:722][882]LogShaderCompilers: Display: Tracking 0 distinct input hashes that result in 0 distinct outputs (0.00%)
[2023.02.25-16.00.28:722][882]LogShaderCompilers: Display: RAM used: 0.00 MB (0.00 GB) of 819.20 MB (0.80 GB) budget. Usage: 0.00%
[2023.02.25-16.00.28:722][882]LogShaderCompilers: Display: ================================================
[2023.02.25-16.00.28:734][882]LogShaderCompilers: Display: Shaders left to compile 0
[2023.02.25-16.00.28:749][882]LogModuleManager: Shutting down and abandoning module AnimGraph (560)
[2023.02.25-16.00.28:749][882]LogModuleManager: Shutting down and abandoning module SequenceRecorderSections (558)
[2023.02.25-16.00.28:749][882]LogModuleManager: Shutting down and abandoning module SequenceRecorder (556)
[2023.02.25-16.00.28:749][882]LogModuleManager: Shutting down and abandoning module AutomationController (554)
[2023.02.25-16.00.28:749][882]LogModuleManager: Shutting down and abandoning module AutomationWorker (552)
[2023.02.25-16.00.28:749][882]LogModuleManager: Shutting down and abandoning module Voice (550)
[2023.02.25-16.00.28:749][882]LogModuleManager: Shutting down and abandoning module AIModule (548)
[2023.02.25-16.00.28:749][882]LogModuleManager: Shutting down and abandoning module GameplayDebugger (547)
[2023.02.25-16.00.28:749][882]LogModuleManager: Shutting down and abandoning module AITestSuite (545)
[2023.02.25-16.00.28:749][882]LogModuleManager: Shutting down and abandoning module NavigationSystem (543)
[2023.02.25-16.00.28:749][882]LogModuleManager: Shutting down and abandoning module SteamVREditor (540)
[2023.02.25-16.00.28:749][882]LogModuleManager: Shutting down and abandoning module ToolMenus (539)
[2023.02.25-16.00.28:749][882]LogModuleManager: Shutting down and abandoning module OculusMR (536)
[2023.02.25-16.00.28:749][882]LogModuleManager: Shutting down and abandoning module TakeRecorderSources (534)
[2023.02.25-16.00.28:749][882]LogModuleManager: Shutting down and abandoning module TakeRecorder (533)
[2023.02.25-16.00.28:749][882]LogModuleManager: Shutting down and abandoning module TakeTrackRecorders (530)
[2023.02.25-16.00.28:749][882]LogModuleManager: Shutting down and abandoning module TakesCore (528)
[2023.02.25-16.00.28:749][882]LogModuleManager: Shutting down and abandoning module OpenXRInput (526)
[2023.02.25-16.00.28:749][882]LogModuleManager: Shutting down and abandoning module PlanarCut (524)
[2023.02.25-16.00.28:749][882]LogModuleManager: Shutting down and abandoning module WebMMediaFactory (522)
[2023.02.25-16.00.28:749][882]LogModuleManager: Shutting down and abandoning module WebMMedia (520)
[2023.02.25-16.00.28:749][882]LogModuleManager: Shutting down and abandoning module WmfMediaFactory (518)
[2023.02.25-16.00.28:749][882]LogModuleManager: Shutting down and abandoning module OpenExrWrapper (516)
[2023.02.25-16.00.28:749][882]LogModuleManager: Shutting down and abandoning module ImgMediaFactory (514)
[2023.02.25-16.00.28:749][882]LogModuleManager: Shutting down and abandoning module AvfMediaFactory (512)
[2023.02.25-16.00.28:749][882]LogModuleManager: Shutting down and abandoning module MagicLeapMediaCodecFactory (510)
[2023.02.25-16.00.28:749][882]LogModuleManager: Shutting down and abandoning module MagicLeapMediaFactory (508)
[2023.02.25-16.00.28:749][882]LogModuleManager: Shutting down and abandoning module CharacterAI (506)
[2023.02.25-16.00.28:749][882]LogModuleManager: Shutting down and abandoning module SessionServices (504)
[2023.02.25-16.00.28:749][882]LogModuleManager: Shutting down and abandoning module MovieSceneCapture (502)
[2023.02.25-16.00.28:749][882]LogModuleManager: Shutting down and abandoning module LiveCoding (500)
[2023.02.25-16.00.28:749][882]LogModuleManager: Shutting down and abandoning module LevelSequence (498)
[2023.02.25-16.00.28:749][882]LogModuleManager: Shutting down and abandoning module MovieSceneTracks (496)
[2023.02.25-16.00.28:749][882]LogModuleManager: Shutting down and abandoning module MovieScene (494)
[2023.02.25-16.00.28:749][882]LogModuleManager: Shutting down and abandoning module StreamingPauseRendering (492)
[2023.02.25-16.00.28:749][882]LogModuleManager: Shutting down and abandoning module PortalServices (490)
[2023.02.25-16.00.28:749][882]LogModuleManager: Shutting down and abandoning module PortalRpc (488)
[2023.02.25-16.00.28:749][882]LogModuleManager: Shutting down and abandoning module MessagingRpc (486)
[2023.02.25-16.00.28:749][882]LogModuleManager: Shutting down and abandoning module AudioMixerXAudio2 (484)
[2023.02.25-16.00.28:749][882]LogModuleManager: Shutting down and abandoning module AudioMixerCore (483)
[2023.02.25-16.00.28:749][882]LogModuleManager: Shutting down and abandoning module ImageWriteQueue (480)
[2023.02.25-16.00.28:753][882]LogModuleManager: Shutting down and abandoning module ProfilerService (478)
[2023.02.25-16.00.28:764][882]LogModuleManager: Shutting down and abandoning module TaskGraph (476)
[2023.02.25-16.00.28:764][882]LogModuleManager: Shutting down and abandoning module OculusInput (474)
[2023.02.25-16.00.28:764][882]LogModuleManager: Shutting down and abandoning module Synthesis (472)
[2023.02.25-16.00.28:764][882]LogModuleManager: Shutting down and abandoning module TakeMovieScene (470)
[2023.02.25-16.00.28:764][882]LogModuleManager: Shutting down and abandoning module ProceduralMeshComponent (468)
[2023.02.25-16.00.28:764][882]LogModuleManager: Shutting down and abandoning module MobilePatchingUtils (466)
[2023.02.25-16.00.28:764][882]LogModuleManager: Shutting down and abandoning module CustomMeshComponent (464)
[2023.02.25-16.00.28:764][882]LogModuleManager: Shutting down and abandoning module GooglePAD (462)
[2023.02.25-16.00.28:764][882]LogModuleManager: Shutting down and abandoning module EditableMesh (460)
[2023.02.25-16.00.28:764][882]LogModuleManager: Shutting down and abandoning module AudioCapture (458)
[2023.02.25-16.00.28:764][882]LogModuleManager: Shutting down and abandoning module AudioCaptureRtAudio (457)
[2023.02.25-16.00.28:764][882]LogModuleManager: Shutting down and abandoning module CableComponent (454)
[2023.02.25-16.00.28:764][882]LogModuleManager: Shutting down and abandoning module AssetTags (452)
[2023.02.25-16.00.28:764][882]LogModuleManager: Shutting down and abandoning module ArchVisCharacter (450)
[2023.02.25-16.00.28:764][882]LogModuleManager: Shutting down and abandoning module AppleImageUtilsBlueprintSupport (448)
[2023.02.25-16.00.28:764][882]LogModuleManager: Shutting down and abandoning module AppleImageUtils (446)
[2023.02.25-16.00.28:764][882]LogModuleManager: Shutting down and abandoning module AndroidPermission (444)
[2023.02.25-16.00.28:764][882]LogModuleManager: Shutting down and abandoning module ActorLayerUtilities (442)
[2023.02.25-16.00.28:764][882]LogModuleManager: Shutting down and abandoning module TemplateSequence (440)
[2023.02.25-16.00.28:764][882]LogModuleManager: Shutting down and abandoning module MotoSynth (438)
[2023.02.25-16.00.28:764][882]LogModuleManager: Shutting down and abandoning module OpenImageDenoise (436)
[2023.02.25-16.00.28:764][882]LogOpenImageDenoise: OIDN shutting down
[2023.02.25-16.00.28:764][882]LogModuleManager: Shutting down and abandoning module GeometryCacheTracks (434)
[2023.02.25-16.00.28:764][882]LogModuleManager: Shutting down and abandoning module GeometryCacheSequencer (433)
[2023.02.25-16.00.28:764][882]LogModuleManager: Shutting down and abandoning module GeometryCache (430)
[2023.02.25-16.00.28:764][882]LogModuleManager: Shutting down and abandoning module GeometryCacheEd (429)
[2023.02.25-16.00.28:764][882]LogModuleManager: Shutting down and abandoning module MeshConversion (426)
[2023.02.25-16.00.28:764][882]LogModuleManager: Shutting down and abandoning module DynamicMesh (424)
[2023.02.25-16.00.28:764][882]LogModuleManager: Shutting down and abandoning module GeometryAlgorithms (422)
[2023.02.25-16.00.28:764][882]LogModuleManager: Shutting down and abandoning module GeometricObjects (420)
[2023.02.25-16.00.28:764][882]LogModuleManager: Shutting down and abandoning module GeometryCollectionTracks (418)
[2023.02.25-16.00.28:764][882]LogModuleManager: Shutting down and abandoning module GeometryCollectionSequencer (417)
[2023.02.25-16.00.28:764][882]LogModuleManager: Shutting down and abandoning module MediaCompositing (414)
[2023.02.25-16.00.28:764][882]LogModuleManager: Shutting down and abandoning module ImgMedia (412)
[2023.02.25-16.00.28:764][882]LogModuleManager: Shutting down and abandoning module MagicLeapSharedWorld (410)
[2023.02.25-16.00.28:764][882]LogModuleManager: Shutting down and abandoning module MagicLeapLightEstimation (408)
[2023.02.25-16.00.28:764][882]LogModuleManager: Shutting down and abandoning module MagicLeapHelperVulkan (406)
[2023.02.25-16.00.28:764][882]LogModuleManager: Shutting down and abandoning module MagicLeapHelperOpenGL (404)
[2023.02.25-16.00.28:764][882]LogModuleManager: Shutting down and abandoning module MagicLeapAudio (402)
[2023.02.25-16.00.28:764][882]LogModuleManager: Shutting down and abandoning module ChaosNiagara (400)
[2023.02.25-16.00.28:764][882]LogModuleManager: Shutting down and abandoning module FieldSystemEngine (399)
[2023.02.25-16.00.28:764][882]LogModuleManager: Shutting down and abandoning module BackChannel (396)
[2023.02.25-16.00.28:764][882]LogModuleManager: Shutting down and abandoning module AutomationUtils (394)
[2023.02.25-16.00.28:764][882]LogModuleManager: Shutting down and abandoning module UObjectPlugin (392)
[2023.02.25-16.00.28:764][882]LogModuleManager: Shutting down and abandoning module VisualStudioSourceCodeAccess (390)
[2023.02.25-16.00.28:764][882]LogModuleManager: Shutting down and abandoning module HotReload (389)
[2023.02.25-16.00.28:764][882]LogModuleManager: Shutting down and abandoning module VisualStudioCodeSourceCodeAccess (386)
[2023.02.25-16.00.28:764][882]LogModuleManager: Shutting down and abandoning module SubversionSourceControl (384)
[2023.02.25-16.00.28:765][882]LogModuleManager: Shutting down and abandoning module PerforceSourceControl (382)
[2023.02.25-16.00.28:765][882]LogModuleManager: Shutting down and abandoning module SourceControl (381)
[2023.02.25-16.00.28:765][882]LogModuleManager: Shutting down and abandoning module CLionSourceCodeAccess (378)
[2023.02.25-16.00.28:765][882]LogModuleManager: Shutting down and abandoning module OodleNetworkHandlerComponent (376)
[2023.02.25-16.00.28:765][882]LogModuleManager: Shutting down and abandoning module LiveLinkSequencer (374)
[2023.02.25-16.00.28:765][882]LogModuleManager: Shutting down and abandoning module LiveLinkMovieScene (372)
[2023.02.25-16.00.28:765][882]LogModuleManager: Shutting down and abandoning module LiveLinkGraphNode (370)
[2023.02.25-16.00.28:765][882]LogModuleManager: Shutting down and abandoning module LiveLinkComponents (368)
[2023.02.25-16.00.28:765][882]LogModuleManager: Shutting down and abandoning module LiveLink (366)
[2023.02.25-16.00.29:505][882]LogModuleManager: Shutting down and abandoning module GameplayTagsEditor (364)
[2023.02.25-16.00.29:505][882]LogModuleManager: Shutting down and abandoning module FacialAnimation (362)
[2023.02.25-16.00.29:505][882]LogModuleManager: Shutting down and abandoning module LocationServicesBPLibrary (360)
[2023.02.25-16.00.29:505][882]LogModuleManager: Shutting down and abandoning module SoundFields (358)
[2023.02.25-16.00.29:505][882]LogModuleManager: Shutting down and abandoning module SignificanceManager (356)
[2023.02.25-16.00.29:505][882]LogModuleManager: Shutting down and abandoning module RuntimePhysXCooking (354)
[2023.02.25-16.00.29:505][882]LogModuleManager: Shutting down and abandoning module PropertyAccessEditor (352)
[2023.02.25-16.00.29:505][882]LogModuleManager: Shutting down and abandoning module PhysXVehiclesEditor (350)
[2023.02.25-16.00.29:505][882]LogModuleManager: Shutting down and abandoning module AudioSynesthesia (346)
[2023.02.25-16.00.29:505][882]LogModuleManager: Shutting down and abandoning module AudioSynesthesiaCore (344)
[2023.02.25-16.00.29:505][882]LogModuleManager: Shutting down and abandoning module ActorSequence (342)
[2023.02.25-16.00.29:505][882]LogModuleManager: Shutting down and abandoning module UdpMessaging (340)
[2023.02.25-16.00.29:606][882]LogModuleManager: Shutting down and abandoning module TcpMessaging (338)
[2023.02.25-16.00.29:707][882]LogModuleManager: Shutting down and abandoning module PythonScriptPlugin (336)
[2023.02.25-16.00.29:707][882]LogModuleManager: Shutting down and abandoning module ImgMediaEngine (334)
[2023.02.25-16.00.29:707][882]LogModuleManager: Shutting down and abandoning module MagicLeapARPin (332)
[2023.02.25-16.00.29:707][882]LogModuleManager: Shutting down and abandoning module MagicLeapHandMeshing (330)
[2023.02.25-16.00.29:707][882]LogModuleManager: Shutting down and abandoning module MagicLeapSecureStorage (328)
[2023.02.25-16.00.29:707][882]LogModuleManager: Shutting down and abandoning module MagicLeapPrivileges (326)
[2023.02.25-16.00.29:707][882]LogModuleManager: Shutting down and abandoning module MagicLeapPlanes (324)
[2023.02.25-16.00.29:707][882]LogMagicLeapPlanes: Planes tracker already destroyed.
[2023.02.25-16.00.29:707][882]LogModuleManager: Shutting down and abandoning module MagicLeapImageTracker (322)
[2023.02.25-16.00.29:707][882]LogModuleManager: Shutting down and abandoning module MagicLeapIdentity (320)
[2023.02.25-16.00.29:707][882]LogModuleManager: Shutting down and abandoning module MagicLeapHandTracking (318)
[2023.02.25-16.00.29:707][882]LogModuleManager: Shutting down and abandoning module MagicLeapEyeTracker (316)
[2023.02.25-16.00.29:707][882]LogModuleManager: Shutting down and abandoning module MagicLeapController (314)
[2023.02.25-16.00.29:707][882]LogModuleManager: Shutting down and abandoning module MagicLeapARPinImpl (312)
[2023.02.25-16.00.29:707][882]LogModuleManager: Shutting down and abandoning module MagicLeapAR (310)
[2023.02.25-16.00.29:707][882]LogModuleManager: Shutting down and abandoning module NiagaraAnimNotifies (308)
[2023.02.25-16.00.29:707][882]LogModuleManager: Shutting down and abandoning module Niagara (306)
[2023.02.25-16.00.29:707][882]LogModuleManager: Shutting down and abandoning module SignalProcessing (305)
[2023.02.25-16.00.29:707][882]LogModuleManager: Shutting down and abandoning module NiagaraEditor (303)
[2023.02.25-16.00.29:707][882]LogModuleManager: Shutting down and abandoning module ContentBrowser (302)
[2023.02.25-16.00.29:707][882]LogModuleManager: Shutting down and abandoning module CollectionManager (301)
[2023.02.25-16.00.29:707][882]LogModuleManager: Shutting down and abandoning module DirectoryWatcher (300)
[2023.02.25-16.00.29:707][882]LogModuleManager: Shutting down and abandoning module ContentBrowserData (297)
[2023.02.25-16.00.29:707][882]LogModuleManager: Shutting down and abandoning module NiagaraCore (292)
[2023.02.25-16.00.29:707][882]LogModuleManager: Shutting down and abandoning module AssetManagerEditor (290)
[2023.02.25-16.00.29:707][882]LogModuleManager: Shutting down and abandoning module TreeMap (289)
[2023.02.25-16.00.29:707][882]LogModuleManager: Shutting down and abandoning module PropertyAccessNode (286)
[2023.02.25-16.00.29:707][882]LogModuleManager: Shutting down and abandoning module AnimationSharing (284)
[2023.02.25-16.00.29:707][882]LogModuleManager: Shutting down and abandoning module EnvironmentQueryEditor (282)
[2023.02.25-16.00.29:707][882]LogModuleManager: Shutting down and abandoning module GameplayCameras (280)
[2023.02.25-16.00.29:707][882]LogModuleManager: Shutting down and abandoning module LightPropagationVolumeRuntime (278)
[2023.02.25-16.00.29:707][882]LogModuleManager: Shutting down and abandoning module Paper2D (276)
[2023.02.25-16.00.29:707][882]LogModuleManager: Shutting down and abandoning module WindowsMoviePlayer (274)
[2023.02.25-16.00.29:707][882]LogModuleManager: Shutting down and abandoning module WebMMoviePlayer (272)
[2023.02.25-16.00.29:707][882]LogModuleManager: Shutting down and abandoning module NetworkReplayStreaming (270)
[2023.02.25-16.00.29:707][882]LogModuleManager: Shutting down and abandoning module PacketHandler (268)
[2023.02.25-16.00.29:707][882]LogModuleManager: Shutting down and abandoning module ClothingSystemEditor (266)
[2023.02.25-16.00.29:707][882]LogModuleManager: Shutting down and abandoning module ClothingSystemRuntimeNv (264)
[2023.02.25-16.00.29:707][882]LogModuleManager: Shutting down and abandoning module MediaAssets (262)
[2023.02.25-16.00.29:707][882]LogModuleManager: Shutting down and abandoning module Overlay (260)
[2023.02.25-16.00.29:707][882]LogModuleManager: Shutting down and abandoning module OverlayEditor (259)
[2023.02.25-16.00.29:707][882]LogModuleManager: Shutting down and abandoning module VREditor (256)
[2023.02.25-16.00.29:707][882]LogModuleManager: Shutting down and abandoning module StringTableEditor (254)
[2023.02.25-16.00.29:707][882]LogModuleManager: Shutting down and abandoning module GameplayTasksEditor (252)
[2023.02.25-16.00.29:707][882]LogModuleManager: Shutting down and abandoning module BehaviorTreeEditor (250)
[2023.02.25-16.00.29:707][882]LogModuleManager: Shutting down and abandoning module FunctionalTesting (248)
[2023.02.25-16.00.29:707][882]LogModuleManager: Shutting down and abandoning module CollisionAnalyzer (246)
[2023.02.25-16.00.29:707][882]LogModuleManager: Shutting down and abandoning module WorkspaceMenuStructure (245)
[2023.02.25-16.00.29:707][882]LogModuleManager: Shutting down and abandoning module UMG (242)
[2023.02.25-16.00.29:707][882]LogModuleManager: Shutting down and abandoning module UMGEditor (241)
[2023.02.25-16.00.29:707][882]LogModuleManager: Shutting down and abandoning module Sequencer (240)
[2023.02.25-16.00.29:708][882]LogModuleManager: Shutting down and abandoning module MessageLog (237)
[2023.02.25-16.00.29:708][882]LogModuleManager: Shutting down and abandoning module SlateReflector (232)
[2023.02.25-16.00.29:708][882]LogModuleManager: Shutting down and abandoning module Slate (230)
[2023.02.25-16.00.29:708][882]LogModuleManager: Shutting down and abandoning module SlateCore (228)
[2023.02.25-16.00.29:708][882]LogModuleManager: Shutting down and abandoning module LandscapeEditorUtilities (226)
[2023.02.25-16.00.29:708][882]LogModuleManager: Shutting down and abandoning module UnrealEd (224)
[2023.02.25-16.00.29:708][882]LogModuleManager: Shutting down and abandoning module MRMesh (222)
[2023.02.25-16.00.29:708][882]LogModuleManager: Shutting down and abandoning module Messaging (220)
[2023.02.25-16.00.29:708][882]LogModuleManager: Shutting down and abandoning module SourceCodeAccess (218)
[2023.02.25-16.00.29:708][882]LogModuleManager: Shutting down and abandoning module HeadMountedDisplay (216)
[2023.02.25-16.00.29:708][882]LogModuleManager: Shutting down and abandoning module XAudio2 (214)
[2023.02.25-16.00.29:708][882]LogModuleManager: Shutting down and abandoning module Networking (212)
[2023.02.25-16.00.29:708][882]LogModuleManager: Shutting down and abandoning module Core (210)
[2023.02.25-16.00.29:708][882]LogModuleManager: Shutting down and abandoning module MaterialEditor (208)
[2023.02.25-16.00.29:708][882]LogModuleManager: Shutting down and abandoning module MovieSceneTools (206)
[2023.02.25-16.00.29:708][882]LogModuleManager: Shutting down and abandoning module EditorStyle (205)
[2023.02.25-16.00.29:709][882]LogModuleManager: Shutting down and abandoning module KismetCompiler (202)
[2023.02.25-16.00.29:709][882]LogModuleManager: Shutting down and abandoning module MeshBuilder (200)
[2023.02.25-16.00.29:709][882]LogModuleManager: Shutting down and abandoning module MeshUtilities (198)
[2023.02.25-16.00.29:709][882]LogModuleManager: Shutting down and abandoning module MeshMergeUtilities (197)
[2023.02.25-16.00.29:710][882]LogModuleManager: Shutting down and abandoning module MeshReductionInterface (196)
[2023.02.25-16.00.29:710][882]LogModuleManager: Shutting down and abandoning module MeshBoneReduction (195)
[2023.02.25-16.00.29:710][882]LogModuleManager: Shutting down and abandoning module SkeletalMeshReduction (193)
[2023.02.25-16.00.29:710][882]LogModuleManager: Shutting down and abandoning module ProxyLODMeshReduction (191)
[2023.02.25-16.00.29:710][882]LogModuleManager: Shutting down and abandoning module QuadricMeshReduction (189)
[2023.02.25-16.00.29:710][882]LogModuleManager: Shutting down and abandoning module MaterialBaking (185)
[2023.02.25-16.00.29:710][882]LogModuleManager: Shutting down and abandoning module NullInstallBundleManager (180)
[2023.02.25-16.00.29:710][882]LogModuleManager: Shutting down and abandoning module PIEPreviewDeviceProfileSelector (178)
[2023.02.25-16.00.29:710][882]LogModuleManager: Shutting down and abandoning module DerivedDataCache (176)
[2023.02.25-16.00.29:710][882]LogModuleManager: Shutting down and abandoning module TargetPlatform (174)
[2023.02.25-16.00.29:710][882]LogModuleManager: Shutting down and abandoning module VulkanShaderFormat (173)
[2023.02.25-16.00.29:710][882]LogModuleManager: Shutting down and abandoning module ShaderFormatVectorVM (171)
[2023.02.25-16.00.29:710][882]LogModuleManager: Shutting down and abandoning module ShaderFormatOpenGL (169)
[2023.02.25-16.00.29:710][882]LogModuleManager: Shutting down and abandoning module ShaderFormatD3D (167)
[2023.02.25-16.00.29:710][882]LogModuleManager: Shutting down and abandoning module MetalShaderFormat (165)
[2023.02.25-16.00.29:710][882]LogModuleManager: Shutting down and abandoning module TextureFormatOodle (163)
[2023.02.25-16.00.29:710][882]LogModuleManager: Shutting down and abandoning module TextureFormatUncompressed (161)
[2023.02.25-16.00.29:710][882]LogModuleManager: Shutting down and abandoning module TextureFormatPVR (159)
[2023.02.25-16.00.29:710][882]LogModuleManager: Shutting down and abandoning module TextureFormatETC2 (157)
[2023.02.25-16.00.29:710][882]LogModuleManager: Shutting down and abandoning module TextureFormatDXT (155)
[2023.02.25-16.00.29:710][882]LogModuleManager: Shutting down and abandoning module TextureFormatIntelISPCTexComp (153)
[2023.02.25-16.00.29:710][882]LogModuleManager: Shutting down and abandoning module TextureFormatASTC (151)
[2023.02.25-16.00.29:710][882]LogModuleManager: Shutting down and abandoning module ImageWrapper (150)
[2023.02.25-16.00.29:710][882]LogModuleManager: Shutting down and abandoning module AudioFormatOpus (147)
[2023.02.25-16.00.29:710][882]LogModuleManager: Shutting down and abandoning module AudioFormatOgg (145)
[2023.02.25-16.00.29:710][882]LogModuleManager: Shutting down and abandoning module AudioFormatADPCM (143)
[2023.02.25-16.00.29:710][882]LogModuleManager: Shutting down and abandoning module WindowsServerTargetPlatform (141)
[2023.02.25-16.00.29:710][882]LogModuleManager: Shutting down and abandoning module WindowsClientTargetPlatform (139)
[2023.02.25-16.00.29:710][882]LogModuleManager: Shutting down and abandoning module WindowsTargetPlatform (137)
[2023.02.25-16.00.29:710][882]LogModuleManager: Shutting down and abandoning module WindowsNoEditorTargetPlatform (135)
[2023.02.25-16.00.29:710][882]LogModuleManager: Shutting down and abandoning module D3D11RHI (132)
[2023.02.25-16.00.29:710][882]LogModuleManager: Shutting down and abandoning module InputCore (130)
[2023.02.25-16.00.29:710][882]LogModuleManager: Shutting down and abandoning module Settings (128)
[2023.02.25-16.00.29:710][882]LogModuleManager: Shutting down and abandoning module PhysXCooking (126)
[2023.02.25-16.00.29:710][882]LogModuleManager: Shutting down and abandoning module Chaos (124)
[2023.02.25-16.00.29:710][882]LogModuleManager: Shutting down and abandoning module WindowsPlatformFeatures (122)
[2023.02.25-16.00.29:710][882]LogModuleManager: Shutting down and abandoning module GameplayMediaEncoder (121)
[2023.02.25-16.00.29:710][882]LogModuleManager: Shutting down and abandoning module AVEncoder (120)
[2023.02.25-16.00.29:710][882]LogModuleManager: Shutting down and abandoning module SteamVRInputDevice (116)
[2023.02.25-16.00.29:710][882]LogModuleManager: Shutting down and abandoning module SteamVRInput (114)
[2023.02.25-16.00.29:710][882]LogModuleManager: Shutting down and abandoning module SteamVR (112)
[2023.02.25-16.00.29:710][882]LogHMD: Freeing OpenVRDLLHandle.
[2023.02.25-16.00.29:710][882]LogModuleManager: Shutting down and abandoning module OculusHMD (110)
[2023.02.25-16.00.29:710][882]LogModuleManager: Shutting down and abandoning module OpenXRHandTracking (108)
[2023.02.25-16.00.29:710][882]LogSlate: Slate User Destroyed.  User Index 0, Is Virtual User: 0
[2023.02.25-16.00.29:710][882]LogModuleManager: Shutting down and abandoning module OpenXRAR (106)
[2023.02.25-16.00.29:710][882]LogModuleManager: Shutting down and abandoning module AugmentedReality (105)
[2023.02.25-16.00.29:710][882]LogModuleManager: Shutting down and abandoning module OpenXRHMD (102)
[2023.02.25-16.00.29:710][882]LogModuleManager: Shutting down and abandoning module OpenXREyeTracker (100)
[2023.02.25-16.00.29:710][882]LogModuleManager: Shutting down and abandoning module LauncherChunkInstaller (98)
[2023.02.25-16.00.29:710][882]LogModuleManager: Shutting down and abandoning module ExampleDeviceProfileSelector (96)
[2023.02.25-16.00.29:710][882]LogModuleManager: Shutting down and abandoning module ChunkDownloader (94)
[2023.02.25-16.00.29:710][882]LogModuleManager: Shutting down and abandoning module OnlineBlueprintSupport (92)
[2023.02.25-16.00.29:710][882]LogModuleManager: Shutting down and abandoning module OnlineSubsystem (88)
[2023.02.25-16.00.29:711][882]LogModuleManager: Shutting down and abandoning module XMPP (83)
[2023.02.25-16.00.29:711][882]LogModuleManager: Shutting down and abandoning module WebSockets (82)
[2023.02.25-16.00.29:724][882]LogModuleManager: Shutting down and abandoning module HTTP (79)
[2023.02.25-16.00.29:724][882]LogHttp: Display: cleaning up 0 outstanding Http requests.
[2023.02.25-16.00.29:738][882]LogModuleManager: Shutting down and abandoning module SSL (78)
[2023.02.25-16.00.29:738][882]LogModuleManager: Shutting down and abandoning module WmfMedia (74)
[2023.02.25-16.00.29:739][882]LogModuleManager: Shutting down and abandoning module Media (73)
[2023.02.25-16.00.29:740][882]LogModuleManager: Shutting down and abandoning module MediaInfo (72)
[2023.02.25-16.00.29:740][882]LogModuleManager: Shutting down and abandoning module ExrReaderGpu (68)
[2023.02.25-16.00.29:740][882]LogModuleManager: Shutting down and abandoning module MLSDK (66)
[2023.02.25-16.00.29:740][882]LogModuleManager: Shutting down and abandoning module MagicLeap (64)
[2023.02.25-16.00.29:740][882]LogModuleManager: Shutting down and abandoning module ChaosCloth (62)
[2023.02.25-16.00.29:740][882]LogModuleManager: Shutting down and abandoning module VariantManagerContent (60)
[2023.02.25-16.00.29:740][882]LogModuleManager: Shutting down and abandoning module NiagaraVertexFactories (58)
[2023.02.25-16.00.29:740][882]LogModuleManager: Shutting down and abandoning module NiagaraShader (56)
[2023.02.25-16.00.29:740][882]LogModuleManager: Shutting down and abandoning module DatasmithContent (54)
[2023.02.25-16.00.29:740][882]LogModuleManager: Shutting down and abandoning module PixWinPlugin (52)
[2023.02.25-16.00.29:740][882]LogModuleManager: Shutting down and abandoning module AISupportModule (50)
[2023.02.25-16.00.29:740][882]LogModuleManager: Shutting down and abandoning module DesktopPlatform (48)
[2023.02.25-16.00.29:740][882]LogModuleManager: Shutting down and abandoning module PlatformCryptoOpenSSL (46)
[2023.02.25-16.00.29:740][882]LogModuleManager: Shutting down and abandoning module PlatformCryptoTypes (44)
[2023.02.25-16.00.29:740][882]LogModuleManager: Shutting down and abandoning module PlatformCrypto (42)
[2023.02.25-16.00.29:740][882]LogModuleManager: Shutting down and abandoning module PythonScriptPluginPreload (40)
[2023.02.25-16.00.29:740][882]LogModuleManager: Shutting down and abandoning module OodleDataCompressionFormat (38)
[2023.02.25-16.00.29:740][882]LogModuleManager: Shutting down and abandoning module XGEController (36)
[2023.02.25-16.00.29:740][882]LogModuleManager: Shutting down and abandoning module AnimationModifiers (34)
[2023.02.25-16.00.29:740][882]LogModuleManager: Shutting down and abandoning module AudioEditor (32)
[2023.02.25-16.00.29:740][882]LogModuleManager: Shutting down and abandoning module PropertyEditor (31)
[2023.02.25-16.00.29:740][882]LogModuleManager: Shutting down and abandoning module TextureCompressor (28)
[2023.02.25-16.00.29:740][882]LogModuleManager: Shutting down and abandoning module RenderCore (26)
[2023.02.25-16.00.29:740][882]LogModuleManager: Shutting down and abandoning module Landscape (24)
[2023.02.25-16.00.29:740][882]LogModuleManager: Shutting down and abandoning module SlateRHIRenderer (22)
[2023.02.25-16.00.29:740][882]LogModuleManager: Shutting down and abandoning module AnimGraphRuntime (20)
[2023.02.25-16.00.29:740][882]LogModuleManager: Shutting down and abandoning module Renderer (18)
[2023.02.25-16.00.29:741][882]LogModuleManager: Shutting down and abandoning module Engine (16)
[2023.02.25-16.00.29:741][882]LogModuleManager: Shutting down and abandoning module CoreUObject (14)
[2023.02.25-16.00.29:741][882]LogModuleManager: Shutting down and abandoning module NetworkFile (12)
[2023.02.25-16.00.29:741][882]LogModuleManager: Shutting down and abandoning module CookedIterativeFile (10)
[2023.02.25-16.00.29:741][882]LogModuleManager: Shutting down and abandoning module StreamingFile (8)
[2023.02.25-16.00.29:741][882]LogModuleManager: Shutting down and abandoning module SandboxFile (6)
[2023.02.25-16.00.29:741][882]LogModuleManager: Shutting down and abandoning module PakFile (4)
[2023.02.25-16.00.29:741][882]LogModuleManager: Shutting down and abandoning module RSA (3)
[2023.02.25-16.00.29:963][882]LogContentStreaming: Display: There are 1 unreleased StreamingManagers
[2023.02.25-16.00.29:973][882]LogD3D11RHI: Shutdown
[2023.02.25-16.00.29:973][882]LogD3D11RHI: CleanupD3DDevice
[2023.02.25-16.00.29:974][882]LogExit: Exiting.
[2023.02.25-16.00.29:978][882]Log file closed, 02/25/23 17:00:29
